[0.009s] Invoking command in '/home/lakshay/Walt/Sem7/IRob/Project/TurtleBot/build/turtlebot4_gz_bringup': AMENT_PREFIX_PATH=/home/lakshay/Walt/Sem7/IRob/Project/TurtleBot/install/turtlebot4_gz_toolbox:/home/lakshay/Walt/Sem7/IRob/Project/TurtleBot/install/turtlebot4_gz_gui_plugins:${AMENT_PREFIX_PATH} CMAKE_PREFIX_PATH=/home/lakshay/Walt/Sem7/IRob/Project/TurtleBot/install/turtlebot4_gz_toolbox:/home/lakshay/Walt/Sem7/IRob/Project/TurtleBot/install/turtlebot4_gz_gui_plugins:/home/lakshay/Walt/Sem7/IRob/Project/TurtleBot/install/turtlebot4_desktop:/home/lakshay/Walt/Sem7/IRob/Project/TurtleBot/install/turtlebot4_viz:/opt/ros/jazzy/opt/gz_sim_vendor:/opt/ros/jazzy/opt/gz_sensors_vendor:/opt/ros/jazzy/opt/gz_physics_vendor:/opt/ros/jazzy/opt/sdformat_vendor:/opt/ros/jazzy/opt/gz_gui_vendor:/opt/ros/jazzy/opt/gz_transport_vendor:/opt/ros/jazzy/opt/gz_rendering_vendor:/opt/ros/jazzy/opt/gz_plugin_vendor:/opt/ros/jazzy/opt/gz_fuel_tools_vendor:/opt/ros/jazzy/opt/gz_msgs_vendor:/opt/ros/jazzy/opt/gz_common_vendor:/opt/ros/jazzy/opt/gz_math_vendor:/opt/ros/jazzy/opt/gz_utils_vendor:/opt/ros/jazzy/opt/gz_tools_vendor:/opt/ros/jazzy/opt/gz_ogre_next_vendor:/opt/ros/jazzy/opt/gz_dartsim_vendor:/opt/ros/jazzy/opt/gz_cmake_vendor:/home/lakshay/Walt/Sem7/IRob/Project/Feedback_Controller/install/fc:/opt/ros/jazzy DEBUGINFOD_URLS=https://debuginfod.ubuntu.com /usr/bin/cmake /home/lakshay/Walt/Sem7/IRob/Project/TurtleBot/src/turtlebot4_simulator/turtlebot4_gz_bringup -DAMENT_CMAKE_SYMLINK_INSTALL=1 -DCMAKE_INSTALL_PREFIX=/home/lakshay/Walt/Sem7/IRob/Project/TurtleBot/install/turtlebot4_gz_bringup
[0.065s] -- The C compiler identification is GNU 13.3.0
[0.112s] -- The CXX compiler identification is GNU 13.3.0
[0.127s] -- Detecting C compiler ABI info
[0.210s] -- Detecting C compiler ABI info - done
[0.217s] -- Check for working C compiler: /usr/bin/cc - skipped
[0.217s] -- Detecting C compile features
[0.217s] -- Detecting C compile features - done
[0.226s] -- Detecting CXX compiler ABI info
[0.316s] -- Detecting CXX compiler ABI info - done
[0.324s] -- Check for working CXX compiler: /usr/bin/c++ - skipped
[0.324s] -- Detecting CXX compile features
[0.324s] -- Detecting CXX compile features - done
[0.329s] -- Found ament_cmake: 2.5.2 (/opt/ros/jazzy/share/ament_cmake/cmake)
[0.464s] -- Found Python3: /usr/bin/python3 (found version "3.12.3") found components: Interpreter 
[0.521s] -- Override CMake install command with custom implementation using symlinks instead of copying resources
[0.578s] -- Found ros_gz_interfaces: 1.0.7 (/opt/ros/jazzy/share/ros_gz_interfaces/cmake)
[0.631s] -- Found rosidl_generator_c: 4.6.4 (/opt/ros/jazzy/share/rosidl_generator_c/cmake)
[0.649s] -- Found rosidl_generator_cpp: 4.6.4 (/opt/ros/jazzy/share/rosidl_generator_cpp/cmake)
[0.668s] -- Using all available rosidl_typesupport_c: rosidl_typesupport_fastrtps_c;rosidl_typesupport_introspection_c
[0.689s] -- Using all available rosidl_typesupport_cpp: rosidl_typesupport_fastrtps_cpp;rosidl_typesupport_introspection_cpp
[0.803s] -- Found ament_lint_auto: 0.17.1 (/opt/ros/jazzy/share/ament_lint_auto/cmake)
[0.908s] -- Added test 'copyright' to check source files copyright and LICENSE
[0.912s] -- Added test 'flake8' to check Python code syntax and style conventions
[0.912s] -- Configured 'flake8' exclude dirs and/or files: 
[0.913s] -- Added test 'lint_cmake' to check CMake code style
[0.913s] -- Added test 'pep257' to check Python code against some of the docstring style conventions in PEP 257
[0.915s] -- Added test 'xmllint' to check XML markup files
[0.917s] -- Configuring done (0.9s)
[0.921s] -- Generating done (0.0s)
[0.923s] -- Build files have been written to: /home/lakshay/Walt/Sem7/IRob/Project/TurtleBot/build/turtlebot4_gz_bringup
[0.930s] Invoked command in '/home/lakshay/Walt/Sem7/IRob/Project/TurtleBot/build/turtlebot4_gz_bringup' returned '0': AMENT_PREFIX_PATH=/home/lakshay/Walt/Sem7/IRob/Project/TurtleBot/install/turtlebot4_gz_toolbox:/home/lakshay/Walt/Sem7/IRob/Project/TurtleBot/install/turtlebot4_gz_gui_plugins:${AMENT_PREFIX_PATH} CMAKE_PREFIX_PATH=/home/lakshay/Walt/Sem7/IRob/Project/TurtleBot/install/turtlebot4_gz_toolbox:/home/lakshay/Walt/Sem7/IRob/Project/TurtleBot/install/turtlebot4_gz_gui_plugins:/home/lakshay/Walt/Sem7/IRob/Project/TurtleBot/install/turtlebot4_desktop:/home/lakshay/Walt/Sem7/IRob/Project/TurtleBot/install/turtlebot4_viz:/opt/ros/jazzy/opt/gz_sim_vendor:/opt/ros/jazzy/opt/gz_sensors_vendor:/opt/ros/jazzy/opt/gz_physics_vendor:/opt/ros/jazzy/opt/sdformat_vendor:/opt/ros/jazzy/opt/gz_gui_vendor:/opt/ros/jazzy/opt/gz_transport_vendor:/opt/ros/jazzy/opt/gz_rendering_vendor:/opt/ros/jazzy/opt/gz_plugin_vendor:/opt/ros/jazzy/opt/gz_fuel_tools_vendor:/opt/ros/jazzy/opt/gz_msgs_vendor:/opt/ros/jazzy/opt/gz_common_vendor:/opt/ros/jazzy/opt/gz_math_vendor:/opt/ros/jazzy/opt/gz_utils_vendor:/opt/ros/jazzy/opt/gz_tools_vendor:/opt/ros/jazzy/opt/gz_ogre_next_vendor:/opt/ros/jazzy/opt/gz_dartsim_vendor:/opt/ros/jazzy/opt/gz_cmake_vendor:/home/lakshay/Walt/Sem7/IRob/Project/Feedback_Controller/install/fc:/opt/ros/jazzy DEBUGINFOD_URLS=https://debuginfod.ubuntu.com /usr/bin/cmake /home/lakshay/Walt/Sem7/IRob/Project/TurtleBot/src/turtlebot4_simulator/turtlebot4_gz_bringup -DAMENT_CMAKE_SYMLINK_INSTALL=1 -DCMAKE_INSTALL_PREFIX=/home/lakshay/Walt/Sem7/IRob/Project/TurtleBot/install/turtlebot4_gz_bringup
[0.931s] Invoking command in '/home/lakshay/Walt/Sem7/IRob/Project/TurtleBot/build/turtlebot4_gz_bringup': AMENT_PREFIX_PATH=/home/lakshay/Walt/Sem7/IRob/Project/TurtleBot/install/turtlebot4_gz_toolbox:/home/lakshay/Walt/Sem7/IRob/Project/TurtleBot/install/turtlebot4_gz_gui_plugins:${AMENT_PREFIX_PATH} CMAKE_PREFIX_PATH=/home/lakshay/Walt/Sem7/IRob/Project/TurtleBot/install/turtlebot4_gz_toolbox:/home/lakshay/Walt/Sem7/IRob/Project/TurtleBot/install/turtlebot4_gz_gui_plugins:/home/lakshay/Walt/Sem7/IRob/Project/TurtleBot/install/turtlebot4_desktop:/home/lakshay/Walt/Sem7/IRob/Project/TurtleBot/install/turtlebot4_viz:/opt/ros/jazzy/opt/gz_sim_vendor:/opt/ros/jazzy/opt/gz_sensors_vendor:/opt/ros/jazzy/opt/gz_physics_vendor:/opt/ros/jazzy/opt/sdformat_vendor:/opt/ros/jazzy/opt/gz_gui_vendor:/opt/ros/jazzy/opt/gz_transport_vendor:/opt/ros/jazzy/opt/gz_rendering_vendor:/opt/ros/jazzy/opt/gz_plugin_vendor:/opt/ros/jazzy/opt/gz_fuel_tools_vendor:/opt/ros/jazzy/opt/gz_msgs_vendor:/opt/ros/jazzy/opt/gz_common_vendor:/opt/ros/jazzy/opt/gz_math_vendor:/opt/ros/jazzy/opt/gz_utils_vendor:/opt/ros/jazzy/opt/gz_tools_vendor:/opt/ros/jazzy/opt/gz_ogre_next_vendor:/opt/ros/jazzy/opt/gz_dartsim_vendor:/opt/ros/jazzy/opt/gz_cmake_vendor:/home/lakshay/Walt/Sem7/IRob/Project/Feedback_Controller/install/fc:/opt/ros/jazzy DEBUGINFOD_URLS=https://debuginfod.ubuntu.com /usr/bin/cmake --build /home/lakshay/Walt/Sem7/IRob/Project/TurtleBot/build/turtlebot4_gz_bringup -- -j16 -l16
[0.973s] Invoked command in '/home/lakshay/Walt/Sem7/IRob/Project/TurtleBot/build/turtlebot4_gz_bringup' returned '0': AMENT_PREFIX_PATH=/home/lakshay/Walt/Sem7/IRob/Project/TurtleBot/install/turtlebot4_gz_toolbox:/home/lakshay/Walt/Sem7/IRob/Project/TurtleBot/install/turtlebot4_gz_gui_plugins:${AMENT_PREFIX_PATH} CMAKE_PREFIX_PATH=/home/lakshay/Walt/Sem7/IRob/Project/TurtleBot/install/turtlebot4_gz_toolbox:/home/lakshay/Walt/Sem7/IRob/Project/TurtleBot/install/turtlebot4_gz_gui_plugins:/home/lakshay/Walt/Sem7/IRob/Project/TurtleBot/install/turtlebot4_desktop:/home/lakshay/Walt/Sem7/IRob/Project/TurtleBot/install/turtlebot4_viz:/opt/ros/jazzy/opt/gz_sim_vendor:/opt/ros/jazzy/opt/gz_sensors_vendor:/opt/ros/jazzy/opt/gz_physics_vendor:/opt/ros/jazzy/opt/sdformat_vendor:/opt/ros/jazzy/opt/gz_gui_vendor:/opt/ros/jazzy/opt/gz_transport_vendor:/opt/ros/jazzy/opt/gz_rendering_vendor:/opt/ros/jazzy/opt/gz_plugin_vendor:/opt/ros/jazzy/opt/gz_fuel_tools_vendor:/opt/ros/jazzy/opt/gz_msgs_vendor:/opt/ros/jazzy/opt/gz_common_vendor:/opt/ros/jazzy/opt/gz_math_vendor:/opt/ros/jazzy/opt/gz_utils_vendor:/opt/ros/jazzy/opt/gz_tools_vendor:/opt/ros/jazzy/opt/gz_ogre_next_vendor:/opt/ros/jazzy/opt/gz_dartsim_vendor:/opt/ros/jazzy/opt/gz_cmake_vendor:/home/lakshay/Walt/Sem7/IRob/Project/Feedback_Controller/install/fc:/opt/ros/jazzy DEBUGINFOD_URLS=https://debuginfod.ubuntu.com /usr/bin/cmake --build /home/lakshay/Walt/Sem7/IRob/Project/TurtleBot/build/turtlebot4_gz_bringup -- -j16 -l16
[0.974s] Invoking command in '/home/lakshay/Walt/Sem7/IRob/Project/TurtleBot/build/turtlebot4_gz_bringup': AMENT_PREFIX_PATH=/home/lakshay/Walt/Sem7/IRob/Project/TurtleBot/install/turtlebot4_gz_toolbox:/home/lakshay/Walt/Sem7/IRob/Project/TurtleBot/install/turtlebot4_gz_gui_plugins:${AMENT_PREFIX_PATH} CMAKE_PREFIX_PATH=/home/lakshay/Walt/Sem7/IRob/Project/TurtleBot/install/turtlebot4_gz_toolbox:/home/lakshay/Walt/Sem7/IRob/Project/TurtleBot/install/turtlebot4_gz_gui_plugins:/home/lakshay/Walt/Sem7/IRob/Project/TurtleBot/install/turtlebot4_desktop:/home/lakshay/Walt/Sem7/IRob/Project/TurtleBot/install/turtlebot4_viz:/opt/ros/jazzy/opt/gz_sim_vendor:/opt/ros/jazzy/opt/gz_sensors_vendor:/opt/ros/jazzy/opt/gz_physics_vendor:/opt/ros/jazzy/opt/sdformat_vendor:/opt/ros/jazzy/opt/gz_gui_vendor:/opt/ros/jazzy/opt/gz_transport_vendor:/opt/ros/jazzy/opt/gz_rendering_vendor:/opt/ros/jazzy/opt/gz_plugin_vendor:/opt/ros/jazzy/opt/gz_fuel_tools_vendor:/opt/ros/jazzy/opt/gz_msgs_vendor:/opt/ros/jazzy/opt/gz_common_vendor:/opt/ros/jazzy/opt/gz_math_vendor:/opt/ros/jazzy/opt/gz_utils_vendor:/opt/ros/jazzy/opt/gz_tools_vendor:/opt/ros/jazzy/opt/gz_ogre_next_vendor:/opt/ros/jazzy/opt/gz_dartsim_vendor:/opt/ros/jazzy/opt/gz_cmake_vendor:/home/lakshay/Walt/Sem7/IRob/Project/Feedback_Controller/install/fc:/opt/ros/jazzy DEBUGINFOD_URLS=https://debuginfod.ubuntu.com /usr/bin/cmake --install /home/lakshay/Walt/Sem7/IRob/Project/TurtleBot/build/turtlebot4_gz_bringup
[0.981s] -- Install configuration: ""
[0.982s] -- Execute custom install script
[0.982s] -- Symlinking: /home/lakshay/Walt/Sem7/IRob/Project/TurtleBot/install/turtlebot4_gz_bringup/share/turtlebot4_gz_bringup/config/turtlebot4_node.yaml
[0.991s] -- Symlinking: /home/lakshay/Walt/Sem7/IRob/Project/TurtleBot/install/turtlebot4_gz_bringup/share/turtlebot4_gz_bringup/gui/lite/gui.config
[0.999s] -- Symlinking: /home/lakshay/Walt/Sem7/IRob/Project/TurtleBot/install/turtlebot4_gz_bringup/share/turtlebot4_gz_bringup/gui/standard/gui.config
[1.008s] -- Symlinking: /home/lakshay/Walt/Sem7/IRob/Project/TurtleBot/install/turtlebot4_gz_bringup/share/turtlebot4_gz_bringup/launch/ros_gz_bridge.launch.py
[1.016s] -- Symlinking: /home/lakshay/Walt/Sem7/IRob/Project/TurtleBot/install/turtlebot4_gz_bringup/share/turtlebot4_gz_bringup/launch/sim.launch.py
[1.025s] -- Symlinking: /home/lakshay/Walt/Sem7/IRob/Project/TurtleBot/install/turtlebot4_gz_bringup/share/turtlebot4_gz_bringup/launch/turtlebot4_gz.launch.py
[1.033s] -- Symlinking: /home/lakshay/Walt/Sem7/IRob/Project/TurtleBot/install/turtlebot4_gz_bringup/share/turtlebot4_gz_bringup/launch/turtlebot4_nodes.launch.py
[1.045s] -- Symlinking: /home/lakshay/Walt/Sem7/IRob/Project/TurtleBot/install/turtlebot4_gz_bringup/share/turtlebot4_gz_bringup/launch/turtlebot4_spawn.launch.py
[1.054s] -- Symlinking: /home/lakshay/Walt/Sem7/IRob/Project/TurtleBot/install/turtlebot4_gz_bringup/share/turtlebot4_gz_bringup/worlds/depot.sdf
[1.063s] -- Symlinking: /home/lakshay/Walt/Sem7/IRob/Project/TurtleBot/install/turtlebot4_gz_bringup/share/turtlebot4_gz_bringup/worlds/maze.sdf
[1.071s] -- Symlinking: /home/lakshay/Walt/Sem7/IRob/Project/TurtleBot/install/turtlebot4_gz_bringup/share/turtlebot4_gz_bringup/worlds/warehouse.sdf
[1.079s] -- Symlinking: /home/lakshay/Walt/Sem7/IRob/Project/TurtleBot/install/turtlebot4_gz_bringup/share/ament_index/resource_index/package_run_dependencies/turtlebot4_gz_bringup
[1.088s] -- Symlinking: /home/lakshay/Walt/Sem7/IRob/Project/TurtleBot/install/turtlebot4_gz_bringup/share/ament_index/resource_index/parent_prefix_path/turtlebot4_gz_bringup
[1.096s] -- Symlinking: /home/lakshay/Walt/Sem7/IRob/Project/TurtleBot/install/turtlebot4_gz_bringup/share/turtlebot4_gz_bringup/environment/ament_prefix_path.sh
[1.105s] -- Symlinking: /home/lakshay/Walt/Sem7/IRob/Project/TurtleBot/install/turtlebot4_gz_bringup/share/turtlebot4_gz_bringup/environment/ament_prefix_path.dsv
[1.113s] -- Symlinking: /home/lakshay/Walt/Sem7/IRob/Project/TurtleBot/install/turtlebot4_gz_bringup/share/turtlebot4_gz_bringup/environment/path.sh
[1.121s] -- Symlinking: /home/lakshay/Walt/Sem7/IRob/Project/TurtleBot/install/turtlebot4_gz_bringup/share/turtlebot4_gz_bringup/environment/path.dsv
[1.130s] -- Symlinking: /home/lakshay/Walt/Sem7/IRob/Project/TurtleBot/install/turtlebot4_gz_bringup/share/turtlebot4_gz_bringup/local_setup.bash
[1.142s] -- Symlinking: /home/lakshay/Walt/Sem7/IRob/Project/TurtleBot/install/turtlebot4_gz_bringup/share/turtlebot4_gz_bringup/local_setup.sh
[1.152s] -- Symlinking: /home/lakshay/Walt/Sem7/IRob/Project/TurtleBot/install/turtlebot4_gz_bringup/share/turtlebot4_gz_bringup/local_setup.zsh
[1.161s] -- Symlinking: /home/lakshay/Walt/Sem7/IRob/Project/TurtleBot/install/turtlebot4_gz_bringup/share/turtlebot4_gz_bringup/local_setup.dsv
[1.169s] -- Symlinking: /home/lakshay/Walt/Sem7/IRob/Project/TurtleBot/install/turtlebot4_gz_bringup/share/turtlebot4_gz_bringup/package.dsv
[1.178s] -- Symlinking: /home/lakshay/Walt/Sem7/IRob/Project/TurtleBot/install/turtlebot4_gz_bringup/share/ament_index/resource_index/packages/turtlebot4_gz_bringup
[1.186s] -- Symlinking: /home/lakshay/Walt/Sem7/IRob/Project/TurtleBot/install/turtlebot4_gz_bringup/share/turtlebot4_gz_bringup/cmake/turtlebot4_gz_bringupConfig.cmake
[1.195s] -- Symlinking: /home/lakshay/Walt/Sem7/IRob/Project/TurtleBot/install/turtlebot4_gz_bringup/share/turtlebot4_gz_bringup/cmake/turtlebot4_gz_bringupConfig-version.cmake
[1.203s] -- Symlinking: /home/lakshay/Walt/Sem7/IRob/Project/TurtleBot/install/turtlebot4_gz_bringup/share/turtlebot4_gz_bringup/package.xml
[1.214s] Invoked command in '/home/lakshay/Walt/Sem7/IRob/Project/TurtleBot/build/turtlebot4_gz_bringup' returned '0': AMENT_PREFIX_PATH=/home/lakshay/Walt/Sem7/IRob/Project/TurtleBot/install/turtlebot4_gz_toolbox:/home/lakshay/Walt/Sem7/IRob/Project/TurtleBot/install/turtlebot4_gz_gui_plugins:${AMENT_PREFIX_PATH} CMAKE_PREFIX_PATH=/home/lakshay/Walt/Sem7/IRob/Project/TurtleBot/install/turtlebot4_gz_toolbox:/home/lakshay/Walt/Sem7/IRob/Project/TurtleBot/install/turtlebot4_gz_gui_plugins:/home/lakshay/Walt/Sem7/IRob/Project/TurtleBot/install/turtlebot4_desktop:/home/lakshay/Walt/Sem7/IRob/Project/TurtleBot/install/turtlebot4_viz:/opt/ros/jazzy/opt/gz_sim_vendor:/opt/ros/jazzy/opt/gz_sensors_vendor:/opt/ros/jazzy/opt/gz_physics_vendor:/opt/ros/jazzy/opt/sdformat_vendor:/opt/ros/jazzy/opt/gz_gui_vendor:/opt/ros/jazzy/opt/gz_transport_vendor:/opt/ros/jazzy/opt/gz_rendering_vendor:/opt/ros/jazzy/opt/gz_plugin_vendor:/opt/ros/jazzy/opt/gz_fuel_tools_vendor:/opt/ros/jazzy/opt/gz_msgs_vendor:/opt/ros/jazzy/opt/gz_common_vendor:/opt/ros/jazzy/opt/gz_math_vendor:/opt/ros/jazzy/opt/gz_utils_vendor:/opt/ros/jazzy/opt/gz_tools_vendor:/opt/ros/jazzy/opt/gz_ogre_next_vendor:/opt/ros/jazzy/opt/gz_dartsim_vendor:/opt/ros/jazzy/opt/gz_cmake_vendor:/home/lakshay/Walt/Sem7/IRob/Project/Feedback_Controller/install/fc:/opt/ros/jazzy DEBUGINFOD_URLS=https://debuginfod.ubuntu.com /usr/bin/cmake --install /home/lakshay/Walt/Sem7/IRob/Project/TurtleBot/build/turtlebot4_gz_bringup
