[0.015s] Invoking command in '/home/lakshay/Walt/Sem7/IRob/Project/TurtleBot/build/turtlebot4_gz_gui_plugins': CMAKE_PREFIX_PATH=${CMAKE_PREFIX_PATH}:/home/lakshay/Walt/Sem7/IRob/Project/Feedback_Controller/install/fc:/opt/ros/jazzy DEBUGINFOD_URLS=https://debuginfod.ubuntu.com /usr/bin/cmake /home/lakshay/Walt/Sem7/IRob/Project/TurtleBot/src/turtlebot4_simulator/turtlebot4_gz_gui_plugins -DCMAKE_INSTALL_PREFIX=/home/lakshay/Walt/Sem7/IRob/Project/TurtleBot/install/turtlebot4_gz_gui_plugins
[0.028s] -- Found ament_cmake: 2.5.2 (/opt/ros/jazzy/share/ament_cmake/cmake)
[0.196s] -- Override CMake install command with custom implementation using symlinks instead of copying resources
[0.202s] -- Found gz_gui_vendor: 0.0.4 (/opt/ros/jazzy/share/gz_gui_vendor/cmake)
[0.209s] -- Looking for gz-gui8 -- found version 8.3.0
[0.213s] -- Searching for dependencies of gz-gui8
[0.238s] -- Checking for module 'tinyxml2'
[0.252s] --   Found tinyxml2, version 10.0.0
[0.281s] -- Looking for gz-utils2 -- found version 2.2.0
[0.281s] -- Searching for dependencies of gz-utils2
[0.282s] -- Looking for gz-math7 -- found version 7.5.1
[0.282s] -- Searching for dependencies of gz-math7
[0.282s] -- Looking for gz-utils2 -- found version 2.2.0
[0.283s] -- Looking for gz-common5 -- found version 5.7.0
[0.283s] -- Searching for dependencies of gz-common5
[0.283s] -- Looking for gz-utils2 -- found version 2.2.0
[0.283s] -- Looking for dlfcn.h - found
[0.283s] -- Looking for libdl - found
[0.288s] -- Checking for module 'uuid'
[0.303s] --   Found uuid, version 2.39.3
[0.334s] -- Searching for <gz-common5> component [profiler]
[0.335s] -- Looking for gz-common5-profiler -- found version 5.7.0
[0.335s] -- Searching for dependencies of gz-common5-profiler
[0.335s] -- Looking for gz-plugin2 -- found version 2.0.3
[0.335s] -- Searching for dependencies of gz-plugin2
[0.336s] -- Looking for gz-utils2 -- found version 2.2.0
[0.336s] -- Searching for dependencies of gz-utils2
[0.336s] -- Searching for <gz-utils2> component [cli]
[0.336s] -- Looking for gz-utils2-cli -- found version 2.2.0
[0.336s] -- Searching for dependencies of gz-utils2-cli
[0.337s] -- Searching for <gz-plugin2> component [loader]
[0.337s] -- Looking for gz-plugin2-loader -- found version 2.0.3
[0.337s] -- Searching for dependencies of gz-plugin2-loader
[0.338s] -- Searching for <gz-plugin2> component [register]
[0.338s] -- Looking for gz-plugin2-register -- found version 2.0.3
[0.338s] -- Searching for dependencies of gz-plugin2-register
[0.339s] -- Looking for gz-transport13 -- found version 13.4.0
[0.339s] -- Searching for dependencies of gz-transport13
[0.373s] -- Config-file not installed for ZeroMQ -- checking for pkg-config
[0.377s] -- Checking for module 'libzmq >= 4'
[0.391s] --   Found libzmq, version 4.3.5
[0.438s] -- Looking for gz-utils2 -- found version 2.2.0
[0.438s] -- Looking for gz-msgs10 -- found version 10.3.1
[0.438s] -- Searching for dependencies of gz-msgs10
[0.460s] -- Looking for gz-utils2 -- found version 2.2.0
[0.460s] -- Looking for gz-math7 -- found version 7.5.1
[0.576s] -- Looking for gz-rendering8 -- found version 8.2.1
[0.576s] -- Searching for dependencies of gz-rendering8
[0.576s] -- Looking for gz-math7 -- found version 7.5.1
[0.577s] -- Searching for dependencies of gz-math7
[0.577s] -- Looking for gz-utils2 -- found version 2.2.0
[0.577s] -- Searching for <gz-math7> component [eigen3]
[0.577s] -- Looking for gz-math7-eigen3 -- found version 7.5.1
[0.577s] -- Searching for dependencies of gz-math7-eigen3
[0.579s] -- Looking for gz-common5 -- found version 5.7.0
[0.579s] -- Searching for dependencies of gz-common5
[0.579s] -- Looking for gz-utils2 -- found version 2.2.0
[0.579s] -- Looking for dlfcn.h - found
[0.579s] -- Looking for libdl - found
[0.585s] -- Searching for <gz-common5> component [graphics]
[0.586s] -- Looking for gz-common5-graphics -- found version 5.7.0
[0.586s] -- Searching for dependencies of gz-common5-graphics
[0.586s] -- Looking for gz-math7 -- found version 7.5.1
[0.588s] -- Searching for <gz-common5> component [events]
[0.588s] -- Looking for gz-common5-events -- found version 5.7.0
[0.588s] -- Searching for dependencies of gz-common5-events
[0.589s] -- Looking for gz-math7 -- found version 7.5.1
[0.589s] -- Searching for <gz-common5> component [geospatial]
[0.589s] -- Looking for gz-common5-geospatial -- found version 5.7.0
[0.589s] -- Searching for dependencies of gz-common5-geospatial
[0.590s] -- Looking for gz-math7 -- found version 7.5.1
[0.590s] -- Looking for gz-common5 -- found version 5.7.0
[0.591s] -- Looking for gz-plugin2 -- found version 2.0.3
[0.591s] -- Searching for dependencies of gz-plugin2
[0.591s] -- Looking for gz-utils2 -- found version 2.2.0
[0.591s] -- Searching for <gz-plugin2> component [all]
[0.591s] -- Looking for all libraries of gz-plugin2 -- found version 2.0.3
[0.592s] -- Looking for gz-plugin2 -- found version 2.0.3
[0.592s] -- Looking for gz-utils2 -- found version 2.2.0
[0.595s] -- Looking for gz-msgs10 -- found version 10.3.1
[0.616s] -- Found ament_lint_auto: 0.17.1 (/opt/ros/jazzy/share/ament_lint_auto/cmake)
[0.691s] -- Looking for gz-gui8 -- found version 8.3.0
[0.691s] -- Looking for gz-common5 -- found version 5.7.0
[0.696s] -- Added test 'cppcheck' to perform static code analysis on C / C++ code
[0.696s] -- Configured cppcheck include dirs: 
[0.696s] -- Configured cppcheck exclude dirs and/or files: 
[0.697s] -- Added test 'cpplint' to check C / C++ code against the Google style
[0.697s] -- Configured cpplint exclude dirs and/or files: 
[0.697s] -- Added test 'lint_cmake' to check CMake code style
[0.697s] -- Added test 'xmllint' to check XML markup files
[0.698s] -- Configuring done (0.7s)
[0.716s] -- Generating done (0.0s)
[0.719s] -- Build files have been written to: /home/lakshay/Walt/Sem7/IRob/Project/TurtleBot/build/turtlebot4_gz_gui_plugins
[0.732s] Invoked command in '/home/lakshay/Walt/Sem7/IRob/Project/TurtleBot/build/turtlebot4_gz_gui_plugins' returned '0': CMAKE_PREFIX_PATH=${CMAKE_PREFIX_PATH}:/home/lakshay/Walt/Sem7/IRob/Project/Feedback_Controller/install/fc:/opt/ros/jazzy DEBUGINFOD_URLS=https://debuginfod.ubuntu.com /usr/bin/cmake /home/lakshay/Walt/Sem7/IRob/Project/TurtleBot/src/turtlebot4_simulator/turtlebot4_gz_gui_plugins -DCMAKE_INSTALL_PREFIX=/home/lakshay/Walt/Sem7/IRob/Project/TurtleBot/install/turtlebot4_gz_gui_plugins
[0.733s] Invoking command in '/home/lakshay/Walt/Sem7/IRob/Project/TurtleBot/build/turtlebot4_gz_gui_plugins': CMAKE_PREFIX_PATH=${CMAKE_PREFIX_PATH}:/home/lakshay/Walt/Sem7/IRob/Project/Feedback_Controller/install/fc:/opt/ros/jazzy DEBUGINFOD_URLS=https://debuginfod.ubuntu.com /usr/bin/cmake --build /home/lakshay/Walt/Sem7/IRob/Project/TurtleBot/build/turtlebot4_gz_gui_plugins -- -j16 -l16
[0.785s] [  0%] Built target Turtlebot4Hmi_autogen_timestamp_deps
[0.819s] [ 14%] Built target Turtlebot4Hmi_autogen
[0.857s] [100%] Built target Turtlebot4Hmi
[0.867s] Invoked command in '/home/lakshay/Walt/Sem7/IRob/Project/TurtleBot/build/turtlebot4_gz_gui_plugins' returned '0': CMAKE_PREFIX_PATH=${CMAKE_PREFIX_PATH}:/home/lakshay/Walt/Sem7/IRob/Project/Feedback_Controller/install/fc:/opt/ros/jazzy DEBUGINFOD_URLS=https://debuginfod.ubuntu.com /usr/bin/cmake --build /home/lakshay/Walt/Sem7/IRob/Project/TurtleBot/build/turtlebot4_gz_gui_plugins -- -j16 -l16
[0.868s] Invoking command in '/home/lakshay/Walt/Sem7/IRob/Project/TurtleBot/build/turtlebot4_gz_gui_plugins': CMAKE_PREFIX_PATH=${CMAKE_PREFIX_PATH}:/home/lakshay/Walt/Sem7/IRob/Project/Feedback_Controller/install/fc:/opt/ros/jazzy DEBUGINFOD_URLS=https://debuginfod.ubuntu.com /usr/bin/cmake --install /home/lakshay/Walt/Sem7/IRob/Project/TurtleBot/build/turtlebot4_gz_gui_plugins
[0.875s] -- Install configuration: ""
[0.876s] -- Execute custom install script
[0.876s] -- Up-to-date symlink: /home/lakshay/Walt/Sem7/IRob/Project/TurtleBot/install/turtlebot4_gz_gui_plugins/share/turtlebot4_gz_gui_plugins/lib/libTurtlebot4Hmi.so
[0.876s] -- Up-to-date symlink: /home/lakshay/Walt/Sem7/IRob/Project/TurtleBot/install/turtlebot4_gz_gui_plugins/share/ament_index/resource_index/package_run_dependencies/turtlebot4_gz_gui_plugins
[0.876s] -- Up-to-date symlink: /home/lakshay/Walt/Sem7/IRob/Project/TurtleBot/install/turtlebot4_gz_gui_plugins/share/ament_index/resource_index/parent_prefix_path/turtlebot4_gz_gui_plugins
[0.876s] -- Up-to-date symlink: /home/lakshay/Walt/Sem7/IRob/Project/TurtleBot/install/turtlebot4_gz_gui_plugins/share/turtlebot4_gz_gui_plugins/environment/ament_prefix_path.sh
[0.877s] -- Up-to-date symlink: /home/lakshay/Walt/Sem7/IRob/Project/TurtleBot/install/turtlebot4_gz_gui_plugins/share/turtlebot4_gz_gui_plugins/environment/ament_prefix_path.dsv
[0.877s] -- Up-to-date symlink: /home/lakshay/Walt/Sem7/IRob/Project/TurtleBot/install/turtlebot4_gz_gui_plugins/share/turtlebot4_gz_gui_plugins/environment/path.sh
[0.877s] -- Up-to-date symlink: /home/lakshay/Walt/Sem7/IRob/Project/TurtleBot/install/turtlebot4_gz_gui_plugins/share/turtlebot4_gz_gui_plugins/environment/path.dsv
[0.877s] -- Up-to-date symlink: /home/lakshay/Walt/Sem7/IRob/Project/TurtleBot/install/turtlebot4_gz_gui_plugins/share/turtlebot4_gz_gui_plugins/local_setup.bash
[0.877s] -- Up-to-date symlink: /home/lakshay/Walt/Sem7/IRob/Project/TurtleBot/install/turtlebot4_gz_gui_plugins/share/turtlebot4_gz_gui_plugins/local_setup.sh
[0.877s] -- Up-to-date symlink: /home/lakshay/Walt/Sem7/IRob/Project/TurtleBot/install/turtlebot4_gz_gui_plugins/share/turtlebot4_gz_gui_plugins/local_setup.zsh
[0.877s] -- Up-to-date symlink: /home/lakshay/Walt/Sem7/IRob/Project/TurtleBot/install/turtlebot4_gz_gui_plugins/share/turtlebot4_gz_gui_plugins/local_setup.dsv
[0.877s] -- Symlinking: /home/lakshay/Walt/Sem7/IRob/Project/TurtleBot/install/turtlebot4_gz_gui_plugins/share/turtlebot4_gz_gui_plugins/package.dsv
[0.886s] -- Up-to-date symlink: /home/lakshay/Walt/Sem7/IRob/Project/TurtleBot/install/turtlebot4_gz_gui_plugins/share/ament_index/resource_index/packages/turtlebot4_gz_gui_plugins
[0.886s] -- Up-to-date symlink: /home/lakshay/Walt/Sem7/IRob/Project/TurtleBot/install/turtlebot4_gz_gui_plugins/share/turtlebot4_gz_gui_plugins/cmake/turtlebot4_gz_gui_pluginsConfig.cmake
[0.886s] -- Up-to-date symlink: /home/lakshay/Walt/Sem7/IRob/Project/TurtleBot/install/turtlebot4_gz_gui_plugins/share/turtlebot4_gz_gui_plugins/cmake/turtlebot4_gz_gui_pluginsConfig-version.cmake
[0.887s] -- Up-to-date symlink: /home/lakshay/Walt/Sem7/IRob/Project/TurtleBot/install/turtlebot4_gz_gui_plugins/share/turtlebot4_gz_gui_plugins/package.xml
[0.888s] Invoked command in '/home/lakshay/Walt/Sem7/IRob/Project/TurtleBot/build/turtlebot4_gz_gui_plugins' returned '0': CMAKE_PREFIX_PATH=${CMAKE_PREFIX_PATH}:/home/lakshay/Walt/Sem7/IRob/Project/Feedback_Controller/install/fc:/opt/ros/jazzy DEBUGINFOD_URLS=https://debuginfod.ubuntu.com /usr/bin/cmake --install /home/lakshay/Walt/Sem7/IRob/Project/TurtleBot/build/turtlebot4_gz_gui_plugins
