[0.094s] DEBUG:colcon:Command line arguments: ['/usr/bin/colcon', 'build']
[0.094s] DEBUG:colcon:Parsed command line arguments: Namespace(log_base=None, log_level=None, verb_name='build', build_base='build', install_base='install', merge_install=False, symlink_install=False, test_result_base=None, continue_on_error=False, executor='parallel', parallel_workers=16, event_handlers=None, ignore_user_meta=False, metas=['./colcon.meta'], base_paths=['.'], packages_ignore=None, packages_ignore_regex=None, paths=None, packages_up_to=None, packages_up_to_regex=None, packages_above=None, packages_above_and_dependencies=None, packages_above_depth=None, packages_select_by_dep=None, packages_skip_by_dep=None, packages_skip_up_to=None, packages_select_build_failed=False, packages_skip_build_finished=False, packages_select_test_failures=False, packages_skip_test_passed=False, packages_select=None, packages_skip=None, packages_select_regex=None, packages_skip_regex=None, packages_start=None, packages_end=None, cmake_args=None, cmake_target=None, cmake_target_skip_unavailable=False, cmake_clean_cache=False, cmake_clean_first=False, cmake_force_configure=False, ament_cmake_args=None, catkin_cmake_args=None, catkin_skip_building_tests=False, verb_parser=<colcon_defaults.argument_parser.defaults.DefaultArgumentsDecorator object at 0x73e20e906720>, verb_extension=<colcon_core.verb.build.BuildVerb object at 0x73e20eaa5c70>, main=<bound method BuildVerb.main of <colcon_core.verb.build.BuildVerb object at 0x73e20eaa5c70>>)
[0.130s] Level 1:colcon.colcon_core.package_discovery:discover_packages(colcon_meta) check parameters
[0.130s] Level 1:colcon.colcon_core.package_discovery:discover_packages(recursive) check parameters
[0.130s] Level 1:colcon.colcon_core.package_discovery:discover_packages(ignore) check parameters
[0.130s] Level 1:colcon.colcon_core.package_discovery:discover_packages(path) check parameters
[0.130s] Level 1:colcon.colcon_core.package_discovery:discover_packages(colcon_meta) discover
[0.130s] Level 1:colcon.colcon_core.package_discovery:discover_packages(recursive) discover
[0.130s] INFO:colcon.colcon_core.package_discovery:Crawling recursively for packages in '/home/lakshay/Walt/Sem7/IRob/Project/TurtleBot'
[0.130s] Level 1:colcon.colcon_core.package_identification:_identify(.) by extensions ['ignore', 'ignore_ament_install']
[0.130s] Level 1:colcon.colcon_core.package_identification:_identify(.) by extension 'ignore'
[0.130s] Level 1:colcon.colcon_core.package_identification:_identify(.) by extension 'ignore_ament_install'
[0.130s] Level 1:colcon.colcon_core.package_identification:_identify(.) by extensions ['colcon_pkg']
[0.130s] Level 1:colcon.colcon_core.package_identification:_identify(.) by extension 'colcon_pkg'
[0.130s] Level 1:colcon.colcon_core.package_identification:_identify(.) by extensions ['colcon_meta']
[0.130s] Level 1:colcon.colcon_core.package_identification:_identify(.) by extension 'colcon_meta'
[0.130s] Level 1:colcon.colcon_core.package_identification:_identify(.) by extensions ['ros']
[0.130s] Level 1:colcon.colcon_core.package_identification:_identify(.) by extension 'ros'
[0.152s] Level 1:colcon.colcon_core.package_identification:_identify(.) by extensions ['cmake', 'python']
[0.152s] Level 1:colcon.colcon_core.package_identification:_identify(.) by extension 'cmake'
[0.152s] Level 1:colcon.colcon_core.package_identification:_identify(.) by extension 'python'
[0.152s] Level 1:colcon.colcon_core.package_identification:_identify(.) by extensions ['python_setup_py']
[0.152s] Level 1:colcon.colcon_core.package_identification:_identify(.) by extension 'python_setup_py'
[0.152s] Level 1:colcon.colcon_core.package_identification:_identify(build) by extensions ['ignore', 'ignore_ament_install']
[0.152s] Level 1:colcon.colcon_core.package_identification:_identify(build) by extension 'ignore'
[0.152s] Level 1:colcon.colcon_core.package_identification:_identify(build) ignored
[0.152s] Level 1:colcon.colcon_core.package_identification:_identify(install) by extensions ['ignore', 'ignore_ament_install']
[0.153s] Level 1:colcon.colcon_core.package_identification:_identify(install) by extension 'ignore'
[0.153s] Level 1:colcon.colcon_core.package_identification:_identify(install) ignored
[0.153s] Level 1:colcon.colcon_core.package_identification:_identify(log) by extensions ['ignore', 'ignore_ament_install']
[0.153s] Level 1:colcon.colcon_core.package_identification:_identify(log) by extension 'ignore'
[0.153s] Level 1:colcon.colcon_core.package_identification:_identify(log) ignored
[0.153s] Level 1:colcon.colcon_core.package_identification:_identify(src) by extensions ['ignore', 'ignore_ament_install']
[0.153s] Level 1:colcon.colcon_core.package_identification:_identify(src) by extension 'ignore'
[0.153s] Level 1:colcon.colcon_core.package_identification:_identify(src) by extension 'ignore_ament_install'
[0.153s] Level 1:colcon.colcon_core.package_identification:_identify(src) by extensions ['colcon_pkg']
[0.153s] Level 1:colcon.colcon_core.package_identification:_identify(src) by extension 'colcon_pkg'
[0.153s] Level 1:colcon.colcon_core.package_identification:_identify(src) by extensions ['colcon_meta']
[0.153s] Level 1:colcon.colcon_core.package_identification:_identify(src) by extension 'colcon_meta'
[0.153s] Level 1:colcon.colcon_core.package_identification:_identify(src) by extensions ['ros']
[0.153s] Level 1:colcon.colcon_core.package_identification:_identify(src) by extension 'ros'
[0.153s] Level 1:colcon.colcon_core.package_identification:_identify(src) by extensions ['cmake', 'python']
[0.153s] Level 1:colcon.colcon_core.package_identification:_identify(src) by extension 'cmake'
[0.153s] Level 1:colcon.colcon_core.package_identification:_identify(src) by extension 'python'
[0.153s] Level 1:colcon.colcon_core.package_identification:_identify(src) by extensions ['python_setup_py']
[0.153s] Level 1:colcon.colcon_core.package_identification:_identify(src) by extension 'python_setup_py'
[0.153s] Level 1:colcon.colcon_core.package_identification:_identify(src/turtlebot4_simulator) by extensions ['ignore', 'ignore_ament_install']
[0.153s] Level 1:colcon.colcon_core.package_identification:_identify(src/turtlebot4_simulator) by extension 'ignore'
[0.153s] Level 1:colcon.colcon_core.package_identification:_identify(src/turtlebot4_simulator) by extension 'ignore_ament_install'
[0.153s] Level 1:colcon.colcon_core.package_identification:_identify(src/turtlebot4_simulator) by extensions ['colcon_pkg']
[0.154s] Level 1:colcon.colcon_core.package_identification:_identify(src/turtlebot4_simulator) by extension 'colcon_pkg'
[0.154s] Level 1:colcon.colcon_core.package_identification:_identify(src/turtlebot4_simulator) by extensions ['colcon_meta']
[0.154s] Level 1:colcon.colcon_core.package_identification:_identify(src/turtlebot4_simulator) by extension 'colcon_meta'
[0.154s] Level 1:colcon.colcon_core.package_identification:_identify(src/turtlebot4_simulator) by extensions ['ros']
[0.154s] Level 1:colcon.colcon_core.package_identification:_identify(src/turtlebot4_simulator) by extension 'ros'
[0.154s] Level 1:colcon.colcon_core.package_identification:_identify(src/turtlebot4_simulator) by extensions ['cmake', 'python']
[0.154s] Level 1:colcon.colcon_core.package_identification:_identify(src/turtlebot4_simulator) by extension 'cmake'
[0.154s] Level 1:colcon.colcon_core.package_identification:_identify(src/turtlebot4_simulator) by extension 'python'
[0.154s] Level 1:colcon.colcon_core.package_identification:_identify(src/turtlebot4_simulator) by extensions ['python_setup_py']
[0.154s] Level 1:colcon.colcon_core.package_identification:_identify(src/turtlebot4_simulator) by extension 'python_setup_py'
[0.154s] Level 1:colcon.colcon_core.package_identification:_identify(src/turtlebot4_simulator/turtlebot4_gz_bringup) by extensions ['ignore', 'ignore_ament_install']
[0.154s] Level 1:colcon.colcon_core.package_identification:_identify(src/turtlebot4_simulator/turtlebot4_gz_bringup) by extension 'ignore'
[0.154s] Level 1:colcon.colcon_core.package_identification:_identify(src/turtlebot4_simulator/turtlebot4_gz_bringup) by extension 'ignore_ament_install'
[0.154s] Level 1:colcon.colcon_core.package_identification:_identify(src/turtlebot4_simulator/turtlebot4_gz_bringup) by extensions ['colcon_pkg']
[0.154s] Level 1:colcon.colcon_core.package_identification:_identify(src/turtlebot4_simulator/turtlebot4_gz_bringup) by extension 'colcon_pkg'
[0.154s] Level 1:colcon.colcon_core.package_identification:_identify(src/turtlebot4_simulator/turtlebot4_gz_bringup) by extensions ['colcon_meta']
[0.154s] Level 1:colcon.colcon_core.package_identification:_identify(src/turtlebot4_simulator/turtlebot4_gz_bringup) by extension 'colcon_meta'
[0.154s] Level 1:colcon.colcon_core.package_identification:_identify(src/turtlebot4_simulator/turtlebot4_gz_bringup) by extensions ['ros']
[0.154s] Level 1:colcon.colcon_core.package_identification:_identify(src/turtlebot4_simulator/turtlebot4_gz_bringup) by extension 'ros'
[0.159s] DEBUG:colcon.colcon_core.package_identification:Package 'src/turtlebot4_simulator/turtlebot4_gz_bringup' with type 'ros.ament_cmake' and name 'turtlebot4_gz_bringup'
[0.159s] Level 1:colcon.colcon_core.package_identification:_identify(src/turtlebot4_simulator/turtlebot4_gz_gui_plugins) by extensions ['ignore', 'ignore_ament_install']
[0.159s] Level 1:colcon.colcon_core.package_identification:_identify(src/turtlebot4_simulator/turtlebot4_gz_gui_plugins) by extension 'ignore'
[0.160s] Level 1:colcon.colcon_core.package_identification:_identify(src/turtlebot4_simulator/turtlebot4_gz_gui_plugins) by extension 'ignore_ament_install'
[0.160s] Level 1:colcon.colcon_core.package_identification:_identify(src/turtlebot4_simulator/turtlebot4_gz_gui_plugins) by extensions ['colcon_pkg']
[0.160s] Level 1:colcon.colcon_core.package_identification:_identify(src/turtlebot4_simulator/turtlebot4_gz_gui_plugins) by extension 'colcon_pkg'
[0.160s] Level 1:colcon.colcon_core.package_identification:_identify(src/turtlebot4_simulator/turtlebot4_gz_gui_plugins) by extensions ['colcon_meta']
[0.160s] Level 1:colcon.colcon_core.package_identification:_identify(src/turtlebot4_simulator/turtlebot4_gz_gui_plugins) by extension 'colcon_meta'
[0.160s] Level 1:colcon.colcon_core.package_identification:_identify(src/turtlebot4_simulator/turtlebot4_gz_gui_plugins) by extensions ['ros']
[0.160s] Level 1:colcon.colcon_core.package_identification:_identify(src/turtlebot4_simulator/turtlebot4_gz_gui_plugins) by extension 'ros'
[0.160s] DEBUG:colcon.colcon_core.package_identification:Package 'src/turtlebot4_simulator/turtlebot4_gz_gui_plugins' with type 'ros.ament_cmake' and name 'turtlebot4_gz_gui_plugins'
[0.160s] Level 1:colcon.colcon_core.package_identification:_identify(src/turtlebot4_simulator/turtlebot4_gz_toolbox) by extensions ['ignore', 'ignore_ament_install']
[0.160s] Level 1:colcon.colcon_core.package_identification:_identify(src/turtlebot4_simulator/turtlebot4_gz_toolbox) by extension 'ignore'
[0.161s] Level 1:colcon.colcon_core.package_identification:_identify(src/turtlebot4_simulator/turtlebot4_gz_toolbox) by extension 'ignore_ament_install'
[0.161s] Level 1:colcon.colcon_core.package_identification:_identify(src/turtlebot4_simulator/turtlebot4_gz_toolbox) by extensions ['colcon_pkg']
[0.161s] Level 1:colcon.colcon_core.package_identification:_identify(src/turtlebot4_simulator/turtlebot4_gz_toolbox) by extension 'colcon_pkg'
[0.161s] Level 1:colcon.colcon_core.package_identification:_identify(src/turtlebot4_simulator/turtlebot4_gz_toolbox) by extensions ['colcon_meta']
[0.161s] Level 1:colcon.colcon_core.package_identification:_identify(src/turtlebot4_simulator/turtlebot4_gz_toolbox) by extension 'colcon_meta'
[0.161s] Level 1:colcon.colcon_core.package_identification:_identify(src/turtlebot4_simulator/turtlebot4_gz_toolbox) by extensions ['ros']
[0.161s] Level 1:colcon.colcon_core.package_identification:_identify(src/turtlebot4_simulator/turtlebot4_gz_toolbox) by extension 'ros'
[0.161s] DEBUG:colcon.colcon_core.package_identification:Package 'src/turtlebot4_simulator/turtlebot4_gz_toolbox' with type 'ros.ament_cmake' and name 'turtlebot4_gz_toolbox'
[0.161s] Level 1:colcon.colcon_core.package_identification:_identify(src/turtlebot4_simulator/turtlebot4_simulator) by extensions ['ignore', 'ignore_ament_install']
[0.161s] Level 1:colcon.colcon_core.package_identification:_identify(src/turtlebot4_simulator/turtlebot4_simulator) by extension 'ignore'
[0.161s] Level 1:colcon.colcon_core.package_identification:_identify(src/turtlebot4_simulator/turtlebot4_simulator) by extension 'ignore_ament_install'
[0.162s] Level 1:colcon.colcon_core.package_identification:_identify(src/turtlebot4_simulator/turtlebot4_simulator) by extensions ['colcon_pkg']
[0.162s] Level 1:colcon.colcon_core.package_identification:_identify(src/turtlebot4_simulator/turtlebot4_simulator) by extension 'colcon_pkg'
[0.162s] Level 1:colcon.colcon_core.package_identification:_identify(src/turtlebot4_simulator/turtlebot4_simulator) by extensions ['colcon_meta']
[0.162s] Level 1:colcon.colcon_core.package_identification:_identify(src/turtlebot4_simulator/turtlebot4_simulator) by extension 'colcon_meta'
[0.162s] Level 1:colcon.colcon_core.package_identification:_identify(src/turtlebot4_simulator/turtlebot4_simulator) by extensions ['ros']
[0.162s] Level 1:colcon.colcon_core.package_identification:_identify(src/turtlebot4_simulator/turtlebot4_simulator) by extension 'ros'
[0.162s] DEBUG:colcon.colcon_core.package_identification:Package 'src/turtlebot4_simulator/turtlebot4_simulator' with type 'ros.ament_cmake' and name 'turtlebot4_simulator'
[0.162s] Level 1:colcon.colcon_core.package_discovery:discover_packages(recursive) using defaults
[0.162s] Level 1:colcon.colcon_core.package_discovery:discover_packages(ignore) discover
[0.162s] Level 1:colcon.colcon_core.package_discovery:discover_packages(ignore) using defaults
[0.162s] Level 1:colcon.colcon_core.package_discovery:discover_packages(path) discover
[0.162s] Level 1:colcon.colcon_core.package_discovery:discover_packages(path) using defaults
[0.178s] Level 5:colcon.colcon_core.verb:set package 'turtlebot4_gz_gui_plugins' build argument 'cmake_args' from command line to 'None'
[0.178s] Level 5:colcon.colcon_core.verb:set package 'turtlebot4_gz_gui_plugins' build argument 'cmake_target' from command line to 'None'
[0.178s] Level 5:colcon.colcon_core.verb:set package 'turtlebot4_gz_gui_plugins' build argument 'cmake_target_skip_unavailable' from command line to 'False'
[0.178s] Level 5:colcon.colcon_core.verb:set package 'turtlebot4_gz_gui_plugins' build argument 'cmake_clean_cache' from command line to 'False'
[0.178s] Level 5:colcon.colcon_core.verb:set package 'turtlebot4_gz_gui_plugins' build argument 'cmake_clean_first' from command line to 'False'
[0.178s] Level 5:colcon.colcon_core.verb:set package 'turtlebot4_gz_gui_plugins' build argument 'cmake_force_configure' from command line to 'False'
[0.178s] Level 5:colcon.colcon_core.verb:set package 'turtlebot4_gz_gui_plugins' build argument 'ament_cmake_args' from command line to 'None'
[0.178s] Level 5:colcon.colcon_core.verb:set package 'turtlebot4_gz_gui_plugins' build argument 'catkin_cmake_args' from command line to 'None'
[0.178s] Level 5:colcon.colcon_core.verb:set package 'turtlebot4_gz_gui_plugins' build argument 'catkin_skip_building_tests' from command line to 'False'
[0.178s] DEBUG:colcon.colcon_core.verb:Building package 'turtlebot4_gz_gui_plugins' with the following arguments: {'ament_cmake_args': None, 'build_base': '/home/lakshay/Walt/Sem7/IRob/Project/TurtleBot/build/turtlebot4_gz_gui_plugins', 'catkin_cmake_args': None, 'catkin_skip_building_tests': False, 'cmake_args': None, 'cmake_clean_cache': False, 'cmake_clean_first': False, 'cmake_force_configure': False, 'cmake_target': None, 'cmake_target_skip_unavailable': False, 'install_base': '/home/lakshay/Walt/Sem7/IRob/Project/TurtleBot/install/turtlebot4_gz_gui_plugins', 'merge_install': False, 'path': '/home/lakshay/Walt/Sem7/IRob/Project/TurtleBot/src/turtlebot4_simulator/turtlebot4_gz_gui_plugins', 'symlink_install': False, 'test_result_base': None}
[0.178s] Level 5:colcon.colcon_core.verb:set package 'turtlebot4_gz_toolbox' build argument 'cmake_args' from command line to 'None'
[0.178s] Level 5:colcon.colcon_core.verb:set package 'turtlebot4_gz_toolbox' build argument 'cmake_target' from command line to 'None'
[0.178s] Level 5:colcon.colcon_core.verb:set package 'turtlebot4_gz_toolbox' build argument 'cmake_target_skip_unavailable' from command line to 'False'
[0.178s] Level 5:colcon.colcon_core.verb:set package 'turtlebot4_gz_toolbox' build argument 'cmake_clean_cache' from command line to 'False'
[0.178s] Level 5:colcon.colcon_core.verb:set package 'turtlebot4_gz_toolbox' build argument 'cmake_clean_first' from command line to 'False'
[0.178s] Level 5:colcon.colcon_core.verb:set package 'turtlebot4_gz_toolbox' build argument 'cmake_force_configure' from command line to 'False'
[0.178s] Level 5:colcon.colcon_core.verb:set package 'turtlebot4_gz_toolbox' build argument 'ament_cmake_args' from command line to 'None'
[0.178s] Level 5:colcon.colcon_core.verb:set package 'turtlebot4_gz_toolbox' build argument 'catkin_cmake_args' from command line to 'None'
[0.178s] Level 5:colcon.colcon_core.verb:set package 'turtlebot4_gz_toolbox' build argument 'catkin_skip_building_tests' from command line to 'False'
[0.178s] DEBUG:colcon.colcon_core.verb:Building package 'turtlebot4_gz_toolbox' with the following arguments: {'ament_cmake_args': None, 'build_base': '/home/lakshay/Walt/Sem7/IRob/Project/TurtleBot/build/turtlebot4_gz_toolbox', 'catkin_cmake_args': None, 'catkin_skip_building_tests': False, 'cmake_args': None, 'cmake_clean_cache': False, 'cmake_clean_first': False, 'cmake_force_configure': False, 'cmake_target': None, 'cmake_target_skip_unavailable': False, 'install_base': '/home/lakshay/Walt/Sem7/IRob/Project/TurtleBot/install/turtlebot4_gz_toolbox', 'merge_install': False, 'path': '/home/lakshay/Walt/Sem7/IRob/Project/TurtleBot/src/turtlebot4_simulator/turtlebot4_gz_toolbox', 'symlink_install': False, 'test_result_base': None}
[0.178s] Level 5:colcon.colcon_core.verb:set package 'turtlebot4_gz_bringup' build argument 'cmake_args' from command line to 'None'
[0.178s] Level 5:colcon.colcon_core.verb:set package 'turtlebot4_gz_bringup' build argument 'cmake_target' from command line to 'None'
[0.178s] Level 5:colcon.colcon_core.verb:set package 'turtlebot4_gz_bringup' build argument 'cmake_target_skip_unavailable' from command line to 'False'
[0.178s] Level 5:colcon.colcon_core.verb:set package 'turtlebot4_gz_bringup' build argument 'cmake_clean_cache' from command line to 'False'
[0.178s] Level 5:colcon.colcon_core.verb:set package 'turtlebot4_gz_bringup' build argument 'cmake_clean_first' from command line to 'False'
[0.178s] Level 5:colcon.colcon_core.verb:set package 'turtlebot4_gz_bringup' build argument 'cmake_force_configure' from command line to 'False'
[0.178s] Level 5:colcon.colcon_core.verb:set package 'turtlebot4_gz_bringup' build argument 'ament_cmake_args' from command line to 'None'
[0.178s] Level 5:colcon.colcon_core.verb:set package 'turtlebot4_gz_bringup' build argument 'catkin_cmake_args' from command line to 'None'
[0.178s] Level 5:colcon.colcon_core.verb:set package 'turtlebot4_gz_bringup' build argument 'catkin_skip_building_tests' from command line to 'False'
[0.179s] DEBUG:colcon.colcon_core.verb:Building package 'turtlebot4_gz_bringup' with the following arguments: {'ament_cmake_args': None, 'build_base': '/home/lakshay/Walt/Sem7/IRob/Project/TurtleBot/build/turtlebot4_gz_bringup', 'catkin_cmake_args': None, 'catkin_skip_building_tests': False, 'cmake_args': None, 'cmake_clean_cache': False, 'cmake_clean_first': False, 'cmake_force_configure': False, 'cmake_target': None, 'cmake_target_skip_unavailable': False, 'install_base': '/home/lakshay/Walt/Sem7/IRob/Project/TurtleBot/install/turtlebot4_gz_bringup', 'merge_install': False, 'path': '/home/lakshay/Walt/Sem7/IRob/Project/TurtleBot/src/turtlebot4_simulator/turtlebot4_gz_bringup', 'symlink_install': False, 'test_result_base': None}
[0.179s] Level 5:colcon.colcon_core.verb:set package 'turtlebot4_simulator' build argument 'cmake_args' from command line to 'None'
[0.179s] Level 5:colcon.colcon_core.verb:set package 'turtlebot4_simulator' build argument 'cmake_target' from command line to 'None'
[0.179s] Level 5:colcon.colcon_core.verb:set package 'turtlebot4_simulator' build argument 'cmake_target_skip_unavailable' from command line to 'False'
[0.179s] Level 5:colcon.colcon_core.verb:set package 'turtlebot4_simulator' build argument 'cmake_clean_cache' from command line to 'False'
[0.179s] Level 5:colcon.colcon_core.verb:set package 'turtlebot4_simulator' build argument 'cmake_clean_first' from command line to 'False'
[0.179s] Level 5:colcon.colcon_core.verb:set package 'turtlebot4_simulator' build argument 'cmake_force_configure' from command line to 'False'
[0.179s] Level 5:colcon.colcon_core.verb:set package 'turtlebot4_simulator' build argument 'ament_cmake_args' from command line to 'None'
[0.179s] Level 5:colcon.colcon_core.verb:set package 'turtlebot4_simulator' build argument 'catkin_cmake_args' from command line to 'None'
[0.179s] Level 5:colcon.colcon_core.verb:set package 'turtlebot4_simulator' build argument 'catkin_skip_building_tests' from command line to 'False'
[0.179s] DEBUG:colcon.colcon_core.verb:Building package 'turtlebot4_simulator' with the following arguments: {'ament_cmake_args': None, 'build_base': '/home/lakshay/Walt/Sem7/IRob/Project/TurtleBot/build/turtlebot4_simulator', 'catkin_cmake_args': None, 'catkin_skip_building_tests': False, 'cmake_args': None, 'cmake_clean_cache': False, 'cmake_clean_first': False, 'cmake_force_configure': False, 'cmake_target': None, 'cmake_target_skip_unavailable': False, 'install_base': '/home/lakshay/Walt/Sem7/IRob/Project/TurtleBot/install/turtlebot4_simulator', 'merge_install': False, 'path': '/home/lakshay/Walt/Sem7/IRob/Project/TurtleBot/src/turtlebot4_simulator/turtlebot4_simulator', 'symlink_install': False, 'test_result_base': None}
[0.179s] INFO:colcon.colcon_core.executor:Executing jobs using 'parallel' executor
[0.180s] DEBUG:colcon.colcon_parallel_executor.executor.parallel:run_until_complete
[0.180s] INFO:colcon.colcon_ros.task.ament_cmake.build:Building ROS package in '/home/lakshay/Walt/Sem7/IRob/Project/TurtleBot/src/turtlebot4_simulator/turtlebot4_gz_gui_plugins' with build type 'ament_cmake'
[0.180s] INFO:colcon.colcon_cmake.task.cmake.build:Building CMake package in '/home/lakshay/Walt/Sem7/IRob/Project/TurtleBot/src/turtlebot4_simulator/turtlebot4_gz_gui_plugins'
[0.181s] INFO:colcon.colcon_core.plugin_system:Skipping extension 'colcon_core.shell.bat': Not used on non-Windows systems
[0.182s] DEBUG:colcon.colcon_core.shell:Skip shell extension 'dsv' for command environment
[0.182s] WARNING:colcon.colcon_ros.prefix_path.ament:The path '/home/lakshay/Walt/Sem7/IRob/Project/TurtleBot/install/turtlebot4_desktop' in the environment variable AMENT_PREFIX_PATH doesn't exist
[0.182s] WARNING:colcon.colcon_ros.prefix_path.ament:The path '/home/lakshay/Walt/Sem7/IRob/Project/TurtleBot/install/turtlebot4_viz' in the environment variable AMENT_PREFIX_PATH doesn't exist
[0.183s] WARNING:colcon.colcon_ros.prefix_path.catkin:The path '/home/lakshay/Walt/Sem7/IRob/Project/TurtleBot/install/turtlebot4_desktop' in the environment variable CMAKE_PREFIX_PATH doesn't exist
[0.183s] WARNING:colcon.colcon_ros.prefix_path.catkin:The path '/home/lakshay/Walt/Sem7/IRob/Project/TurtleBot/install/turtlebot4_viz' in the environment variable CMAKE_PREFIX_PATH doesn't exist
[0.187s] INFO:colcon.colcon_ros.task.ament_cmake.build:Building ROS package in '/home/lakshay/Walt/Sem7/IRob/Project/TurtleBot/src/turtlebot4_simulator/turtlebot4_gz_toolbox' with build type 'ament_cmake'
[0.187s] INFO:colcon.colcon_cmake.task.cmake.build:Building CMake package in '/home/lakshay/Walt/Sem7/IRob/Project/TurtleBot/src/turtlebot4_simulator/turtlebot4_gz_toolbox'
[0.187s] DEBUG:colcon.colcon_core.shell:Skip shell extension 'dsv' for command environment
[0.197s] DEBUG:colcon.colcon_core.event_handler.log_command:Invoking command in '/home/lakshay/Walt/Sem7/IRob/Project/TurtleBot/build/turtlebot4_gz_gui_plugins': CMAKE_PREFIX_PATH=${CMAKE_PREFIX_PATH}:/home/lakshay/Walt/Sem7/IRob/Project/Feedback_Controller/install/fc:/opt/ros/jazzy DEBUGINFOD_URLS=https://debuginfod.ubuntu.com /usr/bin/cmake --build /home/lakshay/Walt/Sem7/IRob/Project/TurtleBot/build/turtlebot4_gz_gui_plugins -- -j16 -l16
[0.200s] DEBUG:colcon.colcon_core.event_handler.log_command:Invoking command in '/home/lakshay/Walt/Sem7/IRob/Project/TurtleBot/build/turtlebot4_gz_toolbox': CMAKE_PREFIX_PATH=${CMAKE_PREFIX_PATH}:/home/lakshay/Walt/Sem7/IRob/Project/Feedback_Controller/install/fc:/opt/ros/jazzy DEBUGINFOD_URLS=https://debuginfod.ubuntu.com /usr/bin/cmake --build /home/lakshay/Walt/Sem7/IRob/Project/TurtleBot/build/turtlebot4_gz_toolbox -- -j16 -l16
[0.316s] DEBUG:colcon.colcon_core.event_handler.log_command:Invoked command in '/home/lakshay/Walt/Sem7/IRob/Project/TurtleBot/build/turtlebot4_gz_toolbox' returned '0': CMAKE_PREFIX_PATH=${CMAKE_PREFIX_PATH}:/home/lakshay/Walt/Sem7/IRob/Project/Feedback_Controller/install/fc:/opt/ros/jazzy DEBUGINFOD_URLS=https://debuginfod.ubuntu.com /usr/bin/cmake --build /home/lakshay/Walt/Sem7/IRob/Project/TurtleBot/build/turtlebot4_gz_toolbox -- -j16 -l16
[0.326s] DEBUG:colcon.colcon_core.event_handler.log_command:Invoking command in '/home/lakshay/Walt/Sem7/IRob/Project/TurtleBot/build/turtlebot4_gz_toolbox': CMAKE_PREFIX_PATH=${CMAKE_PREFIX_PATH}:/home/lakshay/Walt/Sem7/IRob/Project/Feedback_Controller/install/fc:/opt/ros/jazzy DEBUGINFOD_URLS=https://debuginfod.ubuntu.com /usr/bin/cmake --install /home/lakshay/Walt/Sem7/IRob/Project/TurtleBot/build/turtlebot4_gz_toolbox
[0.351s] Level 1:colcon.colcon_core.environment:create_environment_scripts_only(turtlebot4_gz_toolbox)
[0.351s] DEBUG:colcon.colcon_core.event_handler.log_command:Invoked command in '/home/lakshay/Walt/Sem7/IRob/Project/TurtleBot/build/turtlebot4_gz_toolbox' returned '0': CMAKE_PREFIX_PATH=${CMAKE_PREFIX_PATH}:/home/lakshay/Walt/Sem7/IRob/Project/Feedback_Controller/install/fc:/opt/ros/jazzy DEBUGINFOD_URLS=https://debuginfod.ubuntu.com /usr/bin/cmake --install /home/lakshay/Walt/Sem7/IRob/Project/TurtleBot/build/turtlebot4_gz_toolbox
[0.353s] Level 1:colcon.colcon_core.environment:checking '/home/lakshay/Walt/Sem7/IRob/Project/TurtleBot/install/turtlebot4_gz_toolbox' for CMake module files
[0.354s] Level 1:colcon.colcon_core.environment:checking '/home/lakshay/Walt/Sem7/IRob/Project/TurtleBot/install/turtlebot4_gz_toolbox' for CMake config files
[0.354s] Level 1:colcon.colcon_core.shell:create_environment_hook('turtlebot4_gz_toolbox', 'cmake_prefix_path')
[0.354s] INFO:colcon.colcon_core.shell:Creating environment descriptor '/home/lakshay/Walt/Sem7/IRob/Project/TurtleBot/install/turtlebot4_gz_toolbox/share/turtlebot4_gz_toolbox/hook/cmake_prefix_path.dsv'
[0.355s] INFO:colcon.colcon_core.shell:Creating environment hook '/home/lakshay/Walt/Sem7/IRob/Project/TurtleBot/install/turtlebot4_gz_toolbox/share/turtlebot4_gz_toolbox/hook/cmake_prefix_path.sh'
[0.355s] Level 1:colcon.colcon_core.environment:checking '/home/lakshay/Walt/Sem7/IRob/Project/TurtleBot/install/turtlebot4_gz_toolbox/lib'
[0.355s] Level 1:colcon.colcon_core.environment:checking '/home/lakshay/Walt/Sem7/IRob/Project/TurtleBot/install/turtlebot4_gz_toolbox/bin'
[0.355s] Level 1:colcon.colcon_core.environment:checking '/home/lakshay/Walt/Sem7/IRob/Project/TurtleBot/install/turtlebot4_gz_toolbox/lib/pkgconfig/turtlebot4_gz_toolbox.pc'
[0.359s] Level 1:colcon.colcon_core.environment:checking '/home/lakshay/Walt/Sem7/IRob/Project/TurtleBot/install/turtlebot4_gz_toolbox/lib/python3.12/site-packages'
[0.360s] Level 1:colcon.colcon_core.environment:checking '/home/lakshay/Walt/Sem7/IRob/Project/TurtleBot/install/turtlebot4_gz_toolbox/bin'
[0.360s] INFO:colcon.colcon_core.shell:Creating package descriptor '/home/lakshay/Walt/Sem7/IRob/Project/TurtleBot/install/turtlebot4_gz_toolbox/share/turtlebot4_gz_toolbox/package.dsv'
[0.361s] INFO:colcon.colcon_core.shell:Creating package script '/home/lakshay/Walt/Sem7/IRob/Project/TurtleBot/install/turtlebot4_gz_toolbox/share/turtlebot4_gz_toolbox/package.sh'
[0.361s] INFO:colcon.colcon_core.shell:Creating package script '/home/lakshay/Walt/Sem7/IRob/Project/TurtleBot/install/turtlebot4_gz_toolbox/share/turtlebot4_gz_toolbox/package.bash'
[0.362s] INFO:colcon.colcon_core.shell:Creating package script '/home/lakshay/Walt/Sem7/IRob/Project/TurtleBot/install/turtlebot4_gz_toolbox/share/turtlebot4_gz_toolbox/package.zsh'
[0.362s] Level 1:colcon.colcon_core.environment:create_file_with_runtime_dependencies(/home/lakshay/Walt/Sem7/IRob/Project/TurtleBot/install/turtlebot4_gz_toolbox/share/colcon-core/packages/turtlebot4_gz_toolbox)
[0.362s] Level 1:colcon.colcon_core.environment:create_environment_scripts_only(turtlebot4_gz_toolbox)
[0.362s] Level 1:colcon.colcon_core.environment:checking '/home/lakshay/Walt/Sem7/IRob/Project/TurtleBot/install/turtlebot4_gz_toolbox' for CMake module files
[0.363s] Level 1:colcon.colcon_core.environment:checking '/home/lakshay/Walt/Sem7/IRob/Project/TurtleBot/install/turtlebot4_gz_toolbox' for CMake config files
[0.363s] Level 1:colcon.colcon_core.shell:create_environment_hook('turtlebot4_gz_toolbox', 'cmake_prefix_path')
[0.363s] INFO:colcon.colcon_core.shell:Creating environment descriptor '/home/lakshay/Walt/Sem7/IRob/Project/TurtleBot/install/turtlebot4_gz_toolbox/share/turtlebot4_gz_toolbox/hook/cmake_prefix_path.dsv'
[0.364s] INFO:colcon.colcon_core.shell:Creating environment hook '/home/lakshay/Walt/Sem7/IRob/Project/TurtleBot/install/turtlebot4_gz_toolbox/share/turtlebot4_gz_toolbox/hook/cmake_prefix_path.sh'
[0.364s] Level 1:colcon.colcon_core.environment:checking '/home/lakshay/Walt/Sem7/IRob/Project/TurtleBot/install/turtlebot4_gz_toolbox/lib'
[0.364s] Level 1:colcon.colcon_core.environment:checking '/home/lakshay/Walt/Sem7/IRob/Project/TurtleBot/install/turtlebot4_gz_toolbox/bin'
[0.364s] Level 1:colcon.colcon_core.environment:checking '/home/lakshay/Walt/Sem7/IRob/Project/TurtleBot/install/turtlebot4_gz_toolbox/lib/pkgconfig/turtlebot4_gz_toolbox.pc'
[0.364s] Level 1:colcon.colcon_core.environment:checking '/home/lakshay/Walt/Sem7/IRob/Project/TurtleBot/install/turtlebot4_gz_toolbox/lib/python3.12/site-packages'
[0.364s] Level 1:colcon.colcon_core.environment:checking '/home/lakshay/Walt/Sem7/IRob/Project/TurtleBot/install/turtlebot4_gz_toolbox/bin'
[0.365s] INFO:colcon.colcon_core.shell:Creating package descriptor '/home/lakshay/Walt/Sem7/IRob/Project/TurtleBot/install/turtlebot4_gz_toolbox/share/turtlebot4_gz_toolbox/package.dsv'
[0.365s] INFO:colcon.colcon_core.shell:Creating package script '/home/lakshay/Walt/Sem7/IRob/Project/TurtleBot/install/turtlebot4_gz_toolbox/share/turtlebot4_gz_toolbox/package.sh'
[0.365s] INFO:colcon.colcon_core.shell:Creating package script '/home/lakshay/Walt/Sem7/IRob/Project/TurtleBot/install/turtlebot4_gz_toolbox/share/turtlebot4_gz_toolbox/package.bash'
[0.366s] INFO:colcon.colcon_core.shell:Creating package script '/home/lakshay/Walt/Sem7/IRob/Project/TurtleBot/install/turtlebot4_gz_toolbox/share/turtlebot4_gz_toolbox/package.zsh'
[0.366s] Level 1:colcon.colcon_core.environment:create_file_with_runtime_dependencies(/home/lakshay/Walt/Sem7/IRob/Project/TurtleBot/install/turtlebot4_gz_toolbox/share/colcon-core/packages/turtlebot4_gz_toolbox)
[0.367s] DEBUG:colcon.colcon_core.event_handler.log_command:Invoked command in '/home/lakshay/Walt/Sem7/IRob/Project/TurtleBot/build/turtlebot4_gz_gui_plugins' returned '0': CMAKE_PREFIX_PATH=${CMAKE_PREFIX_PATH}:/home/lakshay/Walt/Sem7/IRob/Project/Feedback_Controller/install/fc:/opt/ros/jazzy DEBUGINFOD_URLS=https://debuginfod.ubuntu.com /usr/bin/cmake --build /home/lakshay/Walt/Sem7/IRob/Project/TurtleBot/build/turtlebot4_gz_gui_plugins -- -j16 -l16
[0.368s] DEBUG:colcon.colcon_core.event_handler.log_command:Invoking command in '/home/lakshay/Walt/Sem7/IRob/Project/TurtleBot/build/turtlebot4_gz_gui_plugins': CMAKE_PREFIX_PATH=${CMAKE_PREFIX_PATH}:/home/lakshay/Walt/Sem7/IRob/Project/Feedback_Controller/install/fc:/opt/ros/jazzy DEBUGINFOD_URLS=https://debuginfod.ubuntu.com /usr/bin/cmake --install /home/lakshay/Walt/Sem7/IRob/Project/TurtleBot/build/turtlebot4_gz_gui_plugins
[0.398s] Level 1:colcon.colcon_core.environment:create_environment_scripts_only(turtlebot4_gz_gui_plugins)
[0.398s] Level 1:colcon.colcon_core.environment:checking '/home/lakshay/Walt/Sem7/IRob/Project/TurtleBot/install/turtlebot4_gz_gui_plugins' for CMake module files
[0.398s] DEBUG:colcon.colcon_core.event_handler.log_command:Invoked command in '/home/lakshay/Walt/Sem7/IRob/Project/TurtleBot/build/turtlebot4_gz_gui_plugins' returned '0': CMAKE_PREFIX_PATH=${CMAKE_PREFIX_PATH}:/home/lakshay/Walt/Sem7/IRob/Project/Feedback_Controller/install/fc:/opt/ros/jazzy DEBUGINFOD_URLS=https://debuginfod.ubuntu.com /usr/bin/cmake --install /home/lakshay/Walt/Sem7/IRob/Project/TurtleBot/build/turtlebot4_gz_gui_plugins
[0.399s] Level 1:colcon.colcon_core.environment:checking '/home/lakshay/Walt/Sem7/IRob/Project/TurtleBot/install/turtlebot4_gz_gui_plugins' for CMake config files
[0.399s] Level 1:colcon.colcon_core.shell:create_environment_hook('turtlebot4_gz_gui_plugins', 'cmake_prefix_path')
[0.400s] INFO:colcon.colcon_core.shell:Creating environment descriptor '/home/lakshay/Walt/Sem7/IRob/Project/TurtleBot/install/turtlebot4_gz_gui_plugins/share/turtlebot4_gz_gui_plugins/hook/cmake_prefix_path.dsv'
[0.400s] INFO:colcon.colcon_core.shell:Creating environment hook '/home/lakshay/Walt/Sem7/IRob/Project/TurtleBot/install/turtlebot4_gz_gui_plugins/share/turtlebot4_gz_gui_plugins/hook/cmake_prefix_path.sh'
[0.401s] Level 1:colcon.colcon_core.environment:checking '/home/lakshay/Walt/Sem7/IRob/Project/TurtleBot/install/turtlebot4_gz_gui_plugins/bin'
[0.401s] Level 1:colcon.colcon_core.environment:checking '/home/lakshay/Walt/Sem7/IRob/Project/TurtleBot/install/turtlebot4_gz_gui_plugins/lib/pkgconfig/turtlebot4_gz_gui_plugins.pc'
[0.401s] Level 1:colcon.colcon_core.environment:checking '/home/lakshay/Walt/Sem7/IRob/Project/TurtleBot/install/turtlebot4_gz_gui_plugins/lib/python3.12/site-packages'
[0.401s] Level 1:colcon.colcon_core.environment:checking '/home/lakshay/Walt/Sem7/IRob/Project/TurtleBot/install/turtlebot4_gz_gui_plugins/bin'
[0.401s] INFO:colcon.colcon_core.shell:Creating package descriptor '/home/lakshay/Walt/Sem7/IRob/Project/TurtleBot/install/turtlebot4_gz_gui_plugins/share/turtlebot4_gz_gui_plugins/package.dsv'
[0.402s] INFO:colcon.colcon_core.shell:Creating package script '/home/lakshay/Walt/Sem7/IRob/Project/TurtleBot/install/turtlebot4_gz_gui_plugins/share/turtlebot4_gz_gui_plugins/package.sh'
[0.402s] INFO:colcon.colcon_core.shell:Creating package script '/home/lakshay/Walt/Sem7/IRob/Project/TurtleBot/install/turtlebot4_gz_gui_plugins/share/turtlebot4_gz_gui_plugins/package.bash'
[0.402s] INFO:colcon.colcon_core.shell:Creating package script '/home/lakshay/Walt/Sem7/IRob/Project/TurtleBot/install/turtlebot4_gz_gui_plugins/share/turtlebot4_gz_gui_plugins/package.zsh'
[0.403s] Level 1:colcon.colcon_core.environment:create_file_with_runtime_dependencies(/home/lakshay/Walt/Sem7/IRob/Project/TurtleBot/install/turtlebot4_gz_gui_plugins/share/colcon-core/packages/turtlebot4_gz_gui_plugins)
[0.403s] Level 1:colcon.colcon_core.environment:create_environment_scripts_only(turtlebot4_gz_gui_plugins)
[0.403s] Level 1:colcon.colcon_core.environment:checking '/home/lakshay/Walt/Sem7/IRob/Project/TurtleBot/install/turtlebot4_gz_gui_plugins' for CMake module files
[0.404s] Level 1:colcon.colcon_core.environment:checking '/home/lakshay/Walt/Sem7/IRob/Project/TurtleBot/install/turtlebot4_gz_gui_plugins' for CMake config files
[0.404s] Level 1:colcon.colcon_core.shell:create_environment_hook('turtlebot4_gz_gui_plugins', 'cmake_prefix_path')
[0.404s] INFO:colcon.colcon_core.shell:Creating environment descriptor '/home/lakshay/Walt/Sem7/IRob/Project/TurtleBot/install/turtlebot4_gz_gui_plugins/share/turtlebot4_gz_gui_plugins/hook/cmake_prefix_path.dsv'
[0.404s] INFO:colcon.colcon_core.shell:Creating environment hook '/home/lakshay/Walt/Sem7/IRob/Project/TurtleBot/install/turtlebot4_gz_gui_plugins/share/turtlebot4_gz_gui_plugins/hook/cmake_prefix_path.sh'
[0.405s] Level 1:colcon.colcon_core.environment:checking '/home/lakshay/Walt/Sem7/IRob/Project/TurtleBot/install/turtlebot4_gz_gui_plugins/bin'
[0.405s] Level 1:colcon.colcon_core.environment:checking '/home/lakshay/Walt/Sem7/IRob/Project/TurtleBot/install/turtlebot4_gz_gui_plugins/lib/pkgconfig/turtlebot4_gz_gui_plugins.pc'
[0.405s] Level 1:colcon.colcon_core.environment:checking '/home/lakshay/Walt/Sem7/IRob/Project/TurtleBot/install/turtlebot4_gz_gui_plugins/lib/python3.12/site-packages'
[0.405s] Level 1:colcon.colcon_core.environment:checking '/home/lakshay/Walt/Sem7/IRob/Project/TurtleBot/install/turtlebot4_gz_gui_plugins/bin'
[0.405s] INFO:colcon.colcon_core.shell:Creating package descriptor '/home/lakshay/Walt/Sem7/IRob/Project/TurtleBot/install/turtlebot4_gz_gui_plugins/share/turtlebot4_gz_gui_plugins/package.dsv'
[0.405s] INFO:colcon.colcon_core.shell:Creating package script '/home/lakshay/Walt/Sem7/IRob/Project/TurtleBot/install/turtlebot4_gz_gui_plugins/share/turtlebot4_gz_gui_plugins/package.sh'
[0.406s] INFO:colcon.colcon_core.shell:Creating package script '/home/lakshay/Walt/Sem7/IRob/Project/TurtleBot/install/turtlebot4_gz_gui_plugins/share/turtlebot4_gz_gui_plugins/package.bash'
[0.406s] INFO:colcon.colcon_core.shell:Creating package script '/home/lakshay/Walt/Sem7/IRob/Project/TurtleBot/install/turtlebot4_gz_gui_plugins/share/turtlebot4_gz_gui_plugins/package.zsh'
[0.407s] Level 1:colcon.colcon_core.environment:create_file_with_runtime_dependencies(/home/lakshay/Walt/Sem7/IRob/Project/TurtleBot/install/turtlebot4_gz_gui_plugins/share/colcon-core/packages/turtlebot4_gz_gui_plugins)
[0.408s] INFO:colcon.colcon_ros.task.ament_cmake.build:Building ROS package in '/home/lakshay/Walt/Sem7/IRob/Project/TurtleBot/src/turtlebot4_simulator/turtlebot4_gz_bringup' with build type 'ament_cmake'
[0.408s] INFO:colcon.colcon_cmake.task.cmake.build:Building CMake package in '/home/lakshay/Walt/Sem7/IRob/Project/TurtleBot/src/turtlebot4_simulator/turtlebot4_gz_bringup'
[0.408s] DEBUG:colcon.colcon_core.shell:Skip shell extension 'dsv' for command environment
[0.417s] DEBUG:colcon.colcon_core.event_handler.log_command:Invoking command in '/home/lakshay/Walt/Sem7/IRob/Project/TurtleBot/build/turtlebot4_gz_bringup': CMAKE_PREFIX_PATH=/home/lakshay/Walt/Sem7/IRob/Project/TurtleBot/install/turtlebot4_gz_toolbox:/home/lakshay/Walt/Sem7/IRob/Project/TurtleBot/install/turtlebot4_gz_gui_plugins:/home/lakshay/Walt/Sem7/IRob/Project/TurtleBot/install/turtlebot4_simulator:/home/lakshay/Walt/Sem7/IRob/Project/TurtleBot/install/turtlebot4_gz_bringup:/home/lakshay/Walt/Sem7/IRob/Project/TurtleBot/install/turtlebot4_desktop:/home/lakshay/Walt/Sem7/IRob/Project/TurtleBot/install/turtlebot4_viz:/opt/ros/jazzy/opt/gz_sim_vendor:/opt/ros/jazzy/opt/gz_sensors_vendor:/opt/ros/jazzy/opt/gz_physics_vendor:/opt/ros/jazzy/opt/sdformat_vendor:/opt/ros/jazzy/opt/gz_gui_vendor:/opt/ros/jazzy/opt/gz_transport_vendor:/opt/ros/jazzy/opt/gz_rendering_vendor:/opt/ros/jazzy/opt/gz_plugin_vendor:/opt/ros/jazzy/opt/gz_fuel_tools_vendor:/opt/ros/jazzy/opt/gz_msgs_vendor:/opt/ros/jazzy/opt/gz_common_vendor:/opt/ros/jazzy/opt/gz_math_vendor:/opt/ros/jazzy/opt/gz_utils_vendor:/opt/ros/jazzy/opt/gz_tools_vendor:/opt/ros/jazzy/opt/gz_ogre_next_vendor:/opt/ros/jazzy/opt/gz_dartsim_vendor:/opt/ros/jazzy/opt/gz_cmake_vendor:/home/lakshay/Walt/Sem7/IRob/Project/Feedback_Controller/install/fc:/opt/ros/jazzy DEBUGINFOD_URLS=https://debuginfod.ubuntu.com /usr/bin/cmake --build /home/lakshay/Walt/Sem7/IRob/Project/TurtleBot/build/turtlebot4_gz_bringup -- -j16 -l16
[0.468s] DEBUG:colcon.colcon_core.event_handler.log_command:Invoked command in '/home/lakshay/Walt/Sem7/IRob/Project/TurtleBot/build/turtlebot4_gz_bringup' returned '0': CMAKE_PREFIX_PATH=/home/lakshay/Walt/Sem7/IRob/Project/TurtleBot/install/turtlebot4_gz_toolbox:/home/lakshay/Walt/Sem7/IRob/Project/TurtleBot/install/turtlebot4_gz_gui_plugins:/home/lakshay/Walt/Sem7/IRob/Project/TurtleBot/install/turtlebot4_simulator:/home/lakshay/Walt/Sem7/IRob/Project/TurtleBot/install/turtlebot4_gz_bringup:/home/lakshay/Walt/Sem7/IRob/Project/TurtleBot/install/turtlebot4_desktop:/home/lakshay/Walt/Sem7/IRob/Project/TurtleBot/install/turtlebot4_viz:/opt/ros/jazzy/opt/gz_sim_vendor:/opt/ros/jazzy/opt/gz_sensors_vendor:/opt/ros/jazzy/opt/gz_physics_vendor:/opt/ros/jazzy/opt/sdformat_vendor:/opt/ros/jazzy/opt/gz_gui_vendor:/opt/ros/jazzy/opt/gz_transport_vendor:/opt/ros/jazzy/opt/gz_rendering_vendor:/opt/ros/jazzy/opt/gz_plugin_vendor:/opt/ros/jazzy/opt/gz_fuel_tools_vendor:/opt/ros/jazzy/opt/gz_msgs_vendor:/opt/ros/jazzy/opt/gz_common_vendor:/opt/ros/jazzy/opt/gz_math_vendor:/opt/ros/jazzy/opt/gz_utils_vendor:/opt/ros/jazzy/opt/gz_tools_vendor:/opt/ros/jazzy/opt/gz_ogre_next_vendor:/opt/ros/jazzy/opt/gz_dartsim_vendor:/opt/ros/jazzy/opt/gz_cmake_vendor:/home/lakshay/Walt/Sem7/IRob/Project/Feedback_Controller/install/fc:/opt/ros/jazzy DEBUGINFOD_URLS=https://debuginfod.ubuntu.com /usr/bin/cmake --build /home/lakshay/Walt/Sem7/IRob/Project/TurtleBot/build/turtlebot4_gz_bringup -- -j16 -l16
[0.469s] DEBUG:colcon.colcon_core.event_handler.log_command:Invoking command in '/home/lakshay/Walt/Sem7/IRob/Project/TurtleBot/build/turtlebot4_gz_bringup': CMAKE_PREFIX_PATH=/home/lakshay/Walt/Sem7/IRob/Project/TurtleBot/install/turtlebot4_gz_toolbox:/home/lakshay/Walt/Sem7/IRob/Project/TurtleBot/install/turtlebot4_gz_gui_plugins:/home/lakshay/Walt/Sem7/IRob/Project/TurtleBot/install/turtlebot4_simulator:/home/lakshay/Walt/Sem7/IRob/Project/TurtleBot/install/turtlebot4_gz_bringup:/home/lakshay/Walt/Sem7/IRob/Project/TurtleBot/install/turtlebot4_desktop:/home/lakshay/Walt/Sem7/IRob/Project/TurtleBot/install/turtlebot4_viz:/opt/ros/jazzy/opt/gz_sim_vendor:/opt/ros/jazzy/opt/gz_sensors_vendor:/opt/ros/jazzy/opt/gz_physics_vendor:/opt/ros/jazzy/opt/sdformat_vendor:/opt/ros/jazzy/opt/gz_gui_vendor:/opt/ros/jazzy/opt/gz_transport_vendor:/opt/ros/jazzy/opt/gz_rendering_vendor:/opt/ros/jazzy/opt/gz_plugin_vendor:/opt/ros/jazzy/opt/gz_fuel_tools_vendor:/opt/ros/jazzy/opt/gz_msgs_vendor:/opt/ros/jazzy/opt/gz_common_vendor:/opt/ros/jazzy/opt/gz_math_vendor:/opt/ros/jazzy/opt/gz_utils_vendor:/opt/ros/jazzy/opt/gz_tools_vendor:/opt/ros/jazzy/opt/gz_ogre_next_vendor:/opt/ros/jazzy/opt/gz_dartsim_vendor:/opt/ros/jazzy/opt/gz_cmake_vendor:/home/lakshay/Walt/Sem7/IRob/Project/Feedback_Controller/install/fc:/opt/ros/jazzy DEBUGINFOD_URLS=https://debuginfod.ubuntu.com /usr/bin/cmake --install /home/lakshay/Walt/Sem7/IRob/Project/TurtleBot/build/turtlebot4_gz_bringup
[0.500s] Level 1:colcon.colcon_core.environment:create_environment_scripts_only(turtlebot4_gz_bringup)
[0.501s] DEBUG:colcon.colcon_core.event_handler.log_command:Invoked command in '/home/lakshay/Walt/Sem7/IRob/Project/TurtleBot/build/turtlebot4_gz_bringup' returned '0': CMAKE_PREFIX_PATH=/home/lakshay/Walt/Sem7/IRob/Project/TurtleBot/install/turtlebot4_gz_toolbox:/home/lakshay/Walt/Sem7/IRob/Project/TurtleBot/install/turtlebot4_gz_gui_plugins:/home/lakshay/Walt/Sem7/IRob/Project/TurtleBot/install/turtlebot4_simulator:/home/lakshay/Walt/Sem7/IRob/Project/TurtleBot/install/turtlebot4_gz_bringup:/home/lakshay/Walt/Sem7/IRob/Project/TurtleBot/install/turtlebot4_desktop:/home/lakshay/Walt/Sem7/IRob/Project/TurtleBot/install/turtlebot4_viz:/opt/ros/jazzy/opt/gz_sim_vendor:/opt/ros/jazzy/opt/gz_sensors_vendor:/opt/ros/jazzy/opt/gz_physics_vendor:/opt/ros/jazzy/opt/sdformat_vendor:/opt/ros/jazzy/opt/gz_gui_vendor:/opt/ros/jazzy/opt/gz_transport_vendor:/opt/ros/jazzy/opt/gz_rendering_vendor:/opt/ros/jazzy/opt/gz_plugin_vendor:/opt/ros/jazzy/opt/gz_fuel_tools_vendor:/opt/ros/jazzy/opt/gz_msgs_vendor:/opt/ros/jazzy/opt/gz_common_vendor:/opt/ros/jazzy/opt/gz_math_vendor:/opt/ros/jazzy/opt/gz_utils_vendor:/opt/ros/jazzy/opt/gz_tools_vendor:/opt/ros/jazzy/opt/gz_ogre_next_vendor:/opt/ros/jazzy/opt/gz_dartsim_vendor:/opt/ros/jazzy/opt/gz_cmake_vendor:/home/lakshay/Walt/Sem7/IRob/Project/Feedback_Controller/install/fc:/opt/ros/jazzy DEBUGINFOD_URLS=https://debuginfod.ubuntu.com /usr/bin/cmake --install /home/lakshay/Walt/Sem7/IRob/Project/TurtleBot/build/turtlebot4_gz_bringup
[0.501s] Level 1:colcon.colcon_core.environment:checking '/home/lakshay/Walt/Sem7/IRob/Project/TurtleBot/install/turtlebot4_gz_bringup' for CMake module files
[0.501s] Level 1:colcon.colcon_core.environment:checking '/home/lakshay/Walt/Sem7/IRob/Project/TurtleBot/install/turtlebot4_gz_bringup' for CMake config files
[0.502s] Level 1:colcon.colcon_core.shell:create_environment_hook('turtlebot4_gz_bringup', 'cmake_prefix_path')
[0.502s] INFO:colcon.colcon_core.shell:Creating environment descriptor '/home/lakshay/Walt/Sem7/IRob/Project/TurtleBot/install/turtlebot4_gz_bringup/share/turtlebot4_gz_bringup/hook/cmake_prefix_path.dsv'
[0.502s] INFO:colcon.colcon_core.shell:Creating environment hook '/home/lakshay/Walt/Sem7/IRob/Project/TurtleBot/install/turtlebot4_gz_bringup/share/turtlebot4_gz_bringup/hook/cmake_prefix_path.sh'
[0.503s] Level 1:colcon.colcon_core.environment:checking '/home/lakshay/Walt/Sem7/IRob/Project/TurtleBot/install/turtlebot4_gz_bringup/bin'
[0.503s] Level 1:colcon.colcon_core.environment:checking '/home/lakshay/Walt/Sem7/IRob/Project/TurtleBot/install/turtlebot4_gz_bringup/lib/pkgconfig/turtlebot4_gz_bringup.pc'
[0.503s] Level 1:colcon.colcon_core.environment:checking '/home/lakshay/Walt/Sem7/IRob/Project/TurtleBot/install/turtlebot4_gz_bringup/lib/python3.12/site-packages'
[0.503s] Level 1:colcon.colcon_core.environment:checking '/home/lakshay/Walt/Sem7/IRob/Project/TurtleBot/install/turtlebot4_gz_bringup/bin'
[0.503s] INFO:colcon.colcon_core.shell:Creating package descriptor '/home/lakshay/Walt/Sem7/IRob/Project/TurtleBot/install/turtlebot4_gz_bringup/share/turtlebot4_gz_bringup/package.dsv'
[0.504s] INFO:colcon.colcon_core.shell:Creating package script '/home/lakshay/Walt/Sem7/IRob/Project/TurtleBot/install/turtlebot4_gz_bringup/share/turtlebot4_gz_bringup/package.sh'
[0.504s] INFO:colcon.colcon_core.shell:Creating package script '/home/lakshay/Walt/Sem7/IRob/Project/TurtleBot/install/turtlebot4_gz_bringup/share/turtlebot4_gz_bringup/package.bash'
[0.504s] INFO:colcon.colcon_core.shell:Creating package script '/home/lakshay/Walt/Sem7/IRob/Project/TurtleBot/install/turtlebot4_gz_bringup/share/turtlebot4_gz_bringup/package.zsh'
[0.504s] Level 1:colcon.colcon_core.environment:create_file_with_runtime_dependencies(/home/lakshay/Walt/Sem7/IRob/Project/TurtleBot/install/turtlebot4_gz_bringup/share/colcon-core/packages/turtlebot4_gz_bringup)
[0.505s] Level 1:colcon.colcon_core.environment:create_environment_scripts_only(turtlebot4_gz_bringup)
[0.505s] Level 1:colcon.colcon_core.environment:checking '/home/lakshay/Walt/Sem7/IRob/Project/TurtleBot/install/turtlebot4_gz_bringup' for CMake module files
[0.505s] Level 1:colcon.colcon_core.environment:checking '/home/lakshay/Walt/Sem7/IRob/Project/TurtleBot/install/turtlebot4_gz_bringup' for CMake config files
[0.506s] Level 1:colcon.colcon_core.shell:create_environment_hook('turtlebot4_gz_bringup', 'cmake_prefix_path')
[0.506s] INFO:colcon.colcon_core.shell:Creating environment descriptor '/home/lakshay/Walt/Sem7/IRob/Project/TurtleBot/install/turtlebot4_gz_bringup/share/turtlebot4_gz_bringup/hook/cmake_prefix_path.dsv'
[0.506s] INFO:colcon.colcon_core.shell:Creating environment hook '/home/lakshay/Walt/Sem7/IRob/Project/TurtleBot/install/turtlebot4_gz_bringup/share/turtlebot4_gz_bringup/hook/cmake_prefix_path.sh'
[0.506s] Level 1:colcon.colcon_core.environment:checking '/home/lakshay/Walt/Sem7/IRob/Project/TurtleBot/install/turtlebot4_gz_bringup/bin'
[0.507s] Level 1:colcon.colcon_core.environment:checking '/home/lakshay/Walt/Sem7/IRob/Project/TurtleBot/install/turtlebot4_gz_bringup/lib/pkgconfig/turtlebot4_gz_bringup.pc'
[0.507s] Level 1:colcon.colcon_core.environment:checking '/home/lakshay/Walt/Sem7/IRob/Project/TurtleBot/install/turtlebot4_gz_bringup/lib/python3.12/site-packages'
[0.507s] Level 1:colcon.colcon_core.environment:checking '/home/lakshay/Walt/Sem7/IRob/Project/TurtleBot/install/turtlebot4_gz_bringup/bin'
[0.507s] INFO:colcon.colcon_core.shell:Creating package descriptor '/home/lakshay/Walt/Sem7/IRob/Project/TurtleBot/install/turtlebot4_gz_bringup/share/turtlebot4_gz_bringup/package.dsv'
[0.507s] INFO:colcon.colcon_core.shell:Creating package script '/home/lakshay/Walt/Sem7/IRob/Project/TurtleBot/install/turtlebot4_gz_bringup/share/turtlebot4_gz_bringup/package.sh'
[0.508s] INFO:colcon.colcon_core.shell:Creating package script '/home/lakshay/Walt/Sem7/IRob/Project/TurtleBot/install/turtlebot4_gz_bringup/share/turtlebot4_gz_bringup/package.bash'
[0.508s] INFO:colcon.colcon_core.shell:Creating package script '/home/lakshay/Walt/Sem7/IRob/Project/TurtleBot/install/turtlebot4_gz_bringup/share/turtlebot4_gz_bringup/package.zsh'
[0.508s] Level 1:colcon.colcon_core.environment:create_file_with_runtime_dependencies(/home/lakshay/Walt/Sem7/IRob/Project/TurtleBot/install/turtlebot4_gz_bringup/share/colcon-core/packages/turtlebot4_gz_bringup)
[0.509s] INFO:colcon.colcon_ros.task.ament_cmake.build:Building ROS package in '/home/lakshay/Walt/Sem7/IRob/Project/TurtleBot/src/turtlebot4_simulator/turtlebot4_simulator' with build type 'ament_cmake'
[0.509s] INFO:colcon.colcon_cmake.task.cmake.build:Building CMake package in '/home/lakshay/Walt/Sem7/IRob/Project/TurtleBot/src/turtlebot4_simulator/turtlebot4_simulator'
[0.509s] DEBUG:colcon.colcon_core.shell:Skip shell extension 'dsv' for command environment
[0.519s] DEBUG:colcon.colcon_core.event_handler.log_command:Invoking command in '/home/lakshay/Walt/Sem7/IRob/Project/TurtleBot/build/turtlebot4_simulator': CMAKE_PREFIX_PATH=/home/lakshay/Walt/Sem7/IRob/Project/TurtleBot/install/turtlebot4_gz_bringup:/home/lakshay/Walt/Sem7/IRob/Project/TurtleBot/install/turtlebot4_gz_toolbox:/home/lakshay/Walt/Sem7/IRob/Project/TurtleBot/install/turtlebot4_gz_gui_plugins:/home/lakshay/Walt/Sem7/IRob/Project/TurtleBot/install/turtlebot4_simulator:/home/lakshay/Walt/Sem7/IRob/Project/TurtleBot/install/turtlebot4_desktop:/home/lakshay/Walt/Sem7/IRob/Project/TurtleBot/install/turtlebot4_viz:/opt/ros/jazzy/opt/gz_sim_vendor:/opt/ros/jazzy/opt/gz_sensors_vendor:/opt/ros/jazzy/opt/gz_physics_vendor:/opt/ros/jazzy/opt/sdformat_vendor:/opt/ros/jazzy/opt/gz_gui_vendor:/opt/ros/jazzy/opt/gz_transport_vendor:/opt/ros/jazzy/opt/gz_rendering_vendor:/opt/ros/jazzy/opt/gz_plugin_vendor:/opt/ros/jazzy/opt/gz_fuel_tools_vendor:/opt/ros/jazzy/opt/gz_msgs_vendor:/opt/ros/jazzy/opt/gz_common_vendor:/opt/ros/jazzy/opt/gz_math_vendor:/opt/ros/jazzy/opt/gz_utils_vendor:/opt/ros/jazzy/opt/gz_tools_vendor:/opt/ros/jazzy/opt/gz_ogre_next_vendor:/opt/ros/jazzy/opt/gz_dartsim_vendor:/opt/ros/jazzy/opt/gz_cmake_vendor:/home/lakshay/Walt/Sem7/IRob/Project/Feedback_Controller/install/fc:/opt/ros/jazzy DEBUGINFOD_URLS=https://debuginfod.ubuntu.com /usr/bin/cmake --build /home/lakshay/Walt/Sem7/IRob/Project/TurtleBot/build/turtlebot4_simulator -- -j16 -l16
[0.570s] DEBUG:colcon.colcon_core.event_handler.log_command:Invoked command in '/home/lakshay/Walt/Sem7/IRob/Project/TurtleBot/build/turtlebot4_simulator' returned '0': CMAKE_PREFIX_PATH=/home/lakshay/Walt/Sem7/IRob/Project/TurtleBot/install/turtlebot4_gz_bringup:/home/lakshay/Walt/Sem7/IRob/Project/TurtleBot/install/turtlebot4_gz_toolbox:/home/lakshay/Walt/Sem7/IRob/Project/TurtleBot/install/turtlebot4_gz_gui_plugins:/home/lakshay/Walt/Sem7/IRob/Project/TurtleBot/install/turtlebot4_simulator:/home/lakshay/Walt/Sem7/IRob/Project/TurtleBot/install/turtlebot4_desktop:/home/lakshay/Walt/Sem7/IRob/Project/TurtleBot/install/turtlebot4_viz:/opt/ros/jazzy/opt/gz_sim_vendor:/opt/ros/jazzy/opt/gz_sensors_vendor:/opt/ros/jazzy/opt/gz_physics_vendor:/opt/ros/jazzy/opt/sdformat_vendor:/opt/ros/jazzy/opt/gz_gui_vendor:/opt/ros/jazzy/opt/gz_transport_vendor:/opt/ros/jazzy/opt/gz_rendering_vendor:/opt/ros/jazzy/opt/gz_plugin_vendor:/opt/ros/jazzy/opt/gz_fuel_tools_vendor:/opt/ros/jazzy/opt/gz_msgs_vendor:/opt/ros/jazzy/opt/gz_common_vendor:/opt/ros/jazzy/opt/gz_math_vendor:/opt/ros/jazzy/opt/gz_utils_vendor:/opt/ros/jazzy/opt/gz_tools_vendor:/opt/ros/jazzy/opt/gz_ogre_next_vendor:/opt/ros/jazzy/opt/gz_dartsim_vendor:/opt/ros/jazzy/opt/gz_cmake_vendor:/home/lakshay/Walt/Sem7/IRob/Project/Feedback_Controller/install/fc:/opt/ros/jazzy DEBUGINFOD_URLS=https://debuginfod.ubuntu.com /usr/bin/cmake --build /home/lakshay/Walt/Sem7/IRob/Project/TurtleBot/build/turtlebot4_simulator -- -j16 -l16
[0.571s] DEBUG:colcon.colcon_core.event_handler.log_command:Invoking command in '/home/lakshay/Walt/Sem7/IRob/Project/TurtleBot/build/turtlebot4_simulator': CMAKE_PREFIX_PATH=/home/lakshay/Walt/Sem7/IRob/Project/TurtleBot/install/turtlebot4_gz_bringup:/home/lakshay/Walt/Sem7/IRob/Project/TurtleBot/install/turtlebot4_gz_toolbox:/home/lakshay/Walt/Sem7/IRob/Project/TurtleBot/install/turtlebot4_gz_gui_plugins:/home/lakshay/Walt/Sem7/IRob/Project/TurtleBot/install/turtlebot4_simulator:/home/lakshay/Walt/Sem7/IRob/Project/TurtleBot/install/turtlebot4_desktop:/home/lakshay/Walt/Sem7/IRob/Project/TurtleBot/install/turtlebot4_viz:/opt/ros/jazzy/opt/gz_sim_vendor:/opt/ros/jazzy/opt/gz_sensors_vendor:/opt/ros/jazzy/opt/gz_physics_vendor:/opt/ros/jazzy/opt/sdformat_vendor:/opt/ros/jazzy/opt/gz_gui_vendor:/opt/ros/jazzy/opt/gz_transport_vendor:/opt/ros/jazzy/opt/gz_rendering_vendor:/opt/ros/jazzy/opt/gz_plugin_vendor:/opt/ros/jazzy/opt/gz_fuel_tools_vendor:/opt/ros/jazzy/opt/gz_msgs_vendor:/opt/ros/jazzy/opt/gz_common_vendor:/opt/ros/jazzy/opt/gz_math_vendor:/opt/ros/jazzy/opt/gz_utils_vendor:/opt/ros/jazzy/opt/gz_tools_vendor:/opt/ros/jazzy/opt/gz_ogre_next_vendor:/opt/ros/jazzy/opt/gz_dartsim_vendor:/opt/ros/jazzy/opt/gz_cmake_vendor:/home/lakshay/Walt/Sem7/IRob/Project/Feedback_Controller/install/fc:/opt/ros/jazzy DEBUGINFOD_URLS=https://debuginfod.ubuntu.com /usr/bin/cmake --install /home/lakshay/Walt/Sem7/IRob/Project/TurtleBot/build/turtlebot4_simulator
[0.599s] Level 1:colcon.colcon_core.environment:create_environment_scripts_only(turtlebot4_simulator)
[0.600s] Level 1:colcon.colcon_core.environment:checking '/home/lakshay/Walt/Sem7/IRob/Project/TurtleBot/install/turtlebot4_simulator' for CMake module files
[0.600s] DEBUG:colcon.colcon_core.event_handler.log_command:Invoked command in '/home/lakshay/Walt/Sem7/IRob/Project/TurtleBot/build/turtlebot4_simulator' returned '0': CMAKE_PREFIX_PATH=/home/lakshay/Walt/Sem7/IRob/Project/TurtleBot/install/turtlebot4_gz_bringup:/home/lakshay/Walt/Sem7/IRob/Project/TurtleBot/install/turtlebot4_gz_toolbox:/home/lakshay/Walt/Sem7/IRob/Project/TurtleBot/install/turtlebot4_gz_gui_plugins:/home/lakshay/Walt/Sem7/IRob/Project/TurtleBot/install/turtlebot4_simulator:/home/lakshay/Walt/Sem7/IRob/Project/TurtleBot/install/turtlebot4_desktop:/home/lakshay/Walt/Sem7/IRob/Project/TurtleBot/install/turtlebot4_viz:/opt/ros/jazzy/opt/gz_sim_vendor:/opt/ros/jazzy/opt/gz_sensors_vendor:/opt/ros/jazzy/opt/gz_physics_vendor:/opt/ros/jazzy/opt/sdformat_vendor:/opt/ros/jazzy/opt/gz_gui_vendor:/opt/ros/jazzy/opt/gz_transport_vendor:/opt/ros/jazzy/opt/gz_rendering_vendor:/opt/ros/jazzy/opt/gz_plugin_vendor:/opt/ros/jazzy/opt/gz_fuel_tools_vendor:/opt/ros/jazzy/opt/gz_msgs_vendor:/opt/ros/jazzy/opt/gz_common_vendor:/opt/ros/jazzy/opt/gz_math_vendor:/opt/ros/jazzy/opt/gz_utils_vendor:/opt/ros/jazzy/opt/gz_tools_vendor:/opt/ros/jazzy/opt/gz_ogre_next_vendor:/opt/ros/jazzy/opt/gz_dartsim_vendor:/opt/ros/jazzy/opt/gz_cmake_vendor:/home/lakshay/Walt/Sem7/IRob/Project/Feedback_Controller/install/fc:/opt/ros/jazzy DEBUGINFOD_URLS=https://debuginfod.ubuntu.com /usr/bin/cmake --install /home/lakshay/Walt/Sem7/IRob/Project/TurtleBot/build/turtlebot4_simulator
[0.600s] Level 1:colcon.colcon_core.environment:checking '/home/lakshay/Walt/Sem7/IRob/Project/TurtleBot/install/turtlebot4_simulator' for CMake config files
[0.601s] Level 1:colcon.colcon_core.shell:create_environment_hook('turtlebot4_simulator', 'cmake_prefix_path')
[0.601s] INFO:colcon.colcon_core.shell:Creating environment descriptor '/home/lakshay/Walt/Sem7/IRob/Project/TurtleBot/install/turtlebot4_simulator/share/turtlebot4_simulator/hook/cmake_prefix_path.dsv'
[0.601s] INFO:colcon.colcon_core.shell:Creating environment hook '/home/lakshay/Walt/Sem7/IRob/Project/TurtleBot/install/turtlebot4_simulator/share/turtlebot4_simulator/hook/cmake_prefix_path.sh'
[0.601s] Level 1:colcon.colcon_core.environment:checking '/home/lakshay/Walt/Sem7/IRob/Project/TurtleBot/install/turtlebot4_simulator/bin'
[0.601s] Level 1:colcon.colcon_core.environment:checking '/home/lakshay/Walt/Sem7/IRob/Project/TurtleBot/install/turtlebot4_simulator/lib/pkgconfig/turtlebot4_simulator.pc'
[0.602s] Level 1:colcon.colcon_core.environment:checking '/home/lakshay/Walt/Sem7/IRob/Project/TurtleBot/install/turtlebot4_simulator/lib/python3.12/site-packages'
[0.602s] Level 1:colcon.colcon_core.environment:checking '/home/lakshay/Walt/Sem7/IRob/Project/TurtleBot/install/turtlebot4_simulator/bin'
[0.602s] INFO:colcon.colcon_core.shell:Creating package descriptor '/home/lakshay/Walt/Sem7/IRob/Project/TurtleBot/install/turtlebot4_simulator/share/turtlebot4_simulator/package.dsv'
[0.602s] INFO:colcon.colcon_core.shell:Creating package script '/home/lakshay/Walt/Sem7/IRob/Project/TurtleBot/install/turtlebot4_simulator/share/turtlebot4_simulator/package.sh'
[0.602s] INFO:colcon.colcon_core.shell:Creating package script '/home/lakshay/Walt/Sem7/IRob/Project/TurtleBot/install/turtlebot4_simulator/share/turtlebot4_simulator/package.bash'
[0.603s] INFO:colcon.colcon_core.shell:Creating package script '/home/lakshay/Walt/Sem7/IRob/Project/TurtleBot/install/turtlebot4_simulator/share/turtlebot4_simulator/package.zsh'
[0.603s] Level 1:colcon.colcon_core.environment:create_file_with_runtime_dependencies(/home/lakshay/Walt/Sem7/IRob/Project/TurtleBot/install/turtlebot4_simulator/share/colcon-core/packages/turtlebot4_simulator)
[0.603s] Level 1:colcon.colcon_core.environment:create_environment_scripts_only(turtlebot4_simulator)
[0.603s] Level 1:colcon.colcon_core.environment:checking '/home/lakshay/Walt/Sem7/IRob/Project/TurtleBot/install/turtlebot4_simulator' for CMake module files
[0.604s] Level 1:colcon.colcon_core.environment:checking '/home/lakshay/Walt/Sem7/IRob/Project/TurtleBot/install/turtlebot4_simulator' for CMake config files
[0.604s] Level 1:colcon.colcon_core.shell:create_environment_hook('turtlebot4_simulator', 'cmake_prefix_path')
[0.604s] INFO:colcon.colcon_core.shell:Creating environment descriptor '/home/lakshay/Walt/Sem7/IRob/Project/TurtleBot/install/turtlebot4_simulator/share/turtlebot4_simulator/hook/cmake_prefix_path.dsv'
[0.604s] INFO:colcon.colcon_core.shell:Creating environment hook '/home/lakshay/Walt/Sem7/IRob/Project/TurtleBot/install/turtlebot4_simulator/share/turtlebot4_simulator/hook/cmake_prefix_path.sh'
[0.605s] Level 1:colcon.colcon_core.environment:checking '/home/lakshay/Walt/Sem7/IRob/Project/TurtleBot/install/turtlebot4_simulator/bin'
[0.605s] Level 1:colcon.colcon_core.environment:checking '/home/lakshay/Walt/Sem7/IRob/Project/TurtleBot/install/turtlebot4_simulator/lib/pkgconfig/turtlebot4_simulator.pc'
[0.605s] Level 1:colcon.colcon_core.environment:checking '/home/lakshay/Walt/Sem7/IRob/Project/TurtleBot/install/turtlebot4_simulator/lib/python3.12/site-packages'
[0.605s] Level 1:colcon.colcon_core.environment:checking '/home/lakshay/Walt/Sem7/IRob/Project/TurtleBot/install/turtlebot4_simulator/bin'
[0.605s] INFO:colcon.colcon_core.shell:Creating package descriptor '/home/lakshay/Walt/Sem7/IRob/Project/TurtleBot/install/turtlebot4_simulator/share/turtlebot4_simulator/package.dsv'
[0.606s] INFO:colcon.colcon_core.shell:Creating package script '/home/lakshay/Walt/Sem7/IRob/Project/TurtleBot/install/turtlebot4_simulator/share/turtlebot4_simulator/package.sh'
[0.606s] INFO:colcon.colcon_core.shell:Creating package script '/home/lakshay/Walt/Sem7/IRob/Project/TurtleBot/install/turtlebot4_simulator/share/turtlebot4_simulator/package.bash'
[0.610s] INFO:colcon.colcon_core.shell:Creating package script '/home/lakshay/Walt/Sem7/IRob/Project/TurtleBot/install/turtlebot4_simulator/share/turtlebot4_simulator/package.zsh'
[0.610s] Level 1:colcon.colcon_core.environment:create_file_with_runtime_dependencies(/home/lakshay/Walt/Sem7/IRob/Project/TurtleBot/install/turtlebot4_simulator/share/colcon-core/packages/turtlebot4_simulator)
[0.610s] DEBUG:colcon.colcon_parallel_executor.executor.parallel:closing loop
[0.610s] DEBUG:colcon.colcon_parallel_executor.executor.parallel:loop closed
[0.611s] DEBUG:colcon.colcon_parallel_executor.executor.parallel:run_until_complete finished with '0'
[0.611s] DEBUG:colcon.colcon_core.event_reactor:joining thread
[0.616s] INFO:colcon.colcon_core.plugin_system:Skipping extension 'colcon_notification.desktop_notification.terminal_notifier': Not used on non-Darwin systems
[0.616s] INFO:colcon.colcon_core.plugin_system:Skipping extension 'colcon_notification.desktop_notification.win32': Not used on non-Windows systems
[0.616s] INFO:colcon.colcon_notification.desktop_notification:Sending desktop notification using 'notify2'
[0.629s] DEBUG:colcon.colcon_core.event_reactor:joined thread
[0.629s] INFO:colcon.colcon_core.shell:Creating prefix script '/home/lakshay/Walt/Sem7/IRob/Project/TurtleBot/install/local_setup.sh'
[0.630s] INFO:colcon.colcon_core.shell:Creating prefix util module '/home/lakshay/Walt/Sem7/IRob/Project/TurtleBot/install/_local_setup_util_sh.py'
[0.631s] INFO:colcon.colcon_core.shell:Creating prefix chain script '/home/lakshay/Walt/Sem7/IRob/Project/TurtleBot/install/setup.sh'
[0.632s] INFO:colcon.colcon_core.shell:Creating prefix script '/home/lakshay/Walt/Sem7/IRob/Project/TurtleBot/install/local_setup.bash'
[0.632s] INFO:colcon.colcon_core.shell:Creating prefix chain script '/home/lakshay/Walt/Sem7/IRob/Project/TurtleBot/install/setup.bash'
[0.633s] INFO:colcon.colcon_core.shell:Creating prefix script '/home/lakshay/Walt/Sem7/IRob/Project/TurtleBot/install/local_setup.zsh'
[0.634s] INFO:colcon.colcon_core.shell:Creating prefix chain script '/home/lakshay/Walt/Sem7/IRob/Project/TurtleBot/install/setup.zsh'
