[10.767s] Invoking command in '/home/lakshay/Walt/Sem7/IRob/Project/Feedback_Controller/src/fc': DEBUGINFOD_URLS=https://debuginfod.ubuntu.com PYTHONPATH=/home/lakshay/Walt/Sem7/IRob/Project/Feedback_Controller/build/fc/prefix_override:/usr/lib/python3/dist-packages/colcon_core/task/python/colcon_distutils_commands:/home/lakshay/Walt/Sem7/IRob/Project/Feedback_Controller/install/fc/lib/python3.12/site-packages:${PYTHONPATH} /usr/bin/python3 -W ignore:setup.py install is deprecated -W ignore:easy_install command is deprecated setup.py egg_info --egg-base ../../build/fc build --build-base /home/lakshay/Walt/Sem7/IRob/Project/Feedback_Controller/build/fc/build install --record /home/lakshay/Walt/Sem7/IRob/Project/Feedback_Controller/build/fc/install.log --single-version-externally-managed install_data
[14.276s] running egg_info
[14.541s] writing ../../build/fc/fc.egg-info/PKG-INFO
[14.544s] writing dependency_links to ../../build/fc/fc.egg-info/dependency_links.txt
[14.545s] writing entry points to ../../build/fc/fc.egg-info/entry_points.txt
[14.548s] writing requirements to ../../build/fc/fc.egg-info/requires.txt
[14.549s] writing top-level names to ../../build/fc/fc.egg-info/top_level.txt
[15.103s] reading manifest file '../../build/fc/fc.egg-info/SOURCES.txt'
[15.112s] writing manifest file '../../build/fc/fc.egg-info/SOURCES.txt'
[15.114s] running build
[15.116s] running build_py
[15.118s] copying fc/feedback.py -> /home/lakshay/Walt/Sem7/IRob/Project/Feedback_Controller/build/fc/build/lib/fc
[15.120s] running install
[15.199s] running install_lib
[15.471s] copying /home/lakshay/Walt/Sem7/IRob/Project/Feedback_Controller/build/fc/build/lib/fc/feedback.py -> /home/lakshay/Walt/Sem7/IRob/Project/Feedback_Controller/install/fc/lib/python3.12/site-packages/fc
[15.476s] byte-compiling /home/lakshay/Walt/Sem7/IRob/Project/Feedback_Controller/install/fc/lib/python3.12/site-packages/fc/feedback.py to feedback.cpython-312.pyc
[15.489s] running install_data
[15.490s] running install_egg_info
[15.793s] removing '/home/lakshay/Walt/Sem7/IRob/Project/Feedback_Controller/install/fc/lib/python3.12/site-packages/fc-0.0.0-py3.12.egg-info' (and everything under it)
[15.795s] Copying ../../build/fc/fc.egg-info to /home/lakshay/Walt/Sem7/IRob/Project/Feedback_Controller/install/fc/lib/python3.12/site-packages/fc-0.0.0-py3.12.egg-info
[15.804s] running install_scripts
[17.591s] Installing controller script to /home/lakshay/Walt/Sem7/IRob/Project/Feedback_Controller/install/fc/lib/fc
[17.596s] writing list of installed files to '/home/lakshay/Walt/Sem7/IRob/Project/Feedback_Controller/build/fc/install.log'
[17.883s] Invoked command in '/home/lakshay/Walt/Sem7/IRob/Project/Feedback_Controller/src/fc' returned '0': DEBUGINFOD_URLS=https://debuginfod.ubuntu.com PYTHONPATH=/home/lakshay/Walt/Sem7/IRob/Project/Feedback_Controller/build/fc/prefix_override:/usr/lib/python3/dist-packages/colcon_core/task/python/colcon_distutils_commands:/home/lakshay/Walt/Sem7/IRob/Project/Feedback_Controller/install/fc/lib/python3.12/site-packages:${PYTHONPATH} /usr/bin/python3 -W ignore:setup.py install is deprecated -W ignore:easy_install command is deprecated setup.py egg_info --egg-base ../../build/fc build --build-base /home/lakshay/Walt/Sem7/IRob/Project/Feedback_Controller/build/fc/build install --record /home/lakshay/Walt/Sem7/IRob/Project/Feedback_Controller/build/fc/install.log --single-version-externally-managed install_data
