[0.078s] DEBUG:colcon:Command line arguments: ['/usr/bin/colcon', 'build', '--symlink-install']
[0.078s] DEBUG:colcon:Parsed command line arguments: Namespace(log_base=None, log_level=None, verb_name='build', build_base='build', install_base='install', merge_install=False, symlink_install=True, test_result_base=None, continue_on_error=False, executor='parallel', parallel_workers=16, event_handlers=None, ignore_user_meta=False, metas=['./colcon.meta'], base_paths=['.'], packages_ignore=None, packages_ignore_regex=None, paths=None, packages_up_to=None, packages_up_to_regex=None, packages_above=None, packages_above_and_dependencies=None, packages_above_depth=None, packages_select_by_dep=None, packages_skip_by_dep=None, packages_skip_up_to=None, packages_select_build_failed=False, packages_skip_build_finished=False, packages_select_test_failures=False, packages_skip_test_passed=False, packages_select=None, packages_skip=None, packages_select_regex=None, packages_skip_regex=None, packages_start=None, packages_end=None, cmake_args=None, cmake_target=None, cmake_target_skip_unavailable=False, cmake_clean_cache=False, cmake_clean_first=False, cmake_force_configure=False, ament_cmake_args=None, catkin_cmake_args=None, catkin_skip_building_tests=False, verb_parser=<colcon_defaults.argument_parser.defaults.DefaultArgumentsDecorator object at 0x7bd73b10a330>, verb_extension=<colcon_core.verb.build.BuildVerb object at 0x7bd73b2a96d0>, main=<bound method BuildVerb.main of <colcon_core.verb.build.BuildVerb object at 0x7bd73b2a96d0>>)
[0.108s] Level 1:colcon.colcon_core.package_discovery:discover_packages(colcon_meta) check parameters
[0.108s] Level 1:colcon.colcon_core.package_discovery:discover_packages(recursive) check parameters
[0.108s] Level 1:colcon.colcon_core.package_discovery:discover_packages(ignore) check parameters
[0.108s] Level 1:colcon.colcon_core.package_discovery:discover_packages(path) check parameters
[0.108s] Level 1:colcon.colcon_core.package_discovery:discover_packages(colcon_meta) discover
[0.108s] Level 1:colcon.colcon_core.package_discovery:discover_packages(recursive) discover
[0.108s] INFO:colcon.colcon_core.package_discovery:Crawling recursively for packages in '/home/lakshay/Walt/Sem7/IRob/Project/TurtleBot'
[0.109s] Level 1:colcon.colcon_core.package_identification:_identify(.) by extensions ['ignore', 'ignore_ament_install']
[0.109s] Level 1:colcon.colcon_core.package_identification:_identify(.) by extension 'ignore'
[0.109s] Level 1:colcon.colcon_core.package_identification:_identify(.) by extension 'ignore_ament_install'
[0.109s] Level 1:colcon.colcon_core.package_identification:_identify(.) by extensions ['colcon_pkg']
[0.109s] Level 1:colcon.colcon_core.package_identification:_identify(.) by extension 'colcon_pkg'
[0.109s] Level 1:colcon.colcon_core.package_identification:_identify(.) by extensions ['colcon_meta']
[0.109s] Level 1:colcon.colcon_core.package_identification:_identify(.) by extension 'colcon_meta'
[0.109s] Level 1:colcon.colcon_core.package_identification:_identify(.) by extensions ['ros']
[0.109s] Level 1:colcon.colcon_core.package_identification:_identify(.) by extension 'ros'
[0.127s] Level 1:colcon.colcon_core.package_identification:_identify(.) by extensions ['cmake', 'python']
[0.127s] Level 1:colcon.colcon_core.package_identification:_identify(.) by extension 'cmake'
[0.127s] Level 1:colcon.colcon_core.package_identification:_identify(.) by extension 'python'
[0.128s] Level 1:colcon.colcon_core.package_identification:_identify(.) by extensions ['python_setup_py']
[0.128s] Level 1:colcon.colcon_core.package_identification:_identify(.) by extension 'python_setup_py'
[0.128s] Level 1:colcon.colcon_core.package_identification:_identify(build) by extensions ['ignore', 'ignore_ament_install']
[0.128s] Level 1:colcon.colcon_core.package_identification:_identify(build) by extension 'ignore'
[0.128s] Level 1:colcon.colcon_core.package_identification:_identify(build) ignored
[0.128s] Level 1:colcon.colcon_core.package_identification:_identify(install) by extensions ['ignore', 'ignore_ament_install']
[0.128s] Level 1:colcon.colcon_core.package_identification:_identify(install) by extension 'ignore'
[0.128s] Level 1:colcon.colcon_core.package_identification:_identify(install) ignored
[0.128s] Level 1:colcon.colcon_core.package_identification:_identify(log) by extensions ['ignore', 'ignore_ament_install']
[0.128s] Level 1:colcon.colcon_core.package_identification:_identify(log) by extension 'ignore'
[0.128s] Level 1:colcon.colcon_core.package_identification:_identify(log) ignored
[0.128s] Level 1:colcon.colcon_core.package_identification:_identify(src) by extensions ['ignore', 'ignore_ament_install']
[0.128s] Level 1:colcon.colcon_core.package_identification:_identify(src) by extension 'ignore'
[0.128s] Level 1:colcon.colcon_core.package_identification:_identify(src) by extension 'ignore_ament_install'
[0.128s] Level 1:colcon.colcon_core.package_identification:_identify(src) by extensions ['colcon_pkg']
[0.128s] Level 1:colcon.colcon_core.package_identification:_identify(src) by extension 'colcon_pkg'
[0.128s] Level 1:colcon.colcon_core.package_identification:_identify(src) by extensions ['colcon_meta']
[0.128s] Level 1:colcon.colcon_core.package_identification:_identify(src) by extension 'colcon_meta'
[0.128s] Level 1:colcon.colcon_core.package_identification:_identify(src) by extensions ['ros']
[0.128s] Level 1:colcon.colcon_core.package_identification:_identify(src) by extension 'ros'
[0.129s] Level 1:colcon.colcon_core.package_identification:_identify(src) by extensions ['cmake', 'python']
[0.129s] Level 1:colcon.colcon_core.package_identification:_identify(src) by extension 'cmake'
[0.129s] Level 1:colcon.colcon_core.package_identification:_identify(src) by extension 'python'
[0.129s] Level 1:colcon.colcon_core.package_identification:_identify(src) by extensions ['python_setup_py']
[0.129s] Level 1:colcon.colcon_core.package_identification:_identify(src) by extension 'python_setup_py'
[0.129s] Level 1:colcon.colcon_core.package_identification:_identify(src/turtlebot4_simulator) by extensions ['ignore', 'ignore_ament_install']
[0.129s] Level 1:colcon.colcon_core.package_identification:_identify(src/turtlebot4_simulator) by extension 'ignore'
[0.129s] Level 1:colcon.colcon_core.package_identification:_identify(src/turtlebot4_simulator) by extension 'ignore_ament_install'
[0.129s] Level 1:colcon.colcon_core.package_identification:_identify(src/turtlebot4_simulator) by extensions ['colcon_pkg']
[0.129s] Level 1:colcon.colcon_core.package_identification:_identify(src/turtlebot4_simulator) by extension 'colcon_pkg'
[0.129s] Level 1:colcon.colcon_core.package_identification:_identify(src/turtlebot4_simulator) by extensions ['colcon_meta']
[0.129s] Level 1:colcon.colcon_core.package_identification:_identify(src/turtlebot4_simulator) by extension 'colcon_meta'
[0.129s] Level 1:colcon.colcon_core.package_identification:_identify(src/turtlebot4_simulator) by extensions ['ros']
[0.129s] Level 1:colcon.colcon_core.package_identification:_identify(src/turtlebot4_simulator) by extension 'ros'
[0.129s] Level 1:colcon.colcon_core.package_identification:_identify(src/turtlebot4_simulator) by extensions ['cmake', 'python']
[0.129s] Level 1:colcon.colcon_core.package_identification:_identify(src/turtlebot4_simulator) by extension 'cmake'
[0.129s] Level 1:colcon.colcon_core.package_identification:_identify(src/turtlebot4_simulator) by extension 'python'
[0.129s] Level 1:colcon.colcon_core.package_identification:_identify(src/turtlebot4_simulator) by extensions ['python_setup_py']
[0.129s] Level 1:colcon.colcon_core.package_identification:_identify(src/turtlebot4_simulator) by extension 'python_setup_py'
[0.129s] Level 1:colcon.colcon_core.package_identification:_identify(src/turtlebot4_simulator/turtlebot4_gz_bringup) by extensions ['ignore', 'ignore_ament_install']
[0.129s] Level 1:colcon.colcon_core.package_identification:_identify(src/turtlebot4_simulator/turtlebot4_gz_bringup) by extension 'ignore'
[0.129s] Level 1:colcon.colcon_core.package_identification:_identify(src/turtlebot4_simulator/turtlebot4_gz_bringup) by extension 'ignore_ament_install'
[0.129s] Level 1:colcon.colcon_core.package_identification:_identify(src/turtlebot4_simulator/turtlebot4_gz_bringup) by extensions ['colcon_pkg']
[0.129s] Level 1:colcon.colcon_core.package_identification:_identify(src/turtlebot4_simulator/turtlebot4_gz_bringup) by extension 'colcon_pkg'
[0.129s] Level 1:colcon.colcon_core.package_identification:_identify(src/turtlebot4_simulator/turtlebot4_gz_bringup) by extensions ['colcon_meta']
[0.129s] Level 1:colcon.colcon_core.package_identification:_identify(src/turtlebot4_simulator/turtlebot4_gz_bringup) by extension 'colcon_meta'
[0.130s] Level 1:colcon.colcon_core.package_identification:_identify(src/turtlebot4_simulator/turtlebot4_gz_bringup) by extensions ['ros']
[0.130s] Level 1:colcon.colcon_core.package_identification:_identify(src/turtlebot4_simulator/turtlebot4_gz_bringup) by extension 'ros'
[0.132s] DEBUG:colcon.colcon_core.package_identification:Package 'src/turtlebot4_simulator/turtlebot4_gz_bringup' with type 'ros.ament_cmake' and name 'turtlebot4_gz_bringup'
[0.132s] Level 1:colcon.colcon_core.package_identification:_identify(src/turtlebot4_simulator/turtlebot4_gz_gui_plugins) by extensions ['ignore', 'ignore_ament_install']
[0.133s] Level 1:colcon.colcon_core.package_identification:_identify(src/turtlebot4_simulator/turtlebot4_gz_gui_plugins) by extension 'ignore'
[0.133s] Level 1:colcon.colcon_core.package_identification:_identify(src/turtlebot4_simulator/turtlebot4_gz_gui_plugins) by extension 'ignore_ament_install'
[0.133s] Level 1:colcon.colcon_core.package_identification:_identify(src/turtlebot4_simulator/turtlebot4_gz_gui_plugins) by extensions ['colcon_pkg']
[0.133s] Level 1:colcon.colcon_core.package_identification:_identify(src/turtlebot4_simulator/turtlebot4_gz_gui_plugins) by extension 'colcon_pkg'
[0.133s] Level 1:colcon.colcon_core.package_identification:_identify(src/turtlebot4_simulator/turtlebot4_gz_gui_plugins) by extensions ['colcon_meta']
[0.133s] Level 1:colcon.colcon_core.package_identification:_identify(src/turtlebot4_simulator/turtlebot4_gz_gui_plugins) by extension 'colcon_meta'
[0.133s] Level 1:colcon.colcon_core.package_identification:_identify(src/turtlebot4_simulator/turtlebot4_gz_gui_plugins) by extensions ['ros']
[0.133s] Level 1:colcon.colcon_core.package_identification:_identify(src/turtlebot4_simulator/turtlebot4_gz_gui_plugins) by extension 'ros'
[0.133s] DEBUG:colcon.colcon_core.package_identification:Package 'src/turtlebot4_simulator/turtlebot4_gz_gui_plugins' with type 'ros.ament_cmake' and name 'turtlebot4_gz_gui_plugins'
[0.133s] Level 1:colcon.colcon_core.package_identification:_identify(src/turtlebot4_simulator/turtlebot4_gz_toolbox) by extensions ['ignore', 'ignore_ament_install']
[0.133s] Level 1:colcon.colcon_core.package_identification:_identify(src/turtlebot4_simulator/turtlebot4_gz_toolbox) by extension 'ignore'
[0.133s] Level 1:colcon.colcon_core.package_identification:_identify(src/turtlebot4_simulator/turtlebot4_gz_toolbox) by extension 'ignore_ament_install'
[0.133s] Level 1:colcon.colcon_core.package_identification:_identify(src/turtlebot4_simulator/turtlebot4_gz_toolbox) by extensions ['colcon_pkg']
[0.133s] Level 1:colcon.colcon_core.package_identification:_identify(src/turtlebot4_simulator/turtlebot4_gz_toolbox) by extension 'colcon_pkg'
[0.134s] Level 1:colcon.colcon_core.package_identification:_identify(src/turtlebot4_simulator/turtlebot4_gz_toolbox) by extensions ['colcon_meta']
[0.134s] Level 1:colcon.colcon_core.package_identification:_identify(src/turtlebot4_simulator/turtlebot4_gz_toolbox) by extension 'colcon_meta'
[0.134s] Level 1:colcon.colcon_core.package_identification:_identify(src/turtlebot4_simulator/turtlebot4_gz_toolbox) by extensions ['ros']
[0.134s] Level 1:colcon.colcon_core.package_identification:_identify(src/turtlebot4_simulator/turtlebot4_gz_toolbox) by extension 'ros'
[0.134s] DEBUG:colcon.colcon_core.package_identification:Package 'src/turtlebot4_simulator/turtlebot4_gz_toolbox' with type 'ros.ament_cmake' and name 'turtlebot4_gz_toolbox'
[0.134s] Level 1:colcon.colcon_core.package_identification:_identify(src/turtlebot4_simulator/turtlebot4_simulator) by extensions ['ignore', 'ignore_ament_install']
[0.134s] Level 1:colcon.colcon_core.package_identification:_identify(src/turtlebot4_simulator/turtlebot4_simulator) by extension 'ignore'
[0.134s] Level 1:colcon.colcon_core.package_identification:_identify(src/turtlebot4_simulator/turtlebot4_simulator) by extension 'ignore_ament_install'
[0.134s] Level 1:colcon.colcon_core.package_identification:_identify(src/turtlebot4_simulator/turtlebot4_simulator) by extensions ['colcon_pkg']
[0.134s] Level 1:colcon.colcon_core.package_identification:_identify(src/turtlebot4_simulator/turtlebot4_simulator) by extension 'colcon_pkg'
[0.134s] Level 1:colcon.colcon_core.package_identification:_identify(src/turtlebot4_simulator/turtlebot4_simulator) by extensions ['colcon_meta']
[0.134s] Level 1:colcon.colcon_core.package_identification:_identify(src/turtlebot4_simulator/turtlebot4_simulator) by extension 'colcon_meta'
[0.134s] Level 1:colcon.colcon_core.package_identification:_identify(src/turtlebot4_simulator/turtlebot4_simulator) by extensions ['ros']
[0.134s] Level 1:colcon.colcon_core.package_identification:_identify(src/turtlebot4_simulator/turtlebot4_simulator) by extension 'ros'
[0.135s] DEBUG:colcon.colcon_core.package_identification:Package 'src/turtlebot4_simulator/turtlebot4_simulator' with type 'ros.ament_cmake' and name 'turtlebot4_simulator'
[0.135s] Level 1:colcon.colcon_core.package_discovery:discover_packages(recursive) using defaults
[0.135s] Level 1:colcon.colcon_core.package_discovery:discover_packages(ignore) discover
[0.135s] Level 1:colcon.colcon_core.package_discovery:discover_packages(ignore) using defaults
[0.135s] Level 1:colcon.colcon_core.package_discovery:discover_packages(path) discover
[0.135s] Level 1:colcon.colcon_core.package_discovery:discover_packages(path) using defaults
[0.148s] Level 5:colcon.colcon_core.verb:set package 'turtlebot4_gz_gui_plugins' build argument 'cmake_args' from command line to 'None'
[0.148s] Level 5:colcon.colcon_core.verb:set package 'turtlebot4_gz_gui_plugins' build argument 'cmake_target' from command line to 'None'
[0.148s] Level 5:colcon.colcon_core.verb:set package 'turtlebot4_gz_gui_plugins' build argument 'cmake_target_skip_unavailable' from command line to 'False'
[0.148s] Level 5:colcon.colcon_core.verb:set package 'turtlebot4_gz_gui_plugins' build argument 'cmake_clean_cache' from command line to 'False'
[0.148s] Level 5:colcon.colcon_core.verb:set package 'turtlebot4_gz_gui_plugins' build argument 'cmake_clean_first' from command line to 'False'
[0.148s] Level 5:colcon.colcon_core.verb:set package 'turtlebot4_gz_gui_plugins' build argument 'cmake_force_configure' from command line to 'False'
[0.148s] Level 5:colcon.colcon_core.verb:set package 'turtlebot4_gz_gui_plugins' build argument 'ament_cmake_args' from command line to 'None'
[0.148s] Level 5:colcon.colcon_core.verb:set package 'turtlebot4_gz_gui_plugins' build argument 'catkin_cmake_args' from command line to 'None'
[0.148s] Level 5:colcon.colcon_core.verb:set package 'turtlebot4_gz_gui_plugins' build argument 'catkin_skip_building_tests' from command line to 'False'
[0.148s] DEBUG:colcon.colcon_core.verb:Building package 'turtlebot4_gz_gui_plugins' with the following arguments: {'ament_cmake_args': None, 'build_base': '/home/lakshay/Walt/Sem7/IRob/Project/TurtleBot/build/turtlebot4_gz_gui_plugins', 'catkin_cmake_args': None, 'catkin_skip_building_tests': False, 'cmake_args': None, 'cmake_clean_cache': False, 'cmake_clean_first': False, 'cmake_force_configure': False, 'cmake_target': None, 'cmake_target_skip_unavailable': False, 'install_base': '/home/lakshay/Walt/Sem7/IRob/Project/TurtleBot/install/turtlebot4_gz_gui_plugins', 'merge_install': False, 'path': '/home/lakshay/Walt/Sem7/IRob/Project/TurtleBot/src/turtlebot4_simulator/turtlebot4_gz_gui_plugins', 'symlink_install': True, 'test_result_base': None}
[0.149s] Level 5:colcon.colcon_core.verb:set package 'turtlebot4_gz_toolbox' build argument 'cmake_args' from command line to 'None'
[0.149s] Level 5:colcon.colcon_core.verb:set package 'turtlebot4_gz_toolbox' build argument 'cmake_target' from command line to 'None'
[0.149s] Level 5:colcon.colcon_core.verb:set package 'turtlebot4_gz_toolbox' build argument 'cmake_target_skip_unavailable' from command line to 'False'
[0.149s] Level 5:colcon.colcon_core.verb:set package 'turtlebot4_gz_toolbox' build argument 'cmake_clean_cache' from command line to 'False'
[0.149s] Level 5:colcon.colcon_core.verb:set package 'turtlebot4_gz_toolbox' build argument 'cmake_clean_first' from command line to 'False'
[0.149s] Level 5:colcon.colcon_core.verb:set package 'turtlebot4_gz_toolbox' build argument 'cmake_force_configure' from command line to 'False'
[0.149s] Level 5:colcon.colcon_core.verb:set package 'turtlebot4_gz_toolbox' build argument 'ament_cmake_args' from command line to 'None'
[0.149s] Level 5:colcon.colcon_core.verb:set package 'turtlebot4_gz_toolbox' build argument 'catkin_cmake_args' from command line to 'None'
[0.149s] Level 5:colcon.colcon_core.verb:set package 'turtlebot4_gz_toolbox' build argument 'catkin_skip_building_tests' from command line to 'False'
[0.149s] DEBUG:colcon.colcon_core.verb:Building package 'turtlebot4_gz_toolbox' with the following arguments: {'ament_cmake_args': None, 'build_base': '/home/lakshay/Walt/Sem7/IRob/Project/TurtleBot/build/turtlebot4_gz_toolbox', 'catkin_cmake_args': None, 'catkin_skip_building_tests': False, 'cmake_args': None, 'cmake_clean_cache': False, 'cmake_clean_first': False, 'cmake_force_configure': False, 'cmake_target': None, 'cmake_target_skip_unavailable': False, 'install_base': '/home/lakshay/Walt/Sem7/IRob/Project/TurtleBot/install/turtlebot4_gz_toolbox', 'merge_install': False, 'path': '/home/lakshay/Walt/Sem7/IRob/Project/TurtleBot/src/turtlebot4_simulator/turtlebot4_gz_toolbox', 'symlink_install': True, 'test_result_base': None}
[0.149s] Level 5:colcon.colcon_core.verb:set package 'turtlebot4_gz_bringup' build argument 'cmake_args' from command line to 'None'
[0.149s] Level 5:colcon.colcon_core.verb:set package 'turtlebot4_gz_bringup' build argument 'cmake_target' from command line to 'None'
[0.149s] Level 5:colcon.colcon_core.verb:set package 'turtlebot4_gz_bringup' build argument 'cmake_target_skip_unavailable' from command line to 'False'
[0.149s] Level 5:colcon.colcon_core.verb:set package 'turtlebot4_gz_bringup' build argument 'cmake_clean_cache' from command line to 'False'
[0.149s] Level 5:colcon.colcon_core.verb:set package 'turtlebot4_gz_bringup' build argument 'cmake_clean_first' from command line to 'False'
[0.149s] Level 5:colcon.colcon_core.verb:set package 'turtlebot4_gz_bringup' build argument 'cmake_force_configure' from command line to 'False'
[0.149s] Level 5:colcon.colcon_core.verb:set package 'turtlebot4_gz_bringup' build argument 'ament_cmake_args' from command line to 'None'
[0.149s] Level 5:colcon.colcon_core.verb:set package 'turtlebot4_gz_bringup' build argument 'catkin_cmake_args' from command line to 'None'
[0.149s] Level 5:colcon.colcon_core.verb:set package 'turtlebot4_gz_bringup' build argument 'catkin_skip_building_tests' from command line to 'False'
[0.149s] DEBUG:colcon.colcon_core.verb:Building package 'turtlebot4_gz_bringup' with the following arguments: {'ament_cmake_args': None, 'build_base': '/home/lakshay/Walt/Sem7/IRob/Project/TurtleBot/build/turtlebot4_gz_bringup', 'catkin_cmake_args': None, 'catkin_skip_building_tests': False, 'cmake_args': None, 'cmake_clean_cache': False, 'cmake_clean_first': False, 'cmake_force_configure': False, 'cmake_target': None, 'cmake_target_skip_unavailable': False, 'install_base': '/home/lakshay/Walt/Sem7/IRob/Project/TurtleBot/install/turtlebot4_gz_bringup', 'merge_install': False, 'path': '/home/lakshay/Walt/Sem7/IRob/Project/TurtleBot/src/turtlebot4_simulator/turtlebot4_gz_bringup', 'symlink_install': True, 'test_result_base': None}
[0.149s] Level 5:colcon.colcon_core.verb:set package 'turtlebot4_simulator' build argument 'cmake_args' from command line to 'None'
[0.149s] Level 5:colcon.colcon_core.verb:set package 'turtlebot4_simulator' build argument 'cmake_target' from command line to 'None'
[0.149s] Level 5:colcon.colcon_core.verb:set package 'turtlebot4_simulator' build argument 'cmake_target_skip_unavailable' from command line to 'False'
[0.149s] Level 5:colcon.colcon_core.verb:set package 'turtlebot4_simulator' build argument 'cmake_clean_cache' from command line to 'False'
[0.149s] Level 5:colcon.colcon_core.verb:set package 'turtlebot4_simulator' build argument 'cmake_clean_first' from command line to 'False'
[0.149s] Level 5:colcon.colcon_core.verb:set package 'turtlebot4_simulator' build argument 'cmake_force_configure' from command line to 'False'
[0.149s] Level 5:colcon.colcon_core.verb:set package 'turtlebot4_simulator' build argument 'ament_cmake_args' from command line to 'None'
[0.149s] Level 5:colcon.colcon_core.verb:set package 'turtlebot4_simulator' build argument 'catkin_cmake_args' from command line to 'None'
[0.149s] Level 5:colcon.colcon_core.verb:set package 'turtlebot4_simulator' build argument 'catkin_skip_building_tests' from command line to 'False'
[0.149s] DEBUG:colcon.colcon_core.verb:Building package 'turtlebot4_simulator' with the following arguments: {'ament_cmake_args': None, 'build_base': '/home/lakshay/Walt/Sem7/IRob/Project/TurtleBot/build/turtlebot4_simulator', 'catkin_cmake_args': None, 'catkin_skip_building_tests': False, 'cmake_args': None, 'cmake_clean_cache': False, 'cmake_clean_first': False, 'cmake_force_configure': False, 'cmake_target': None, 'cmake_target_skip_unavailable': False, 'install_base': '/home/lakshay/Walt/Sem7/IRob/Project/TurtleBot/install/turtlebot4_simulator', 'merge_install': False, 'path': '/home/lakshay/Walt/Sem7/IRob/Project/TurtleBot/src/turtlebot4_simulator/turtlebot4_simulator', 'symlink_install': True, 'test_result_base': None}
[0.149s] INFO:colcon.colcon_core.executor:Executing jobs using 'parallel' executor
[0.150s] DEBUG:colcon.colcon_parallel_executor.executor.parallel:run_until_complete
[0.150s] INFO:colcon.colcon_ros.task.ament_cmake.build:Building ROS package in '/home/lakshay/Walt/Sem7/IRob/Project/TurtleBot/src/turtlebot4_simulator/turtlebot4_gz_gui_plugins' with build type 'ament_cmake'
[0.150s] INFO:colcon.colcon_cmake.task.cmake.build:Building CMake package in '/home/lakshay/Walt/Sem7/IRob/Project/TurtleBot/src/turtlebot4_simulator/turtlebot4_gz_gui_plugins'
[0.152s] INFO:colcon.colcon_core.plugin_system:Skipping extension 'colcon_core.shell.bat': Not used on non-Windows systems
[0.152s] DEBUG:colcon.colcon_core.shell:Skip shell extension 'dsv' for command environment
[0.153s] WARNING:colcon.colcon_ros.prefix_path.ament:The path '/home/lakshay/Walt/Sem7/IRob/Project/TurtleBot/install/turtlebot4_desktop' in the environment variable AMENT_PREFIX_PATH doesn't exist
[0.153s] WARNING:colcon.colcon_ros.prefix_path.ament:The path '/home/lakshay/Walt/Sem7/IRob/Project/TurtleBot/install/turtlebot4_viz' in the environment variable AMENT_PREFIX_PATH doesn't exist
[0.153s] WARNING:colcon.colcon_ros.prefix_path.catkin:The path '/home/lakshay/Walt/Sem7/IRob/Project/TurtleBot/install/turtlebot4_desktop' in the environment variable CMAKE_PREFIX_PATH doesn't exist
[0.153s] WARNING:colcon.colcon_ros.prefix_path.catkin:The path '/home/lakshay/Walt/Sem7/IRob/Project/TurtleBot/install/turtlebot4_viz' in the environment variable CMAKE_PREFIX_PATH doesn't exist
[0.157s] INFO:colcon.colcon_ros.task.ament_cmake.build:Building ROS package in '/home/lakshay/Walt/Sem7/IRob/Project/TurtleBot/src/turtlebot4_simulator/turtlebot4_gz_toolbox' with build type 'ament_cmake'
[0.157s] INFO:colcon.colcon_cmake.task.cmake.build:Building CMake package in '/home/lakshay/Walt/Sem7/IRob/Project/TurtleBot/src/turtlebot4_simulator/turtlebot4_gz_toolbox'
[0.157s] DEBUG:colcon.colcon_core.shell:Skip shell extension 'dsv' for command environment
[0.165s] DEBUG:colcon.colcon_core.event_handler.log_command:Invoking command in '/home/lakshay/Walt/Sem7/IRob/Project/TurtleBot/build/turtlebot4_gz_gui_plugins': CMAKE_PREFIX_PATH=${CMAKE_PREFIX_PATH}:/home/lakshay/Walt/Sem7/IRob/Project/Feedback_Controller/install/fc:/opt/ros/jazzy DEBUGINFOD_URLS=https://debuginfod.ubuntu.com /usr/bin/cmake /home/lakshay/Walt/Sem7/IRob/Project/TurtleBot/src/turtlebot4_simulator/turtlebot4_gz_gui_plugins -DAMENT_CMAKE_SYMLINK_INSTALL=1 -DCMAKE_INSTALL_PREFIX=/home/lakshay/Walt/Sem7/IRob/Project/TurtleBot/install/turtlebot4_gz_gui_plugins
[0.169s] DEBUG:colcon.colcon_core.event_handler.log_command:Invoking command in '/home/lakshay/Walt/Sem7/IRob/Project/TurtleBot/build/turtlebot4_gz_toolbox': CMAKE_PREFIX_PATH=${CMAKE_PREFIX_PATH}:/home/lakshay/Walt/Sem7/IRob/Project/Feedback_Controller/install/fc:/opt/ros/jazzy DEBUGINFOD_URLS=https://debuginfod.ubuntu.com /usr/bin/cmake /home/lakshay/Walt/Sem7/IRob/Project/TurtleBot/src/turtlebot4_simulator/turtlebot4_gz_toolbox -DAMENT_CMAKE_SYMLINK_INSTALL=1 -DCMAKE_INSTALL_PREFIX=/home/lakshay/Walt/Sem7/IRob/Project/TurtleBot/install/turtlebot4_gz_toolbox
[1.410s] DEBUG:colcon.colcon_core.event_handler.log_command:Invoked command in '/home/lakshay/Walt/Sem7/IRob/Project/TurtleBot/build/turtlebot4_gz_toolbox' returned '0': CMAKE_PREFIX_PATH=${CMAKE_PREFIX_PATH}:/home/lakshay/Walt/Sem7/IRob/Project/Feedback_Controller/install/fc:/opt/ros/jazzy DEBUGINFOD_URLS=https://debuginfod.ubuntu.com /usr/bin/cmake /home/lakshay/Walt/Sem7/IRob/Project/TurtleBot/src/turtlebot4_simulator/turtlebot4_gz_toolbox -DAMENT_CMAKE_SYMLINK_INSTALL=1 -DCMAKE_INSTALL_PREFIX=/home/lakshay/Walt/Sem7/IRob/Project/TurtleBot/install/turtlebot4_gz_toolbox
[1.411s] DEBUG:colcon.colcon_core.event_handler.log_command:Invoking command in '/home/lakshay/Walt/Sem7/IRob/Project/TurtleBot/build/turtlebot4_gz_toolbox': CMAKE_PREFIX_PATH=${CMAKE_PREFIX_PATH}:/home/lakshay/Walt/Sem7/IRob/Project/Feedback_Controller/install/fc:/opt/ros/jazzy DEBUGINFOD_URLS=https://debuginfod.ubuntu.com /usr/bin/cmake --build /home/lakshay/Walt/Sem7/IRob/Project/TurtleBot/build/turtlebot4_gz_toolbox -- -j16 -l16
[1.607s] DEBUG:colcon.colcon_core.event_handler.log_command:Invoked command in '/home/lakshay/Walt/Sem7/IRob/Project/TurtleBot/build/turtlebot4_gz_gui_plugins' returned '0': CMAKE_PREFIX_PATH=${CMAKE_PREFIX_PATH}:/home/lakshay/Walt/Sem7/IRob/Project/Feedback_Controller/install/fc:/opt/ros/jazzy DEBUGINFOD_URLS=https://debuginfod.ubuntu.com /usr/bin/cmake /home/lakshay/Walt/Sem7/IRob/Project/TurtleBot/src/turtlebot4_simulator/turtlebot4_gz_gui_plugins -DAMENT_CMAKE_SYMLINK_INSTALL=1 -DCMAKE_INSTALL_PREFIX=/home/lakshay/Walt/Sem7/IRob/Project/TurtleBot/install/turtlebot4_gz_gui_plugins
[1.608s] DEBUG:colcon.colcon_core.event_handler.log_command:Invoking command in '/home/lakshay/Walt/Sem7/IRob/Project/TurtleBot/build/turtlebot4_gz_gui_plugins': CMAKE_PREFIX_PATH=${CMAKE_PREFIX_PATH}:/home/lakshay/Walt/Sem7/IRob/Project/Feedback_Controller/install/fc:/opt/ros/jazzy DEBUGINFOD_URLS=https://debuginfod.ubuntu.com /usr/bin/cmake --build /home/lakshay/Walt/Sem7/IRob/Project/TurtleBot/build/turtlebot4_gz_gui_plugins -- -j16 -l16
[9.020s] DEBUG:colcon.colcon_core.event_handler.log_command:Invoked command in '/home/lakshay/Walt/Sem7/IRob/Project/TurtleBot/build/turtlebot4_gz_gui_plugins' returned '0': CMAKE_PREFIX_PATH=${CMAKE_PREFIX_PATH}:/home/lakshay/Walt/Sem7/IRob/Project/Feedback_Controller/install/fc:/opt/ros/jazzy DEBUGINFOD_URLS=https://debuginfod.ubuntu.com /usr/bin/cmake --build /home/lakshay/Walt/Sem7/IRob/Project/TurtleBot/build/turtlebot4_gz_gui_plugins -- -j16 -l16
[9.030s] DEBUG:colcon.colcon_core.event_handler.log_command:Invoking command in '/home/lakshay/Walt/Sem7/IRob/Project/TurtleBot/build/turtlebot4_gz_gui_plugins': CMAKE_PREFIX_PATH=${CMAKE_PREFIX_PATH}:/home/lakshay/Walt/Sem7/IRob/Project/Feedback_Controller/install/fc:/opt/ros/jazzy DEBUGINFOD_URLS=https://debuginfod.ubuntu.com /usr/bin/cmake --install /home/lakshay/Walt/Sem7/IRob/Project/TurtleBot/build/turtlebot4_gz_gui_plugins
[9.197s] Level 1:colcon.colcon_core.environment:create_environment_scripts_only(turtlebot4_gz_gui_plugins)
[9.198s] DEBUG:colcon.colcon_core.event_handler.log_command:Invoked command in '/home/lakshay/Walt/Sem7/IRob/Project/TurtleBot/build/turtlebot4_gz_gui_plugins' returned '0': CMAKE_PREFIX_PATH=${CMAKE_PREFIX_PATH}:/home/lakshay/Walt/Sem7/IRob/Project/Feedback_Controller/install/fc:/opt/ros/jazzy DEBUGINFOD_URLS=https://debuginfod.ubuntu.com /usr/bin/cmake --install /home/lakshay/Walt/Sem7/IRob/Project/TurtleBot/build/turtlebot4_gz_gui_plugins
[9.199s] Level 1:colcon.colcon_core.environment:checking '/home/lakshay/Walt/Sem7/IRob/Project/TurtleBot/install/turtlebot4_gz_gui_plugins' for CMake module files
[9.200s] Level 1:colcon.colcon_core.environment:checking '/home/lakshay/Walt/Sem7/IRob/Project/TurtleBot/install/turtlebot4_gz_gui_plugins' for CMake config files
[9.200s] Level 1:colcon.colcon_core.shell:create_environment_hook('turtlebot4_gz_gui_plugins', 'cmake_prefix_path')
[9.200s] INFO:colcon.colcon_core.shell:Creating environment descriptor '/home/lakshay/Walt/Sem7/IRob/Project/TurtleBot/install/turtlebot4_gz_gui_plugins/share/turtlebot4_gz_gui_plugins/hook/cmake_prefix_path.dsv'
[9.201s] INFO:colcon.colcon_core.shell:Creating environment hook '/home/lakshay/Walt/Sem7/IRob/Project/TurtleBot/install/turtlebot4_gz_gui_plugins/share/turtlebot4_gz_gui_plugins/hook/cmake_prefix_path.sh'
[9.201s] Level 1:colcon.colcon_core.environment:checking '/home/lakshay/Walt/Sem7/IRob/Project/TurtleBot/install/turtlebot4_gz_gui_plugins/bin'
[9.201s] Level 1:colcon.colcon_core.environment:checking '/home/lakshay/Walt/Sem7/IRob/Project/TurtleBot/install/turtlebot4_gz_gui_plugins/lib/pkgconfig/turtlebot4_gz_gui_plugins.pc'
[9.203s] Level 1:colcon.colcon_core.environment:checking '/home/lakshay/Walt/Sem7/IRob/Project/TurtleBot/install/turtlebot4_gz_gui_plugins/lib/python3.12/site-packages'
[9.203s] Level 1:colcon.colcon_core.environment:checking '/home/lakshay/Walt/Sem7/IRob/Project/TurtleBot/install/turtlebot4_gz_gui_plugins/bin'
[9.203s] INFO:colcon.colcon_core.shell:Creating package descriptor '/home/lakshay/Walt/Sem7/IRob/Project/TurtleBot/install/turtlebot4_gz_gui_plugins/share/turtlebot4_gz_gui_plugins/package.dsv'
[9.204s] INFO:colcon.colcon_core.shell:Creating package script '/home/lakshay/Walt/Sem7/IRob/Project/TurtleBot/install/turtlebot4_gz_gui_plugins/share/turtlebot4_gz_gui_plugins/package.sh'
[9.204s] INFO:colcon.colcon_core.shell:Creating package script '/home/lakshay/Walt/Sem7/IRob/Project/TurtleBot/install/turtlebot4_gz_gui_plugins/share/turtlebot4_gz_gui_plugins/package.bash'
[9.204s] INFO:colcon.colcon_core.shell:Creating package script '/home/lakshay/Walt/Sem7/IRob/Project/TurtleBot/install/turtlebot4_gz_gui_plugins/share/turtlebot4_gz_gui_plugins/package.zsh'
[9.205s] Level 1:colcon.colcon_core.environment:create_file_with_runtime_dependencies(/home/lakshay/Walt/Sem7/IRob/Project/TurtleBot/install/turtlebot4_gz_gui_plugins/share/colcon-core/packages/turtlebot4_gz_gui_plugins)
[9.205s] Level 1:colcon.colcon_core.environment:create_environment_scripts_only(turtlebot4_gz_gui_plugins)
[9.205s] Level 1:colcon.colcon_core.environment:checking '/home/lakshay/Walt/Sem7/IRob/Project/TurtleBot/install/turtlebot4_gz_gui_plugins' for CMake module files
[9.206s] Level 1:colcon.colcon_core.environment:checking '/home/lakshay/Walt/Sem7/IRob/Project/TurtleBot/install/turtlebot4_gz_gui_plugins' for CMake config files
[9.206s] Level 1:colcon.colcon_core.shell:create_environment_hook('turtlebot4_gz_gui_plugins', 'cmake_prefix_path')
[9.206s] INFO:colcon.colcon_core.shell:Creating environment descriptor '/home/lakshay/Walt/Sem7/IRob/Project/TurtleBot/install/turtlebot4_gz_gui_plugins/share/turtlebot4_gz_gui_plugins/hook/cmake_prefix_path.dsv'
[9.206s] INFO:colcon.colcon_core.shell:Creating environment hook '/home/lakshay/Walt/Sem7/IRob/Project/TurtleBot/install/turtlebot4_gz_gui_plugins/share/turtlebot4_gz_gui_plugins/hook/cmake_prefix_path.sh'
[9.207s] Level 1:colcon.colcon_core.environment:checking '/home/lakshay/Walt/Sem7/IRob/Project/TurtleBot/install/turtlebot4_gz_gui_plugins/bin'
[9.207s] Level 1:colcon.colcon_core.environment:checking '/home/lakshay/Walt/Sem7/IRob/Project/TurtleBot/install/turtlebot4_gz_gui_plugins/lib/pkgconfig/turtlebot4_gz_gui_plugins.pc'
[9.207s] Level 1:colcon.colcon_core.environment:checking '/home/lakshay/Walt/Sem7/IRob/Project/TurtleBot/install/turtlebot4_gz_gui_plugins/lib/python3.12/site-packages'
[9.207s] Level 1:colcon.colcon_core.environment:checking '/home/lakshay/Walt/Sem7/IRob/Project/TurtleBot/install/turtlebot4_gz_gui_plugins/bin'
[9.207s] INFO:colcon.colcon_core.shell:Creating package descriptor '/home/lakshay/Walt/Sem7/IRob/Project/TurtleBot/install/turtlebot4_gz_gui_plugins/share/turtlebot4_gz_gui_plugins/package.dsv'
[9.208s] INFO:colcon.colcon_core.shell:Creating package script '/home/lakshay/Walt/Sem7/IRob/Project/TurtleBot/install/turtlebot4_gz_gui_plugins/share/turtlebot4_gz_gui_plugins/package.sh'
[9.208s] INFO:colcon.colcon_core.shell:Creating package script '/home/lakshay/Walt/Sem7/IRob/Project/TurtleBot/install/turtlebot4_gz_gui_plugins/share/turtlebot4_gz_gui_plugins/package.bash'
[9.208s] INFO:colcon.colcon_core.shell:Creating package script '/home/lakshay/Walt/Sem7/IRob/Project/TurtleBot/install/turtlebot4_gz_gui_plugins/share/turtlebot4_gz_gui_plugins/package.zsh'
[9.208s] Level 1:colcon.colcon_core.environment:create_file_with_runtime_dependencies(/home/lakshay/Walt/Sem7/IRob/Project/TurtleBot/install/turtlebot4_gz_gui_plugins/share/colcon-core/packages/turtlebot4_gz_gui_plugins)
[13.883s] DEBUG:colcon.colcon_core.event_handler.log_command:Invoked command in '/home/lakshay/Walt/Sem7/IRob/Project/TurtleBot/build/turtlebot4_gz_toolbox' returned '0': CMAKE_PREFIX_PATH=${CMAKE_PREFIX_PATH}:/home/lakshay/Walt/Sem7/IRob/Project/Feedback_Controller/install/fc:/opt/ros/jazzy DEBUGINFOD_URLS=https://debuginfod.ubuntu.com /usr/bin/cmake --build /home/lakshay/Walt/Sem7/IRob/Project/TurtleBot/build/turtlebot4_gz_toolbox -- -j16 -l16
[13.884s] DEBUG:colcon.colcon_core.event_handler.log_command:Invoking command in '/home/lakshay/Walt/Sem7/IRob/Project/TurtleBot/build/turtlebot4_gz_toolbox': CMAKE_PREFIX_PATH=${CMAKE_PREFIX_PATH}:/home/lakshay/Walt/Sem7/IRob/Project/Feedback_Controller/install/fc:/opt/ros/jazzy DEBUGINFOD_URLS=https://debuginfod.ubuntu.com /usr/bin/cmake --install /home/lakshay/Walt/Sem7/IRob/Project/TurtleBot/build/turtlebot4_gz_toolbox
[14.045s] Level 1:colcon.colcon_core.environment:create_environment_scripts_only(turtlebot4_gz_toolbox)
[14.045s] Level 1:colcon.colcon_core.environment:checking '/home/lakshay/Walt/Sem7/IRob/Project/TurtleBot/install/turtlebot4_gz_toolbox' for CMake module files
[14.046s] DEBUG:colcon.colcon_core.event_handler.log_command:Invoked command in '/home/lakshay/Walt/Sem7/IRob/Project/TurtleBot/build/turtlebot4_gz_toolbox' returned '0': CMAKE_PREFIX_PATH=${CMAKE_PREFIX_PATH}:/home/lakshay/Walt/Sem7/IRob/Project/Feedback_Controller/install/fc:/opt/ros/jazzy DEBUGINFOD_URLS=https://debuginfod.ubuntu.com /usr/bin/cmake --install /home/lakshay/Walt/Sem7/IRob/Project/TurtleBot/build/turtlebot4_gz_toolbox
[14.046s] Level 1:colcon.colcon_core.environment:checking '/home/lakshay/Walt/Sem7/IRob/Project/TurtleBot/install/turtlebot4_gz_toolbox' for CMake config files
[14.047s] Level 1:colcon.colcon_core.shell:create_environment_hook('turtlebot4_gz_toolbox', 'cmake_prefix_path')
[14.047s] INFO:colcon.colcon_core.shell:Creating environment descriptor '/home/lakshay/Walt/Sem7/IRob/Project/TurtleBot/install/turtlebot4_gz_toolbox/share/turtlebot4_gz_toolbox/hook/cmake_prefix_path.dsv'
[14.047s] INFO:colcon.colcon_core.shell:Creating environment hook '/home/lakshay/Walt/Sem7/IRob/Project/TurtleBot/install/turtlebot4_gz_toolbox/share/turtlebot4_gz_toolbox/hook/cmake_prefix_path.sh'
[14.048s] Level 1:colcon.colcon_core.environment:checking '/home/lakshay/Walt/Sem7/IRob/Project/TurtleBot/install/turtlebot4_gz_toolbox/lib'
[14.048s] Level 1:colcon.colcon_core.environment:checking '/home/lakshay/Walt/Sem7/IRob/Project/TurtleBot/install/turtlebot4_gz_toolbox/bin'
[14.048s] Level 1:colcon.colcon_core.environment:checking '/home/lakshay/Walt/Sem7/IRob/Project/TurtleBot/install/turtlebot4_gz_toolbox/lib/pkgconfig/turtlebot4_gz_toolbox.pc'
[14.048s] Level 1:colcon.colcon_core.environment:checking '/home/lakshay/Walt/Sem7/IRob/Project/TurtleBot/install/turtlebot4_gz_toolbox/lib/python3.12/site-packages'
[14.048s] Level 1:colcon.colcon_core.environment:checking '/home/lakshay/Walt/Sem7/IRob/Project/TurtleBot/install/turtlebot4_gz_toolbox/bin'
[14.048s] INFO:colcon.colcon_core.shell:Creating package descriptor '/home/lakshay/Walt/Sem7/IRob/Project/TurtleBot/install/turtlebot4_gz_toolbox/share/turtlebot4_gz_toolbox/package.dsv'
[14.048s] INFO:colcon.colcon_core.shell:Creating package script '/home/lakshay/Walt/Sem7/IRob/Project/TurtleBot/install/turtlebot4_gz_toolbox/share/turtlebot4_gz_toolbox/package.sh'
[14.049s] INFO:colcon.colcon_core.shell:Creating package script '/home/lakshay/Walt/Sem7/IRob/Project/TurtleBot/install/turtlebot4_gz_toolbox/share/turtlebot4_gz_toolbox/package.bash'
[14.049s] INFO:colcon.colcon_core.shell:Creating package script '/home/lakshay/Walt/Sem7/IRob/Project/TurtleBot/install/turtlebot4_gz_toolbox/share/turtlebot4_gz_toolbox/package.zsh'
[14.049s] Level 1:colcon.colcon_core.environment:create_file_with_runtime_dependencies(/home/lakshay/Walt/Sem7/IRob/Project/TurtleBot/install/turtlebot4_gz_toolbox/share/colcon-core/packages/turtlebot4_gz_toolbox)
[14.050s] Level 1:colcon.colcon_core.environment:create_environment_scripts_only(turtlebot4_gz_toolbox)
[14.050s] Level 1:colcon.colcon_core.environment:checking '/home/lakshay/Walt/Sem7/IRob/Project/TurtleBot/install/turtlebot4_gz_toolbox' for CMake module files
[14.050s] Level 1:colcon.colcon_core.environment:checking '/home/lakshay/Walt/Sem7/IRob/Project/TurtleBot/install/turtlebot4_gz_toolbox' for CMake config files
[14.050s] Level 1:colcon.colcon_core.shell:create_environment_hook('turtlebot4_gz_toolbox', 'cmake_prefix_path')
[14.050s] INFO:colcon.colcon_core.shell:Creating environment descriptor '/home/lakshay/Walt/Sem7/IRob/Project/TurtleBot/install/turtlebot4_gz_toolbox/share/turtlebot4_gz_toolbox/hook/cmake_prefix_path.dsv'
[14.051s] INFO:colcon.colcon_core.shell:Creating environment hook '/home/lakshay/Walt/Sem7/IRob/Project/TurtleBot/install/turtlebot4_gz_toolbox/share/turtlebot4_gz_toolbox/hook/cmake_prefix_path.sh'
[14.051s] Level 1:colcon.colcon_core.environment:checking '/home/lakshay/Walt/Sem7/IRob/Project/TurtleBot/install/turtlebot4_gz_toolbox/lib'
[14.051s] Level 1:colcon.colcon_core.environment:checking '/home/lakshay/Walt/Sem7/IRob/Project/TurtleBot/install/turtlebot4_gz_toolbox/bin'
[14.051s] Level 1:colcon.colcon_core.environment:checking '/home/lakshay/Walt/Sem7/IRob/Project/TurtleBot/install/turtlebot4_gz_toolbox/lib/pkgconfig/turtlebot4_gz_toolbox.pc'
[14.051s] Level 1:colcon.colcon_core.environment:checking '/home/lakshay/Walt/Sem7/IRob/Project/TurtleBot/install/turtlebot4_gz_toolbox/lib/python3.12/site-packages'
[14.051s] Level 1:colcon.colcon_core.environment:checking '/home/lakshay/Walt/Sem7/IRob/Project/TurtleBot/install/turtlebot4_gz_toolbox/bin'
[14.052s] INFO:colcon.colcon_core.shell:Creating package descriptor '/home/lakshay/Walt/Sem7/IRob/Project/TurtleBot/install/turtlebot4_gz_toolbox/share/turtlebot4_gz_toolbox/package.dsv'
[14.052s] INFO:colcon.colcon_core.shell:Creating package script '/home/lakshay/Walt/Sem7/IRob/Project/TurtleBot/install/turtlebot4_gz_toolbox/share/turtlebot4_gz_toolbox/package.sh'
[14.052s] INFO:colcon.colcon_core.shell:Creating package script '/home/lakshay/Walt/Sem7/IRob/Project/TurtleBot/install/turtlebot4_gz_toolbox/share/turtlebot4_gz_toolbox/package.bash'
[14.052s] INFO:colcon.colcon_core.shell:Creating package script '/home/lakshay/Walt/Sem7/IRob/Project/TurtleBot/install/turtlebot4_gz_toolbox/share/turtlebot4_gz_toolbox/package.zsh'
[14.053s] Level 1:colcon.colcon_core.environment:create_file_with_runtime_dependencies(/home/lakshay/Walt/Sem7/IRob/Project/TurtleBot/install/turtlebot4_gz_toolbox/share/colcon-core/packages/turtlebot4_gz_toolbox)
[14.053s] INFO:colcon.colcon_ros.task.ament_cmake.build:Building ROS package in '/home/lakshay/Walt/Sem7/IRob/Project/TurtleBot/src/turtlebot4_simulator/turtlebot4_gz_bringup' with build type 'ament_cmake'
[14.053s] INFO:colcon.colcon_cmake.task.cmake.build:Building CMake package in '/home/lakshay/Walt/Sem7/IRob/Project/TurtleBot/src/turtlebot4_simulator/turtlebot4_gz_bringup'
[14.053s] DEBUG:colcon.colcon_core.shell:Skip shell extension 'dsv' for command environment
[14.063s] DEBUG:colcon.colcon_core.event_handler.log_command:Invoking command in '/home/lakshay/Walt/Sem7/IRob/Project/TurtleBot/build/turtlebot4_gz_bringup': AMENT_PREFIX_PATH=/home/lakshay/Walt/Sem7/IRob/Project/TurtleBot/install/turtlebot4_gz_toolbox:/home/lakshay/Walt/Sem7/IRob/Project/TurtleBot/install/turtlebot4_gz_gui_plugins:${AMENT_PREFIX_PATH} CMAKE_PREFIX_PATH=/home/lakshay/Walt/Sem7/IRob/Project/TurtleBot/install/turtlebot4_gz_toolbox:/home/lakshay/Walt/Sem7/IRob/Project/TurtleBot/install/turtlebot4_gz_gui_plugins:/home/lakshay/Walt/Sem7/IRob/Project/TurtleBot/install/turtlebot4_desktop:/home/lakshay/Walt/Sem7/IRob/Project/TurtleBot/install/turtlebot4_viz:/opt/ros/jazzy/opt/gz_sim_vendor:/opt/ros/jazzy/opt/gz_sensors_vendor:/opt/ros/jazzy/opt/gz_physics_vendor:/opt/ros/jazzy/opt/sdformat_vendor:/opt/ros/jazzy/opt/gz_gui_vendor:/opt/ros/jazzy/opt/gz_transport_vendor:/opt/ros/jazzy/opt/gz_rendering_vendor:/opt/ros/jazzy/opt/gz_plugin_vendor:/opt/ros/jazzy/opt/gz_fuel_tools_vendor:/opt/ros/jazzy/opt/gz_msgs_vendor:/opt/ros/jazzy/opt/gz_common_vendor:/opt/ros/jazzy/opt/gz_math_vendor:/opt/ros/jazzy/opt/gz_utils_vendor:/opt/ros/jazzy/opt/gz_tools_vendor:/opt/ros/jazzy/opt/gz_ogre_next_vendor:/opt/ros/jazzy/opt/gz_dartsim_vendor:/opt/ros/jazzy/opt/gz_cmake_vendor:/home/lakshay/Walt/Sem7/IRob/Project/Feedback_Controller/install/fc:/opt/ros/jazzy DEBUGINFOD_URLS=https://debuginfod.ubuntu.com /usr/bin/cmake /home/lakshay/Walt/Sem7/IRob/Project/TurtleBot/src/turtlebot4_simulator/turtlebot4_gz_bringup -DAMENT_CMAKE_SYMLINK_INSTALL=1 -DCMAKE_INSTALL_PREFIX=/home/lakshay/Walt/Sem7/IRob/Project/TurtleBot/install/turtlebot4_gz_bringup
[14.984s] DEBUG:colcon.colcon_core.event_handler.log_command:Invoked command in '/home/lakshay/Walt/Sem7/IRob/Project/TurtleBot/build/turtlebot4_gz_bringup' returned '0': AMENT_PREFIX_PATH=/home/lakshay/Walt/Sem7/IRob/Project/TurtleBot/install/turtlebot4_gz_toolbox:/home/lakshay/Walt/Sem7/IRob/Project/TurtleBot/install/turtlebot4_gz_gui_plugins:${AMENT_PREFIX_PATH} CMAKE_PREFIX_PATH=/home/lakshay/Walt/Sem7/IRob/Project/TurtleBot/install/turtlebot4_gz_toolbox:/home/lakshay/Walt/Sem7/IRob/Project/TurtleBot/install/turtlebot4_gz_gui_plugins:/home/lakshay/Walt/Sem7/IRob/Project/TurtleBot/install/turtlebot4_desktop:/home/lakshay/Walt/Sem7/IRob/Project/TurtleBot/install/turtlebot4_viz:/opt/ros/jazzy/opt/gz_sim_vendor:/opt/ros/jazzy/opt/gz_sensors_vendor:/opt/ros/jazzy/opt/gz_physics_vendor:/opt/ros/jazzy/opt/sdformat_vendor:/opt/ros/jazzy/opt/gz_gui_vendor:/opt/ros/jazzy/opt/gz_transport_vendor:/opt/ros/jazzy/opt/gz_rendering_vendor:/opt/ros/jazzy/opt/gz_plugin_vendor:/opt/ros/jazzy/opt/gz_fuel_tools_vendor:/opt/ros/jazzy/opt/gz_msgs_vendor:/opt/ros/jazzy/opt/gz_common_vendor:/opt/ros/jazzy/opt/gz_math_vendor:/opt/ros/jazzy/opt/gz_utils_vendor:/opt/ros/jazzy/opt/gz_tools_vendor:/opt/ros/jazzy/opt/gz_ogre_next_vendor:/opt/ros/jazzy/opt/gz_dartsim_vendor:/opt/ros/jazzy/opt/gz_cmake_vendor:/home/lakshay/Walt/Sem7/IRob/Project/Feedback_Controller/install/fc:/opt/ros/jazzy DEBUGINFOD_URLS=https://debuginfod.ubuntu.com /usr/bin/cmake /home/lakshay/Walt/Sem7/IRob/Project/TurtleBot/src/turtlebot4_simulator/turtlebot4_gz_bringup -DAMENT_CMAKE_SYMLINK_INSTALL=1 -DCMAKE_INSTALL_PREFIX=/home/lakshay/Walt/Sem7/IRob/Project/TurtleBot/install/turtlebot4_gz_bringup
[14.984s] DEBUG:colcon.colcon_core.event_handler.log_command:Invoking command in '/home/lakshay/Walt/Sem7/IRob/Project/TurtleBot/build/turtlebot4_gz_bringup': AMENT_PREFIX_PATH=/home/lakshay/Walt/Sem7/IRob/Project/TurtleBot/install/turtlebot4_gz_toolbox:/home/lakshay/Walt/Sem7/IRob/Project/TurtleBot/install/turtlebot4_gz_gui_plugins:${AMENT_PREFIX_PATH} CMAKE_PREFIX_PATH=/home/lakshay/Walt/Sem7/IRob/Project/TurtleBot/install/turtlebot4_gz_toolbox:/home/lakshay/Walt/Sem7/IRob/Project/TurtleBot/install/turtlebot4_gz_gui_plugins:/home/lakshay/Walt/Sem7/IRob/Project/TurtleBot/install/turtlebot4_desktop:/home/lakshay/Walt/Sem7/IRob/Project/TurtleBot/install/turtlebot4_viz:/opt/ros/jazzy/opt/gz_sim_vendor:/opt/ros/jazzy/opt/gz_sensors_vendor:/opt/ros/jazzy/opt/gz_physics_vendor:/opt/ros/jazzy/opt/sdformat_vendor:/opt/ros/jazzy/opt/gz_gui_vendor:/opt/ros/jazzy/opt/gz_transport_vendor:/opt/ros/jazzy/opt/gz_rendering_vendor:/opt/ros/jazzy/opt/gz_plugin_vendor:/opt/ros/jazzy/opt/gz_fuel_tools_vendor:/opt/ros/jazzy/opt/gz_msgs_vendor:/opt/ros/jazzy/opt/gz_common_vendor:/opt/ros/jazzy/opt/gz_math_vendor:/opt/ros/jazzy/opt/gz_utils_vendor:/opt/ros/jazzy/opt/gz_tools_vendor:/opt/ros/jazzy/opt/gz_ogre_next_vendor:/opt/ros/jazzy/opt/gz_dartsim_vendor:/opt/ros/jazzy/opt/gz_cmake_vendor:/home/lakshay/Walt/Sem7/IRob/Project/Feedback_Controller/install/fc:/opt/ros/jazzy DEBUGINFOD_URLS=https://debuginfod.ubuntu.com /usr/bin/cmake --build /home/lakshay/Walt/Sem7/IRob/Project/TurtleBot/build/turtlebot4_gz_bringup -- -j16 -l16
[15.027s] DEBUG:colcon.colcon_core.event_handler.log_command:Invoked command in '/home/lakshay/Walt/Sem7/IRob/Project/TurtleBot/build/turtlebot4_gz_bringup' returned '0': AMENT_PREFIX_PATH=/home/lakshay/Walt/Sem7/IRob/Project/TurtleBot/install/turtlebot4_gz_toolbox:/home/lakshay/Walt/Sem7/IRob/Project/TurtleBot/install/turtlebot4_gz_gui_plugins:${AMENT_PREFIX_PATH} CMAKE_PREFIX_PATH=/home/lakshay/Walt/Sem7/IRob/Project/TurtleBot/install/turtlebot4_gz_toolbox:/home/lakshay/Walt/Sem7/IRob/Project/TurtleBot/install/turtlebot4_gz_gui_plugins:/home/lakshay/Walt/Sem7/IRob/Project/TurtleBot/install/turtlebot4_desktop:/home/lakshay/Walt/Sem7/IRob/Project/TurtleBot/install/turtlebot4_viz:/opt/ros/jazzy/opt/gz_sim_vendor:/opt/ros/jazzy/opt/gz_sensors_vendor:/opt/ros/jazzy/opt/gz_physics_vendor:/opt/ros/jazzy/opt/sdformat_vendor:/opt/ros/jazzy/opt/gz_gui_vendor:/opt/ros/jazzy/opt/gz_transport_vendor:/opt/ros/jazzy/opt/gz_rendering_vendor:/opt/ros/jazzy/opt/gz_plugin_vendor:/opt/ros/jazzy/opt/gz_fuel_tools_vendor:/opt/ros/jazzy/opt/gz_msgs_vendor:/opt/ros/jazzy/opt/gz_common_vendor:/opt/ros/jazzy/opt/gz_math_vendor:/opt/ros/jazzy/opt/gz_utils_vendor:/opt/ros/jazzy/opt/gz_tools_vendor:/opt/ros/jazzy/opt/gz_ogre_next_vendor:/opt/ros/jazzy/opt/gz_dartsim_vendor:/opt/ros/jazzy/opt/gz_cmake_vendor:/home/lakshay/Walt/Sem7/IRob/Project/Feedback_Controller/install/fc:/opt/ros/jazzy DEBUGINFOD_URLS=https://debuginfod.ubuntu.com /usr/bin/cmake --build /home/lakshay/Walt/Sem7/IRob/Project/TurtleBot/build/turtlebot4_gz_bringup -- -j16 -l16
[15.028s] DEBUG:colcon.colcon_core.event_handler.log_command:Invoking command in '/home/lakshay/Walt/Sem7/IRob/Project/TurtleBot/build/turtlebot4_gz_bringup': AMENT_PREFIX_PATH=/home/lakshay/Walt/Sem7/IRob/Project/TurtleBot/install/turtlebot4_gz_toolbox:/home/lakshay/Walt/Sem7/IRob/Project/TurtleBot/install/turtlebot4_gz_gui_plugins:${AMENT_PREFIX_PATH} CMAKE_PREFIX_PATH=/home/lakshay/Walt/Sem7/IRob/Project/TurtleBot/install/turtlebot4_gz_toolbox:/home/lakshay/Walt/Sem7/IRob/Project/TurtleBot/install/turtlebot4_gz_gui_plugins:/home/lakshay/Walt/Sem7/IRob/Project/TurtleBot/install/turtlebot4_desktop:/home/lakshay/Walt/Sem7/IRob/Project/TurtleBot/install/turtlebot4_viz:/opt/ros/jazzy/opt/gz_sim_vendor:/opt/ros/jazzy/opt/gz_sensors_vendor:/opt/ros/jazzy/opt/gz_physics_vendor:/opt/ros/jazzy/opt/sdformat_vendor:/opt/ros/jazzy/opt/gz_gui_vendor:/opt/ros/jazzy/opt/gz_transport_vendor:/opt/ros/jazzy/opt/gz_rendering_vendor:/opt/ros/jazzy/opt/gz_plugin_vendor:/opt/ros/jazzy/opt/gz_fuel_tools_vendor:/opt/ros/jazzy/opt/gz_msgs_vendor:/opt/ros/jazzy/opt/gz_common_vendor:/opt/ros/jazzy/opt/gz_math_vendor:/opt/ros/jazzy/opt/gz_utils_vendor:/opt/ros/jazzy/opt/gz_tools_vendor:/opt/ros/jazzy/opt/gz_ogre_next_vendor:/opt/ros/jazzy/opt/gz_dartsim_vendor:/opt/ros/jazzy/opt/gz_cmake_vendor:/home/lakshay/Walt/Sem7/IRob/Project/Feedback_Controller/install/fc:/opt/ros/jazzy DEBUGINFOD_URLS=https://debuginfod.ubuntu.com /usr/bin/cmake --install /home/lakshay/Walt/Sem7/IRob/Project/TurtleBot/build/turtlebot4_gz_bringup
[15.266s] Level 1:colcon.colcon_core.environment:create_environment_scripts_only(turtlebot4_gz_bringup)
[15.267s] Level 1:colcon.colcon_core.environment:checking '/home/lakshay/Walt/Sem7/IRob/Project/TurtleBot/install/turtlebot4_gz_bringup' for CMake module files
[15.267s] DEBUG:colcon.colcon_core.event_handler.log_command:Invoked command in '/home/lakshay/Walt/Sem7/IRob/Project/TurtleBot/build/turtlebot4_gz_bringup' returned '0': AMENT_PREFIX_PATH=/home/lakshay/Walt/Sem7/IRob/Project/TurtleBot/install/turtlebot4_gz_toolbox:/home/lakshay/Walt/Sem7/IRob/Project/TurtleBot/install/turtlebot4_gz_gui_plugins:${AMENT_PREFIX_PATH} CMAKE_PREFIX_PATH=/home/lakshay/Walt/Sem7/IRob/Project/TurtleBot/install/turtlebot4_gz_toolbox:/home/lakshay/Walt/Sem7/IRob/Project/TurtleBot/install/turtlebot4_gz_gui_plugins:/home/lakshay/Walt/Sem7/IRob/Project/TurtleBot/install/turtlebot4_desktop:/home/lakshay/Walt/Sem7/IRob/Project/TurtleBot/install/turtlebot4_viz:/opt/ros/jazzy/opt/gz_sim_vendor:/opt/ros/jazzy/opt/gz_sensors_vendor:/opt/ros/jazzy/opt/gz_physics_vendor:/opt/ros/jazzy/opt/sdformat_vendor:/opt/ros/jazzy/opt/gz_gui_vendor:/opt/ros/jazzy/opt/gz_transport_vendor:/opt/ros/jazzy/opt/gz_rendering_vendor:/opt/ros/jazzy/opt/gz_plugin_vendor:/opt/ros/jazzy/opt/gz_fuel_tools_vendor:/opt/ros/jazzy/opt/gz_msgs_vendor:/opt/ros/jazzy/opt/gz_common_vendor:/opt/ros/jazzy/opt/gz_math_vendor:/opt/ros/jazzy/opt/gz_utils_vendor:/opt/ros/jazzy/opt/gz_tools_vendor:/opt/ros/jazzy/opt/gz_ogre_next_vendor:/opt/ros/jazzy/opt/gz_dartsim_vendor:/opt/ros/jazzy/opt/gz_cmake_vendor:/home/lakshay/Walt/Sem7/IRob/Project/Feedback_Controller/install/fc:/opt/ros/jazzy DEBUGINFOD_URLS=https://debuginfod.ubuntu.com /usr/bin/cmake --install /home/lakshay/Walt/Sem7/IRob/Project/TurtleBot/build/turtlebot4_gz_bringup
[15.267s] Level 1:colcon.colcon_core.environment:checking '/home/lakshay/Walt/Sem7/IRob/Project/TurtleBot/install/turtlebot4_gz_bringup' for CMake config files
[15.268s] Level 1:colcon.colcon_core.shell:create_environment_hook('turtlebot4_gz_bringup', 'cmake_prefix_path')
[15.268s] INFO:colcon.colcon_core.shell:Creating environment descriptor '/home/lakshay/Walt/Sem7/IRob/Project/TurtleBot/install/turtlebot4_gz_bringup/share/turtlebot4_gz_bringup/hook/cmake_prefix_path.dsv'
[15.268s] INFO:colcon.colcon_core.shell:Creating environment hook '/home/lakshay/Walt/Sem7/IRob/Project/TurtleBot/install/turtlebot4_gz_bringup/share/turtlebot4_gz_bringup/hook/cmake_prefix_path.sh'
[15.269s] Level 1:colcon.colcon_core.environment:checking '/home/lakshay/Walt/Sem7/IRob/Project/TurtleBot/install/turtlebot4_gz_bringup/bin'
[15.269s] Level 1:colcon.colcon_core.environment:checking '/home/lakshay/Walt/Sem7/IRob/Project/TurtleBot/install/turtlebot4_gz_bringup/lib/pkgconfig/turtlebot4_gz_bringup.pc'
[15.269s] Level 1:colcon.colcon_core.environment:checking '/home/lakshay/Walt/Sem7/IRob/Project/TurtleBot/install/turtlebot4_gz_bringup/lib/python3.12/site-packages'
[15.269s] Level 1:colcon.colcon_core.environment:checking '/home/lakshay/Walt/Sem7/IRob/Project/TurtleBot/install/turtlebot4_gz_bringup/bin'
[15.269s] INFO:colcon.colcon_core.shell:Creating package descriptor '/home/lakshay/Walt/Sem7/IRob/Project/TurtleBot/install/turtlebot4_gz_bringup/share/turtlebot4_gz_bringup/package.dsv'
[15.270s] INFO:colcon.colcon_core.shell:Creating package script '/home/lakshay/Walt/Sem7/IRob/Project/TurtleBot/install/turtlebot4_gz_bringup/share/turtlebot4_gz_bringup/package.sh'
[15.270s] INFO:colcon.colcon_core.shell:Creating package script '/home/lakshay/Walt/Sem7/IRob/Project/TurtleBot/install/turtlebot4_gz_bringup/share/turtlebot4_gz_bringup/package.bash'
[15.270s] INFO:colcon.colcon_core.shell:Creating package script '/home/lakshay/Walt/Sem7/IRob/Project/TurtleBot/install/turtlebot4_gz_bringup/share/turtlebot4_gz_bringup/package.zsh'
[15.271s] Level 1:colcon.colcon_core.environment:create_file_with_runtime_dependencies(/home/lakshay/Walt/Sem7/IRob/Project/TurtleBot/install/turtlebot4_gz_bringup/share/colcon-core/packages/turtlebot4_gz_bringup)
[15.271s] Level 1:colcon.colcon_core.environment:create_environment_scripts_only(turtlebot4_gz_bringup)
[15.271s] Level 1:colcon.colcon_core.environment:checking '/home/lakshay/Walt/Sem7/IRob/Project/TurtleBot/install/turtlebot4_gz_bringup' for CMake module files
[15.271s] Level 1:colcon.colcon_core.environment:checking '/home/lakshay/Walt/Sem7/IRob/Project/TurtleBot/install/turtlebot4_gz_bringup' for CMake config files
[15.272s] Level 1:colcon.colcon_core.shell:create_environment_hook('turtlebot4_gz_bringup', 'cmake_prefix_path')
[15.272s] INFO:colcon.colcon_core.shell:Creating environment descriptor '/home/lakshay/Walt/Sem7/IRob/Project/TurtleBot/install/turtlebot4_gz_bringup/share/turtlebot4_gz_bringup/hook/cmake_prefix_path.dsv'
[15.272s] INFO:colcon.colcon_core.shell:Creating environment hook '/home/lakshay/Walt/Sem7/IRob/Project/TurtleBot/install/turtlebot4_gz_bringup/share/turtlebot4_gz_bringup/hook/cmake_prefix_path.sh'
[15.273s] Level 1:colcon.colcon_core.environment:checking '/home/lakshay/Walt/Sem7/IRob/Project/TurtleBot/install/turtlebot4_gz_bringup/bin'
[15.273s] Level 1:colcon.colcon_core.environment:checking '/home/lakshay/Walt/Sem7/IRob/Project/TurtleBot/install/turtlebot4_gz_bringup/lib/pkgconfig/turtlebot4_gz_bringup.pc'
[15.273s] Level 1:colcon.colcon_core.environment:checking '/home/lakshay/Walt/Sem7/IRob/Project/TurtleBot/install/turtlebot4_gz_bringup/lib/python3.12/site-packages'
[15.273s] Level 1:colcon.colcon_core.environment:checking '/home/lakshay/Walt/Sem7/IRob/Project/TurtleBot/install/turtlebot4_gz_bringup/bin'
[15.273s] INFO:colcon.colcon_core.shell:Creating package descriptor '/home/lakshay/Walt/Sem7/IRob/Project/TurtleBot/install/turtlebot4_gz_bringup/share/turtlebot4_gz_bringup/package.dsv'
[15.273s] INFO:colcon.colcon_core.shell:Creating package script '/home/lakshay/Walt/Sem7/IRob/Project/TurtleBot/install/turtlebot4_gz_bringup/share/turtlebot4_gz_bringup/package.sh'
[15.274s] INFO:colcon.colcon_core.shell:Creating package script '/home/lakshay/Walt/Sem7/IRob/Project/TurtleBot/install/turtlebot4_gz_bringup/share/turtlebot4_gz_bringup/package.bash'
[15.274s] INFO:colcon.colcon_core.shell:Creating package script '/home/lakshay/Walt/Sem7/IRob/Project/TurtleBot/install/turtlebot4_gz_bringup/share/turtlebot4_gz_bringup/package.zsh'
[15.274s] Level 1:colcon.colcon_core.environment:create_file_with_runtime_dependencies(/home/lakshay/Walt/Sem7/IRob/Project/TurtleBot/install/turtlebot4_gz_bringup/share/colcon-core/packages/turtlebot4_gz_bringup)
[15.274s] INFO:colcon.colcon_ros.task.ament_cmake.build:Building ROS package in '/home/lakshay/Walt/Sem7/IRob/Project/TurtleBot/src/turtlebot4_simulator/turtlebot4_simulator' with build type 'ament_cmake'
[15.274s] INFO:colcon.colcon_cmake.task.cmake.build:Building CMake package in '/home/lakshay/Walt/Sem7/IRob/Project/TurtleBot/src/turtlebot4_simulator/turtlebot4_simulator'
[15.275s] DEBUG:colcon.colcon_core.shell:Skip shell extension 'dsv' for command environment
[15.285s] DEBUG:colcon.colcon_core.event_handler.log_command:Invoking command in '/home/lakshay/Walt/Sem7/IRob/Project/TurtleBot/build/turtlebot4_simulator': AMENT_PREFIX_PATH=/home/lakshay/Walt/Sem7/IRob/Project/TurtleBot/install/turtlebot4_gz_bringup:/home/lakshay/Walt/Sem7/IRob/Project/TurtleBot/install/turtlebot4_gz_toolbox:/home/lakshay/Walt/Sem7/IRob/Project/TurtleBot/install/turtlebot4_gz_gui_plugins:${AMENT_PREFIX_PATH} CMAKE_PREFIX_PATH=/home/lakshay/Walt/Sem7/IRob/Project/TurtleBot/install/turtlebot4_gz_bringup:/home/lakshay/Walt/Sem7/IRob/Project/TurtleBot/install/turtlebot4_gz_toolbox:/home/lakshay/Walt/Sem7/IRob/Project/TurtleBot/install/turtlebot4_gz_gui_plugins:/home/lakshay/Walt/Sem7/IRob/Project/TurtleBot/install/turtlebot4_desktop:/home/lakshay/Walt/Sem7/IRob/Project/TurtleBot/install/turtlebot4_viz:/opt/ros/jazzy/opt/gz_sim_vendor:/opt/ros/jazzy/opt/gz_sensors_vendor:/opt/ros/jazzy/opt/gz_physics_vendor:/opt/ros/jazzy/opt/sdformat_vendor:/opt/ros/jazzy/opt/gz_gui_vendor:/opt/ros/jazzy/opt/gz_transport_vendor:/opt/ros/jazzy/opt/gz_rendering_vendor:/opt/ros/jazzy/opt/gz_plugin_vendor:/opt/ros/jazzy/opt/gz_fuel_tools_vendor:/opt/ros/jazzy/opt/gz_msgs_vendor:/opt/ros/jazzy/opt/gz_common_vendor:/opt/ros/jazzy/opt/gz_math_vendor:/opt/ros/jazzy/opt/gz_utils_vendor:/opt/ros/jazzy/opt/gz_tools_vendor:/opt/ros/jazzy/opt/gz_ogre_next_vendor:/opt/ros/jazzy/opt/gz_dartsim_vendor:/opt/ros/jazzy/opt/gz_cmake_vendor:/home/lakshay/Walt/Sem7/IRob/Project/Feedback_Controller/install/fc:/opt/ros/jazzy DEBUGINFOD_URLS=https://debuginfod.ubuntu.com /usr/bin/cmake /home/lakshay/Walt/Sem7/IRob/Project/TurtleBot/src/turtlebot4_simulator/turtlebot4_simulator -DAMENT_CMAKE_SYMLINK_INSTALL=1 -DCMAKE_INSTALL_PREFIX=/home/lakshay/Walt/Sem7/IRob/Project/TurtleBot/install/turtlebot4_simulator
[15.927s] DEBUG:colcon.colcon_core.event_handler.log_command:Invoked command in '/home/lakshay/Walt/Sem7/IRob/Project/TurtleBot/build/turtlebot4_simulator' returned '0': AMENT_PREFIX_PATH=/home/lakshay/Walt/Sem7/IRob/Project/TurtleBot/install/turtlebot4_gz_bringup:/home/lakshay/Walt/Sem7/IRob/Project/TurtleBot/install/turtlebot4_gz_toolbox:/home/lakshay/Walt/Sem7/IRob/Project/TurtleBot/install/turtlebot4_gz_gui_plugins:${AMENT_PREFIX_PATH} CMAKE_PREFIX_PATH=/home/lakshay/Walt/Sem7/IRob/Project/TurtleBot/install/turtlebot4_gz_bringup:/home/lakshay/Walt/Sem7/IRob/Project/TurtleBot/install/turtlebot4_gz_toolbox:/home/lakshay/Walt/Sem7/IRob/Project/TurtleBot/install/turtlebot4_gz_gui_plugins:/home/lakshay/Walt/Sem7/IRob/Project/TurtleBot/install/turtlebot4_desktop:/home/lakshay/Walt/Sem7/IRob/Project/TurtleBot/install/turtlebot4_viz:/opt/ros/jazzy/opt/gz_sim_vendor:/opt/ros/jazzy/opt/gz_sensors_vendor:/opt/ros/jazzy/opt/gz_physics_vendor:/opt/ros/jazzy/opt/sdformat_vendor:/opt/ros/jazzy/opt/gz_gui_vendor:/opt/ros/jazzy/opt/gz_transport_vendor:/opt/ros/jazzy/opt/gz_rendering_vendor:/opt/ros/jazzy/opt/gz_plugin_vendor:/opt/ros/jazzy/opt/gz_fuel_tools_vendor:/opt/ros/jazzy/opt/gz_msgs_vendor:/opt/ros/jazzy/opt/gz_common_vendor:/opt/ros/jazzy/opt/gz_math_vendor:/opt/ros/jazzy/opt/gz_utils_vendor:/opt/ros/jazzy/opt/gz_tools_vendor:/opt/ros/jazzy/opt/gz_ogre_next_vendor:/opt/ros/jazzy/opt/gz_dartsim_vendor:/opt/ros/jazzy/opt/gz_cmake_vendor:/home/lakshay/Walt/Sem7/IRob/Project/Feedback_Controller/install/fc:/opt/ros/jazzy DEBUGINFOD_URLS=https://debuginfod.ubuntu.com /usr/bin/cmake /home/lakshay/Walt/Sem7/IRob/Project/TurtleBot/src/turtlebot4_simulator/turtlebot4_simulator -DAMENT_CMAKE_SYMLINK_INSTALL=1 -DCMAKE_INSTALL_PREFIX=/home/lakshay/Walt/Sem7/IRob/Project/TurtleBot/install/turtlebot4_simulator
[15.928s] DEBUG:colcon.colcon_core.event_handler.log_command:Invoking command in '/home/lakshay/Walt/Sem7/IRob/Project/TurtleBot/build/turtlebot4_simulator': AMENT_PREFIX_PATH=/home/lakshay/Walt/Sem7/IRob/Project/TurtleBot/install/turtlebot4_gz_bringup:/home/lakshay/Walt/Sem7/IRob/Project/TurtleBot/install/turtlebot4_gz_toolbox:/home/lakshay/Walt/Sem7/IRob/Project/TurtleBot/install/turtlebot4_gz_gui_plugins:${AMENT_PREFIX_PATH} CMAKE_PREFIX_PATH=/home/lakshay/Walt/Sem7/IRob/Project/TurtleBot/install/turtlebot4_gz_bringup:/home/lakshay/Walt/Sem7/IRob/Project/TurtleBot/install/turtlebot4_gz_toolbox:/home/lakshay/Walt/Sem7/IRob/Project/TurtleBot/install/turtlebot4_gz_gui_plugins:/home/lakshay/Walt/Sem7/IRob/Project/TurtleBot/install/turtlebot4_desktop:/home/lakshay/Walt/Sem7/IRob/Project/TurtleBot/install/turtlebot4_viz:/opt/ros/jazzy/opt/gz_sim_vendor:/opt/ros/jazzy/opt/gz_sensors_vendor:/opt/ros/jazzy/opt/gz_physics_vendor:/opt/ros/jazzy/opt/sdformat_vendor:/opt/ros/jazzy/opt/gz_gui_vendor:/opt/ros/jazzy/opt/gz_transport_vendor:/opt/ros/jazzy/opt/gz_rendering_vendor:/opt/ros/jazzy/opt/gz_plugin_vendor:/opt/ros/jazzy/opt/gz_fuel_tools_vendor:/opt/ros/jazzy/opt/gz_msgs_vendor:/opt/ros/jazzy/opt/gz_common_vendor:/opt/ros/jazzy/opt/gz_math_vendor:/opt/ros/jazzy/opt/gz_utils_vendor:/opt/ros/jazzy/opt/gz_tools_vendor:/opt/ros/jazzy/opt/gz_ogre_next_vendor:/opt/ros/jazzy/opt/gz_dartsim_vendor:/opt/ros/jazzy/opt/gz_cmake_vendor:/home/lakshay/Walt/Sem7/IRob/Project/Feedback_Controller/install/fc:/opt/ros/jazzy DEBUGINFOD_URLS=https://debuginfod.ubuntu.com /usr/bin/cmake --build /home/lakshay/Walt/Sem7/IRob/Project/TurtleBot/build/turtlebot4_simulator -- -j16 -l16
[15.966s] DEBUG:colcon.colcon_core.event_handler.log_command:Invoked command in '/home/lakshay/Walt/Sem7/IRob/Project/TurtleBot/build/turtlebot4_simulator' returned '0': AMENT_PREFIX_PATH=/home/lakshay/Walt/Sem7/IRob/Project/TurtleBot/install/turtlebot4_gz_bringup:/home/lakshay/Walt/Sem7/IRob/Project/TurtleBot/install/turtlebot4_gz_toolbox:/home/lakshay/Walt/Sem7/IRob/Project/TurtleBot/install/turtlebot4_gz_gui_plugins:${AMENT_PREFIX_PATH} CMAKE_PREFIX_PATH=/home/lakshay/Walt/Sem7/IRob/Project/TurtleBot/install/turtlebot4_gz_bringup:/home/lakshay/Walt/Sem7/IRob/Project/TurtleBot/install/turtlebot4_gz_toolbox:/home/lakshay/Walt/Sem7/IRob/Project/TurtleBot/install/turtlebot4_gz_gui_plugins:/home/lakshay/Walt/Sem7/IRob/Project/TurtleBot/install/turtlebot4_desktop:/home/lakshay/Walt/Sem7/IRob/Project/TurtleBot/install/turtlebot4_viz:/opt/ros/jazzy/opt/gz_sim_vendor:/opt/ros/jazzy/opt/gz_sensors_vendor:/opt/ros/jazzy/opt/gz_physics_vendor:/opt/ros/jazzy/opt/sdformat_vendor:/opt/ros/jazzy/opt/gz_gui_vendor:/opt/ros/jazzy/opt/gz_transport_vendor:/opt/ros/jazzy/opt/gz_rendering_vendor:/opt/ros/jazzy/opt/gz_plugin_vendor:/opt/ros/jazzy/opt/gz_fuel_tools_vendor:/opt/ros/jazzy/opt/gz_msgs_vendor:/opt/ros/jazzy/opt/gz_common_vendor:/opt/ros/jazzy/opt/gz_math_vendor:/opt/ros/jazzy/opt/gz_utils_vendor:/opt/ros/jazzy/opt/gz_tools_vendor:/opt/ros/jazzy/opt/gz_ogre_next_vendor:/opt/ros/jazzy/opt/gz_dartsim_vendor:/opt/ros/jazzy/opt/gz_cmake_vendor:/home/lakshay/Walt/Sem7/IRob/Project/Feedback_Controller/install/fc:/opt/ros/jazzy DEBUGINFOD_URLS=https://debuginfod.ubuntu.com /usr/bin/cmake --build /home/lakshay/Walt/Sem7/IRob/Project/TurtleBot/build/turtlebot4_simulator -- -j16 -l16
[15.966s] DEBUG:colcon.colcon_core.event_handler.log_command:Invoking command in '/home/lakshay/Walt/Sem7/IRob/Project/TurtleBot/build/turtlebot4_simulator': AMENT_PREFIX_PATH=/home/lakshay/Walt/Sem7/IRob/Project/TurtleBot/install/turtlebot4_gz_bringup:/home/lakshay/Walt/Sem7/IRob/Project/TurtleBot/install/turtlebot4_gz_toolbox:/home/lakshay/Walt/Sem7/IRob/Project/TurtleBot/install/turtlebot4_gz_gui_plugins:${AMENT_PREFIX_PATH} CMAKE_PREFIX_PATH=/home/lakshay/Walt/Sem7/IRob/Project/TurtleBot/install/turtlebot4_gz_bringup:/home/lakshay/Walt/Sem7/IRob/Project/TurtleBot/install/turtlebot4_gz_toolbox:/home/lakshay/Walt/Sem7/IRob/Project/TurtleBot/install/turtlebot4_gz_gui_plugins:/home/lakshay/Walt/Sem7/IRob/Project/TurtleBot/install/turtlebot4_desktop:/home/lakshay/Walt/Sem7/IRob/Project/TurtleBot/install/turtlebot4_viz:/opt/ros/jazzy/opt/gz_sim_vendor:/opt/ros/jazzy/opt/gz_sensors_vendor:/opt/ros/jazzy/opt/gz_physics_vendor:/opt/ros/jazzy/opt/sdformat_vendor:/opt/ros/jazzy/opt/gz_gui_vendor:/opt/ros/jazzy/opt/gz_transport_vendor:/opt/ros/jazzy/opt/gz_rendering_vendor:/opt/ros/jazzy/opt/gz_plugin_vendor:/opt/ros/jazzy/opt/gz_fuel_tools_vendor:/opt/ros/jazzy/opt/gz_msgs_vendor:/opt/ros/jazzy/opt/gz_common_vendor:/opt/ros/jazzy/opt/gz_math_vendor:/opt/ros/jazzy/opt/gz_utils_vendor:/opt/ros/jazzy/opt/gz_tools_vendor:/opt/ros/jazzy/opt/gz_ogre_next_vendor:/opt/ros/jazzy/opt/gz_dartsim_vendor:/opt/ros/jazzy/opt/gz_cmake_vendor:/home/lakshay/Walt/Sem7/IRob/Project/Feedback_Controller/install/fc:/opt/ros/jazzy DEBUGINFOD_URLS=https://debuginfod.ubuntu.com /usr/bin/cmake --install /home/lakshay/Walt/Sem7/IRob/Project/TurtleBot/build/turtlebot4_simulator
[16.111s] Level 1:colcon.colcon_core.environment:create_environment_scripts_only(turtlebot4_simulator)
[16.111s] Level 1:colcon.colcon_core.environment:checking '/home/lakshay/Walt/Sem7/IRob/Project/TurtleBot/install/turtlebot4_simulator' for CMake module files
[16.112s] DEBUG:colcon.colcon_core.event_handler.log_command:Invoked command in '/home/lakshay/Walt/Sem7/IRob/Project/TurtleBot/build/turtlebot4_simulator' returned '0': AMENT_PREFIX_PATH=/home/lakshay/Walt/Sem7/IRob/Project/TurtleBot/install/turtlebot4_gz_bringup:/home/lakshay/Walt/Sem7/IRob/Project/TurtleBot/install/turtlebot4_gz_toolbox:/home/lakshay/Walt/Sem7/IRob/Project/TurtleBot/install/turtlebot4_gz_gui_plugins:${AMENT_PREFIX_PATH} CMAKE_PREFIX_PATH=/home/lakshay/Walt/Sem7/IRob/Project/TurtleBot/install/turtlebot4_gz_bringup:/home/lakshay/Walt/Sem7/IRob/Project/TurtleBot/install/turtlebot4_gz_toolbox:/home/lakshay/Walt/Sem7/IRob/Project/TurtleBot/install/turtlebot4_gz_gui_plugins:/home/lakshay/Walt/Sem7/IRob/Project/TurtleBot/install/turtlebot4_desktop:/home/lakshay/Walt/Sem7/IRob/Project/TurtleBot/install/turtlebot4_viz:/opt/ros/jazzy/opt/gz_sim_vendor:/opt/ros/jazzy/opt/gz_sensors_vendor:/opt/ros/jazzy/opt/gz_physics_vendor:/opt/ros/jazzy/opt/sdformat_vendor:/opt/ros/jazzy/opt/gz_gui_vendor:/opt/ros/jazzy/opt/gz_transport_vendor:/opt/ros/jazzy/opt/gz_rendering_vendor:/opt/ros/jazzy/opt/gz_plugin_vendor:/opt/ros/jazzy/opt/gz_fuel_tools_vendor:/opt/ros/jazzy/opt/gz_msgs_vendor:/opt/ros/jazzy/opt/gz_common_vendor:/opt/ros/jazzy/opt/gz_math_vendor:/opt/ros/jazzy/opt/gz_utils_vendor:/opt/ros/jazzy/opt/gz_tools_vendor:/opt/ros/jazzy/opt/gz_ogre_next_vendor:/opt/ros/jazzy/opt/gz_dartsim_vendor:/opt/ros/jazzy/opt/gz_cmake_vendor:/home/lakshay/Walt/Sem7/IRob/Project/Feedback_Controller/install/fc:/opt/ros/jazzy DEBUGINFOD_URLS=https://debuginfod.ubuntu.com /usr/bin/cmake --install /home/lakshay/Walt/Sem7/IRob/Project/TurtleBot/build/turtlebot4_simulator
[16.112s] Level 1:colcon.colcon_core.environment:checking '/home/lakshay/Walt/Sem7/IRob/Project/TurtleBot/install/turtlebot4_simulator' for CMake config files
[16.112s] Level 1:colcon.colcon_core.shell:create_environment_hook('turtlebot4_simulator', 'cmake_prefix_path')
[16.113s] INFO:colcon.colcon_core.shell:Creating environment descriptor '/home/lakshay/Walt/Sem7/IRob/Project/TurtleBot/install/turtlebot4_simulator/share/turtlebot4_simulator/hook/cmake_prefix_path.dsv'
[16.113s] INFO:colcon.colcon_core.shell:Creating environment hook '/home/lakshay/Walt/Sem7/IRob/Project/TurtleBot/install/turtlebot4_simulator/share/turtlebot4_simulator/hook/cmake_prefix_path.sh'
[16.113s] Level 1:colcon.colcon_core.environment:checking '/home/lakshay/Walt/Sem7/IRob/Project/TurtleBot/install/turtlebot4_simulator/bin'
[16.113s] Level 1:colcon.colcon_core.environment:checking '/home/lakshay/Walt/Sem7/IRob/Project/TurtleBot/install/turtlebot4_simulator/lib/pkgconfig/turtlebot4_simulator.pc'
[16.113s] Level 1:colcon.colcon_core.environment:checking '/home/lakshay/Walt/Sem7/IRob/Project/TurtleBot/install/turtlebot4_simulator/lib/python3.12/site-packages'
[16.114s] Level 1:colcon.colcon_core.environment:checking '/home/lakshay/Walt/Sem7/IRob/Project/TurtleBot/install/turtlebot4_simulator/bin'
[16.114s] INFO:colcon.colcon_core.shell:Creating package descriptor '/home/lakshay/Walt/Sem7/IRob/Project/TurtleBot/install/turtlebot4_simulator/share/turtlebot4_simulator/package.dsv'
[16.114s] INFO:colcon.colcon_core.shell:Creating package script '/home/lakshay/Walt/Sem7/IRob/Project/TurtleBot/install/turtlebot4_simulator/share/turtlebot4_simulator/package.sh'
[16.114s] INFO:colcon.colcon_core.shell:Creating package script '/home/lakshay/Walt/Sem7/IRob/Project/TurtleBot/install/turtlebot4_simulator/share/turtlebot4_simulator/package.bash'
[16.114s] INFO:colcon.colcon_core.shell:Creating package script '/home/lakshay/Walt/Sem7/IRob/Project/TurtleBot/install/turtlebot4_simulator/share/turtlebot4_simulator/package.zsh'
[16.115s] Level 1:colcon.colcon_core.environment:create_file_with_runtime_dependencies(/home/lakshay/Walt/Sem7/IRob/Project/TurtleBot/install/turtlebot4_simulator/share/colcon-core/packages/turtlebot4_simulator)
[16.115s] Level 1:colcon.colcon_core.environment:create_environment_scripts_only(turtlebot4_simulator)
[16.115s] Level 1:colcon.colcon_core.environment:checking '/home/lakshay/Walt/Sem7/IRob/Project/TurtleBot/install/turtlebot4_simulator' for CMake module files
[16.115s] Level 1:colcon.colcon_core.environment:checking '/home/lakshay/Walt/Sem7/IRob/Project/TurtleBot/install/turtlebot4_simulator' for CMake config files
[16.116s] Level 1:colcon.colcon_core.shell:create_environment_hook('turtlebot4_simulator', 'cmake_prefix_path')
[16.116s] INFO:colcon.colcon_core.shell:Creating environment descriptor '/home/lakshay/Walt/Sem7/IRob/Project/TurtleBot/install/turtlebot4_simulator/share/turtlebot4_simulator/hook/cmake_prefix_path.dsv'
[16.116s] INFO:colcon.colcon_core.shell:Creating environment hook '/home/lakshay/Walt/Sem7/IRob/Project/TurtleBot/install/turtlebot4_simulator/share/turtlebot4_simulator/hook/cmake_prefix_path.sh'
[16.116s] Level 1:colcon.colcon_core.environment:checking '/home/lakshay/Walt/Sem7/IRob/Project/TurtleBot/install/turtlebot4_simulator/bin'
[16.116s] Level 1:colcon.colcon_core.environment:checking '/home/lakshay/Walt/Sem7/IRob/Project/TurtleBot/install/turtlebot4_simulator/lib/pkgconfig/turtlebot4_simulator.pc'
[16.117s] Level 1:colcon.colcon_core.environment:checking '/home/lakshay/Walt/Sem7/IRob/Project/TurtleBot/install/turtlebot4_simulator/lib/python3.12/site-packages'
[16.117s] Level 1:colcon.colcon_core.environment:checking '/home/lakshay/Walt/Sem7/IRob/Project/TurtleBot/install/turtlebot4_simulator/bin'
[16.117s] INFO:colcon.colcon_core.shell:Creating package descriptor '/home/lakshay/Walt/Sem7/IRob/Project/TurtleBot/install/turtlebot4_simulator/share/turtlebot4_simulator/package.dsv'
[16.117s] INFO:colcon.colcon_core.shell:Creating package script '/home/lakshay/Walt/Sem7/IRob/Project/TurtleBot/install/turtlebot4_simulator/share/turtlebot4_simulator/package.sh'
[16.117s] INFO:colcon.colcon_core.shell:Creating package script '/home/lakshay/Walt/Sem7/IRob/Project/TurtleBot/install/turtlebot4_simulator/share/turtlebot4_simulator/package.bash'
[16.119s] INFO:colcon.colcon_core.shell:Creating package script '/home/lakshay/Walt/Sem7/IRob/Project/TurtleBot/install/turtlebot4_simulator/share/turtlebot4_simulator/package.zsh'
[16.119s] Level 1:colcon.colcon_core.environment:create_file_with_runtime_dependencies(/home/lakshay/Walt/Sem7/IRob/Project/TurtleBot/install/turtlebot4_simulator/share/colcon-core/packages/turtlebot4_simulator)
[16.119s] DEBUG:colcon.colcon_parallel_executor.executor.parallel:closing loop
[16.119s] DEBUG:colcon.colcon_parallel_executor.executor.parallel:loop closed
[16.119s] DEBUG:colcon.colcon_parallel_executor.executor.parallel:run_until_complete finished with '0'
[16.119s] DEBUG:colcon.colcon_core.event_reactor:joining thread
[16.125s] INFO:colcon.colcon_core.plugin_system:Skipping extension 'colcon_notification.desktop_notification.terminal_notifier': Not used on non-Darwin systems
[16.125s] INFO:colcon.colcon_core.plugin_system:Skipping extension 'colcon_notification.desktop_notification.win32': Not used on non-Windows systems
[16.125s] INFO:colcon.colcon_notification.desktop_notification:Sending desktop notification using 'notify2'
[16.133s] DEBUG:colcon.colcon_core.event_reactor:joined thread
[16.133s] INFO:colcon.colcon_core.shell:Creating prefix script '/home/lakshay/Walt/Sem7/IRob/Project/TurtleBot/install/local_setup.sh'
[16.133s] INFO:colcon.colcon_core.shell:Creating prefix util module '/home/lakshay/Walt/Sem7/IRob/Project/TurtleBot/install/_local_setup_util_sh.py'
[16.134s] INFO:colcon.colcon_core.shell:Creating prefix chain script '/home/lakshay/Walt/Sem7/IRob/Project/TurtleBot/install/setup.sh'
[16.135s] INFO:colcon.colcon_core.shell:Creating prefix script '/home/lakshay/Walt/Sem7/IRob/Project/TurtleBot/install/local_setup.bash'
[16.135s] INFO:colcon.colcon_core.shell:Creating prefix chain script '/home/lakshay/Walt/Sem7/IRob/Project/TurtleBot/install/setup.bash'
[16.136s] INFO:colcon.colcon_core.shell:Creating prefix script '/home/lakshay/Walt/Sem7/IRob/Project/TurtleBot/install/local_setup.zsh'
[16.136s] INFO:colcon.colcon_core.shell:Creating prefix chain script '/home/lakshay/Walt/Sem7/IRob/Project/TurtleBot/install/setup.zsh'
