[0.017s] Invoking command in '/home/lakshay/Walt/Sem7/IRob/Project/TurtleBot/build/turtlebot4_gz_gui_plugins': CMAKE_PREFIX_PATH=${CMAKE_PREFIX_PATH}:/home/lakshay/Walt/Sem7/IRob/Project/Feedback_Controller/install/fc:/opt/ros/jazzy DEBUGINFOD_URLS=https://debuginfod.ubuntu.com /usr/bin/cmake --build /home/lakshay/Walt/Sem7/IRob/Project/TurtleBot/build/turtlebot4_gz_gui_plugins -- -j16 -l16
[0.082s] [  0%] Built target Turtlebot4Hmi_autogen_timestamp_deps
[0.122s] [ 14%] Built target Turtlebot4Hmi_autogen
[0.163s] [100%] Built target Turtlebot4Hmi
[0.187s] Invoked command in '/home/lakshay/Walt/Sem7/IRob/Project/TurtleBot/build/turtlebot4_gz_gui_plugins' returned '0': CMAKE_PREFIX_PATH=${CMAKE_PREFIX_PATH}:/home/lakshay/Walt/Sem7/IRob/Project/Feedback_Controller/install/fc:/opt/ros/jazzy DEBUGINFOD_URLS=https://debuginfod.ubuntu.com /usr/bin/cmake --build /home/lakshay/Walt/Sem7/IRob/Project/TurtleBot/build/turtlebot4_gz_gui_plugins -- -j16 -l16
[0.188s] Invoking command in '/home/lakshay/Walt/Sem7/IRob/Project/TurtleBot/build/turtlebot4_gz_gui_plugins': CMAKE_PREFIX_PATH=${CMAKE_PREFIX_PATH}:/home/lakshay/Walt/Sem7/IRob/Project/Feedback_Controller/install/fc:/opt/ros/jazzy DEBUGINFOD_URLS=https://debuginfod.ubuntu.com /usr/bin/cmake --install /home/lakshay/Walt/Sem7/IRob/Project/TurtleBot/build/turtlebot4_gz_gui_plugins
[0.200s] -- Install configuration: ""
[0.201s] -- Execute custom install script
[0.201s] -- Up-to-date symlink: /home/lakshay/Walt/Sem7/IRob/Project/TurtleBot/install/turtlebot4_gz_gui_plugins/share/turtlebot4_gz_gui_plugins/lib/libTurtlebot4Hmi.so
[0.201s] -- Up-to-date symlink: /home/lakshay/Walt/Sem7/IRob/Project/TurtleBot/install/turtlebot4_gz_gui_plugins/share/ament_index/resource_index/package_run_dependencies/turtlebot4_gz_gui_plugins
[0.201s] -- Up-to-date symlink: /home/lakshay/Walt/Sem7/IRob/Project/TurtleBot/install/turtlebot4_gz_gui_plugins/share/ament_index/resource_index/parent_prefix_path/turtlebot4_gz_gui_plugins
[0.201s] -- Up-to-date symlink: /home/lakshay/Walt/Sem7/IRob/Project/TurtleBot/install/turtlebot4_gz_gui_plugins/share/turtlebot4_gz_gui_plugins/environment/ament_prefix_path.sh
[0.202s] -- Up-to-date symlink: /home/lakshay/Walt/Sem7/IRob/Project/TurtleBot/install/turtlebot4_gz_gui_plugins/share/turtlebot4_gz_gui_plugins/environment/ament_prefix_path.dsv
[0.202s] -- Up-to-date symlink: /home/lakshay/Walt/Sem7/IRob/Project/TurtleBot/install/turtlebot4_gz_gui_plugins/share/turtlebot4_gz_gui_plugins/environment/path.sh
[0.202s] -- Up-to-date symlink: /home/lakshay/Walt/Sem7/IRob/Project/TurtleBot/install/turtlebot4_gz_gui_plugins/share/turtlebot4_gz_gui_plugins/environment/path.dsv
[0.202s] -- Up-to-date symlink: /home/lakshay/Walt/Sem7/IRob/Project/TurtleBot/install/turtlebot4_gz_gui_plugins/share/turtlebot4_gz_gui_plugins/local_setup.bash
[0.202s] -- Up-to-date symlink: /home/lakshay/Walt/Sem7/IRob/Project/TurtleBot/install/turtlebot4_gz_gui_plugins/share/turtlebot4_gz_gui_plugins/local_setup.sh
[0.202s] -- Up-to-date symlink: /home/lakshay/Walt/Sem7/IRob/Project/TurtleBot/install/turtlebot4_gz_gui_plugins/share/turtlebot4_gz_gui_plugins/local_setup.zsh
[0.202s] -- Up-to-date symlink: /home/lakshay/Walt/Sem7/IRob/Project/TurtleBot/install/turtlebot4_gz_gui_plugins/share/turtlebot4_gz_gui_plugins/local_setup.dsv
[0.202s] -- Symlinking: /home/lakshay/Walt/Sem7/IRob/Project/TurtleBot/install/turtlebot4_gz_gui_plugins/share/turtlebot4_gz_gui_plugins/package.dsv
[0.215s] -- Up-to-date symlink: /home/lakshay/Walt/Sem7/IRob/Project/TurtleBot/install/turtlebot4_gz_gui_plugins/share/ament_index/resource_index/packages/turtlebot4_gz_gui_plugins
[0.215s] -- Up-to-date symlink: /home/lakshay/Walt/Sem7/IRob/Project/TurtleBot/install/turtlebot4_gz_gui_plugins/share/turtlebot4_gz_gui_plugins/cmake/turtlebot4_gz_gui_pluginsConfig.cmake
[0.215s] -- Up-to-date symlink: /home/lakshay/Walt/Sem7/IRob/Project/TurtleBot/install/turtlebot4_gz_gui_plugins/share/turtlebot4_gz_gui_plugins/cmake/turtlebot4_gz_gui_pluginsConfig-version.cmake
[0.215s] -- Up-to-date symlink: /home/lakshay/Walt/Sem7/IRob/Project/TurtleBot/install/turtlebot4_gz_gui_plugins/share/turtlebot4_gz_gui_plugins/package.xml
[0.218s] Invoked command in '/home/lakshay/Walt/Sem7/IRob/Project/TurtleBot/build/turtlebot4_gz_gui_plugins' returned '0': CMAKE_PREFIX_PATH=${CMAKE_PREFIX_PATH}:/home/lakshay/Walt/Sem7/IRob/Project/Feedback_Controller/install/fc:/opt/ros/jazzy DEBUGINFOD_URLS=https://debuginfod.ubuntu.com /usr/bin/cmake --install /home/lakshay/Walt/Sem7/IRob/Project/TurtleBot/build/turtlebot4_gz_gui_plugins
