[0.013s] Invoking command in '/home/lakshay/Walt/Sem7/IRob/Project/TurtleBot/build/turtlebot4_gz_toolbox': CMAKE_PREFIX_PATH=${CMAKE_PREFIX_PATH}:/home/lakshay/Walt/Sem7/IRob/Project/Feedback_Controller/install/fc:/opt/ros/jazzy DEBUGINFOD_URLS=https://debuginfod.ubuntu.com /usr/bin/cmake --build /home/lakshay/Walt/Sem7/IRob/Project/TurtleBot/build/turtlebot4_gz_toolbox -- -j16 -l16
[0.080s] [ 60%] Built target turtlebot4_gz_toolbox_lib
[0.115s] [100%] Built target turtlebot4_gz_hmi_node
[0.128s] Invoked command in '/home/lakshay/Walt/Sem7/IRob/Project/TurtleBot/build/turtlebot4_gz_toolbox' returned '0': CMAKE_PREFIX_PATH=${CMAKE_PREFIX_PATH}:/home/lakshay/Walt/Sem7/IRob/Project/Feedback_Controller/install/fc:/opt/ros/jazzy DEBUGINFOD_URLS=https://debuginfod.ubuntu.com /usr/bin/cmake --build /home/lakshay/Walt/Sem7/IRob/Project/TurtleBot/build/turtlebot4_gz_toolbox -- -j16 -l16
[0.139s] Invoking command in '/home/lakshay/Walt/Sem7/IRob/Project/TurtleBot/build/turtlebot4_gz_toolbox': CMAKE_PREFIX_PATH=${CMAKE_PREFIX_PATH}:/home/lakshay/Walt/Sem7/IRob/Project/Feedback_Controller/install/fc:/opt/ros/jazzy DEBUGINFOD_URLS=https://debuginfod.ubuntu.com /usr/bin/cmake --install /home/lakshay/Walt/Sem7/IRob/Project/TurtleBot/build/turtlebot4_gz_toolbox
[0.147s] -- Install configuration: ""
[0.148s] -- Execute custom install script
[0.148s] -- Up-to-date symlink: /home/lakshay/Walt/Sem7/IRob/Project/TurtleBot/install/turtlebot4_gz_toolbox/lib/turtlebot4_gz_toolbox/turtlebot4_gz_hmi_node
[0.148s] -- Up-to-date symlink: /home/lakshay/Walt/Sem7/IRob/Project/TurtleBot/install/turtlebot4_gz_toolbox/share/ament_index/resource_index/package_run_dependencies/turtlebot4_gz_toolbox
[0.148s] -- Up-to-date symlink: /home/lakshay/Walt/Sem7/IRob/Project/TurtleBot/install/turtlebot4_gz_toolbox/share/ament_index/resource_index/parent_prefix_path/turtlebot4_gz_toolbox
[0.148s] -- Up-to-date symlink: /home/lakshay/Walt/Sem7/IRob/Project/TurtleBot/install/turtlebot4_gz_toolbox/share/turtlebot4_gz_toolbox/environment/ament_prefix_path.sh
[0.148s] -- Up-to-date symlink: /home/lakshay/Walt/Sem7/IRob/Project/TurtleBot/install/turtlebot4_gz_toolbox/share/turtlebot4_gz_toolbox/environment/ament_prefix_path.dsv
[0.149s] -- Up-to-date symlink: /home/lakshay/Walt/Sem7/IRob/Project/TurtleBot/install/turtlebot4_gz_toolbox/share/turtlebot4_gz_toolbox/environment/path.sh
[0.149s] -- Up-to-date symlink: /home/lakshay/Walt/Sem7/IRob/Project/TurtleBot/install/turtlebot4_gz_toolbox/share/turtlebot4_gz_toolbox/environment/path.dsv
[0.149s] -- Up-to-date symlink: /home/lakshay/Walt/Sem7/IRob/Project/TurtleBot/install/turtlebot4_gz_toolbox/share/turtlebot4_gz_toolbox/local_setup.bash
[0.149s] -- Up-to-date symlink: /home/lakshay/Walt/Sem7/IRob/Project/TurtleBot/install/turtlebot4_gz_toolbox/share/turtlebot4_gz_toolbox/local_setup.sh
[0.149s] -- Up-to-date symlink: /home/lakshay/Walt/Sem7/IRob/Project/TurtleBot/install/turtlebot4_gz_toolbox/share/turtlebot4_gz_toolbox/local_setup.zsh
[0.149s] -- Up-to-date symlink: /home/lakshay/Walt/Sem7/IRob/Project/TurtleBot/install/turtlebot4_gz_toolbox/share/turtlebot4_gz_toolbox/local_setup.dsv
[0.149s] -- Symlinking: /home/lakshay/Walt/Sem7/IRob/Project/TurtleBot/install/turtlebot4_gz_toolbox/share/turtlebot4_gz_toolbox/package.dsv
[0.162s] -- Up-to-date symlink: /home/lakshay/Walt/Sem7/IRob/Project/TurtleBot/install/turtlebot4_gz_toolbox/share/ament_index/resource_index/packages/turtlebot4_gz_toolbox
[0.162s] -- Up-to-date symlink: /home/lakshay/Walt/Sem7/IRob/Project/TurtleBot/install/turtlebot4_gz_toolbox/share/turtlebot4_gz_toolbox/cmake/ament_cmake_export_include_directories-extras.cmake
[0.162s] -- Up-to-date symlink: /home/lakshay/Walt/Sem7/IRob/Project/TurtleBot/install/turtlebot4_gz_toolbox/share/turtlebot4_gz_toolbox/cmake/turtlebot4_gz_toolboxConfig.cmake
[0.162s] -- Up-to-date symlink: /home/lakshay/Walt/Sem7/IRob/Project/TurtleBot/install/turtlebot4_gz_toolbox/share/turtlebot4_gz_toolbox/cmake/turtlebot4_gz_toolboxConfig-version.cmake
[0.162s] -- Up-to-date symlink: /home/lakshay/Walt/Sem7/IRob/Project/TurtleBot/install/turtlebot4_gz_toolbox/share/turtlebot4_gz_toolbox/package.xml
[0.164s] Invoked command in '/home/lakshay/Walt/Sem7/IRob/Project/TurtleBot/build/turtlebot4_gz_toolbox' returned '0': CMAKE_PREFIX_PATH=${CMAKE_PREFIX_PATH}:/home/lakshay/Walt/Sem7/IRob/Project/Feedback_Controller/install/fc:/opt/ros/jazzy DEBUGINFOD_URLS=https://debuginfod.ubuntu.com /usr/bin/cmake --install /home/lakshay/Walt/Sem7/IRob/Project/TurtleBot/build/turtlebot4_gz_toolbox
