[0.010s] Invoking command in '/home/lakshay/Walt/Sem7/IRob/Project/TurtleBot/build/turtlebot4_gz_bringup': CMAKE_PREFIX_PATH=/home/lakshay/Walt/Sem7/IRob/Project/TurtleBot/install/turtlebot4_gz_toolbox:/home/lakshay/Walt/Sem7/IRob/Project/TurtleBot/install/turtlebot4_gz_gui_plugins:/home/lakshay/Walt/Sem7/IRob/Project/TurtleBot/install/turtlebot4_simulator:/home/lakshay/Walt/Sem7/IRob/Project/TurtleBot/install/turtlebot4_gz_bringup:/home/lakshay/Walt/Sem7/IRob/Project/TurtleBot/install/turtlebot4_desktop:/home/lakshay/Walt/Sem7/IRob/Project/TurtleBot/install/turtlebot4_viz:/opt/ros/jazzy/opt/gz_sim_vendor:/opt/ros/jazzy/opt/gz_sensors_vendor:/opt/ros/jazzy/opt/gz_physics_vendor:/opt/ros/jazzy/opt/sdformat_vendor:/opt/ros/jazzy/opt/gz_gui_vendor:/opt/ros/jazzy/opt/gz_transport_vendor:/opt/ros/jazzy/opt/gz_rendering_vendor:/opt/ros/jazzy/opt/gz_plugin_vendor:/opt/ros/jazzy/opt/gz_fuel_tools_vendor:/opt/ros/jazzy/opt/gz_msgs_vendor:/opt/ros/jazzy/opt/gz_common_vendor:/opt/ros/jazzy/opt/gz_math_vendor:/opt/ros/jazzy/opt/gz_utils_vendor:/opt/ros/jazzy/opt/gz_tools_vendor:/opt/ros/jazzy/opt/gz_ogre_next_vendor:/opt/ros/jazzy/opt/gz_dartsim_vendor:/opt/ros/jazzy/opt/gz_cmake_vendor:/home/lakshay/Walt/Sem7/IRob/Project/Feedback_Controller/install/fc:/opt/ros/jazzy DEBUGINFOD_URLS=https://debuginfod.ubuntu.com /usr/bin/cmake /home/lakshay/Walt/Sem7/IRob/Project/TurtleBot/src/turtlebot4_simulator/turtlebot4_gz_bringup -DCMAKE_INSTALL_PREFIX=/home/lakshay/Walt/Sem7/IRob/Project/TurtleBot/install/turtlebot4_gz_bringup
[0.024s] -- Found ament_cmake: 2.5.2 (/opt/ros/jazzy/share/ament_cmake/cmake)
[0.186s] -- Override CMake install command with custom implementation using symlinks instead of copying resources
[0.192s] -- Found ros_gz_interfaces: 1.0.7 (/opt/ros/jazzy/share/ros_gz_interfaces/cmake)
[0.215s] -- Found rosidl_generator_c: 4.6.4 (/opt/ros/jazzy/share/rosidl_generator_c/cmake)
[0.222s] -- Found rosidl_generator_cpp: 4.6.4 (/opt/ros/jazzy/share/rosidl_generator_cpp/cmake)
[0.231s] -- Using all available rosidl_typesupport_c: rosidl_typesupport_fastrtps_c;rosidl_typesupport_introspection_c
[0.242s] -- Using all available rosidl_typesupport_cpp: rosidl_typesupport_fastrtps_cpp;rosidl_typesupport_introspection_cpp
[0.329s] -- Found ament_lint_auto: 0.17.1 (/opt/ros/jazzy/share/ament_lint_auto/cmake)
[0.401s] -- Added test 'copyright' to check source files copyright and LICENSE
[0.404s] -- Added test 'flake8' to check Python code syntax and style conventions
[0.404s] -- Configured 'flake8' exclude dirs and/or files: 
[0.404s] -- Added test 'lint_cmake' to check CMake code style
[0.405s] -- Added test 'pep257' to check Python code against some of the docstring style conventions in PEP 257
[0.406s] -- Added test 'xmllint' to check XML markup files
[0.407s] -- Configuring done (0.4s)
[0.412s] -- Generating done (0.0s)
[0.414s] -- Build files have been written to: /home/lakshay/Walt/Sem7/IRob/Project/TurtleBot/build/turtlebot4_gz_bringup
[0.419s] Invoked command in '/home/lakshay/Walt/Sem7/IRob/Project/TurtleBot/build/turtlebot4_gz_bringup' returned '0': CMAKE_PREFIX_PATH=/home/lakshay/Walt/Sem7/IRob/Project/TurtleBot/install/turtlebot4_gz_toolbox:/home/lakshay/Walt/Sem7/IRob/Project/TurtleBot/install/turtlebot4_gz_gui_plugins:/home/lakshay/Walt/Sem7/IRob/Project/TurtleBot/install/turtlebot4_simulator:/home/lakshay/Walt/Sem7/IRob/Project/TurtleBot/install/turtlebot4_gz_bringup:/home/lakshay/Walt/Sem7/IRob/Project/TurtleBot/install/turtlebot4_desktop:/home/lakshay/Walt/Sem7/IRob/Project/TurtleBot/install/turtlebot4_viz:/opt/ros/jazzy/opt/gz_sim_vendor:/opt/ros/jazzy/opt/gz_sensors_vendor:/opt/ros/jazzy/opt/gz_physics_vendor:/opt/ros/jazzy/opt/sdformat_vendor:/opt/ros/jazzy/opt/gz_gui_vendor:/opt/ros/jazzy/opt/gz_transport_vendor:/opt/ros/jazzy/opt/gz_rendering_vendor:/opt/ros/jazzy/opt/gz_plugin_vendor:/opt/ros/jazzy/opt/gz_fuel_tools_vendor:/opt/ros/jazzy/opt/gz_msgs_vendor:/opt/ros/jazzy/opt/gz_common_vendor:/opt/ros/jazzy/opt/gz_math_vendor:/opt/ros/jazzy/opt/gz_utils_vendor:/opt/ros/jazzy/opt/gz_tools_vendor:/opt/ros/jazzy/opt/gz_ogre_next_vendor:/opt/ros/jazzy/opt/gz_dartsim_vendor:/opt/ros/jazzy/opt/gz_cmake_vendor:/home/lakshay/Walt/Sem7/IRob/Project/Feedback_Controller/install/fc:/opt/ros/jazzy DEBUGINFOD_URLS=https://debuginfod.ubuntu.com /usr/bin/cmake /home/lakshay/Walt/Sem7/IRob/Project/TurtleBot/src/turtlebot4_simulator/turtlebot4_gz_bringup -DCMAKE_INSTALL_PREFIX=/home/lakshay/Walt/Sem7/IRob/Project/TurtleBot/install/turtlebot4_gz_bringup
[0.420s] Invoking command in '/home/lakshay/Walt/Sem7/IRob/Project/TurtleBot/build/turtlebot4_gz_bringup': CMAKE_PREFIX_PATH=/home/lakshay/Walt/Sem7/IRob/Project/TurtleBot/install/turtlebot4_gz_toolbox:/home/lakshay/Walt/Sem7/IRob/Project/TurtleBot/install/turtlebot4_gz_gui_plugins:/home/lakshay/Walt/Sem7/IRob/Project/TurtleBot/install/turtlebot4_simulator:/home/lakshay/Walt/Sem7/IRob/Project/TurtleBot/install/turtlebot4_gz_bringup:/home/lakshay/Walt/Sem7/IRob/Project/TurtleBot/install/turtlebot4_desktop:/home/lakshay/Walt/Sem7/IRob/Project/TurtleBot/install/turtlebot4_viz:/opt/ros/jazzy/opt/gz_sim_vendor:/opt/ros/jazzy/opt/gz_sensors_vendor:/opt/ros/jazzy/opt/gz_physics_vendor:/opt/ros/jazzy/opt/sdformat_vendor:/opt/ros/jazzy/opt/gz_gui_vendor:/opt/ros/jazzy/opt/gz_transport_vendor:/opt/ros/jazzy/opt/gz_rendering_vendor:/opt/ros/jazzy/opt/gz_plugin_vendor:/opt/ros/jazzy/opt/gz_fuel_tools_vendor:/opt/ros/jazzy/opt/gz_msgs_vendor:/opt/ros/jazzy/opt/gz_common_vendor:/opt/ros/jazzy/opt/gz_math_vendor:/opt/ros/jazzy/opt/gz_utils_vendor:/opt/ros/jazzy/opt/gz_tools_vendor:/opt/ros/jazzy/opt/gz_ogre_next_vendor:/opt/ros/jazzy/opt/gz_dartsim_vendor:/opt/ros/jazzy/opt/gz_cmake_vendor:/home/lakshay/Walt/Sem7/IRob/Project/Feedback_Controller/install/fc:/opt/ros/jazzy DEBUGINFOD_URLS=https://debuginfod.ubuntu.com /usr/bin/cmake --build /home/lakshay/Walt/Sem7/IRob/Project/TurtleBot/build/turtlebot4_gz_bringup -- -j16 -l16
[0.458s] Invoked command in '/home/lakshay/Walt/Sem7/IRob/Project/TurtleBot/build/turtlebot4_gz_bringup' returned '0': CMAKE_PREFIX_PATH=/home/lakshay/Walt/Sem7/IRob/Project/TurtleBot/install/turtlebot4_gz_toolbox:/home/lakshay/Walt/Sem7/IRob/Project/TurtleBot/install/turtlebot4_gz_gui_plugins:/home/lakshay/Walt/Sem7/IRob/Project/TurtleBot/install/turtlebot4_simulator:/home/lakshay/Walt/Sem7/IRob/Project/TurtleBot/install/turtlebot4_gz_bringup:/home/lakshay/Walt/Sem7/IRob/Project/TurtleBot/install/turtlebot4_desktop:/home/lakshay/Walt/Sem7/IRob/Project/TurtleBot/install/turtlebot4_viz:/opt/ros/jazzy/opt/gz_sim_vendor:/opt/ros/jazzy/opt/gz_sensors_vendor:/opt/ros/jazzy/opt/gz_physics_vendor:/opt/ros/jazzy/opt/sdformat_vendor:/opt/ros/jazzy/opt/gz_gui_vendor:/opt/ros/jazzy/opt/gz_transport_vendor:/opt/ros/jazzy/opt/gz_rendering_vendor:/opt/ros/jazzy/opt/gz_plugin_vendor:/opt/ros/jazzy/opt/gz_fuel_tools_vendor:/opt/ros/jazzy/opt/gz_msgs_vendor:/opt/ros/jazzy/opt/gz_common_vendor:/opt/ros/jazzy/opt/gz_math_vendor:/opt/ros/jazzy/opt/gz_utils_vendor:/opt/ros/jazzy/opt/gz_tools_vendor:/opt/ros/jazzy/opt/gz_ogre_next_vendor:/opt/ros/jazzy/opt/gz_dartsim_vendor:/opt/ros/jazzy/opt/gz_cmake_vendor:/home/lakshay/Walt/Sem7/IRob/Project/Feedback_Controller/install/fc:/opt/ros/jazzy DEBUGINFOD_URLS=https://debuginfod.ubuntu.com /usr/bin/cmake --build /home/lakshay/Walt/Sem7/IRob/Project/TurtleBot/build/turtlebot4_gz_bringup -- -j16 -l16
[0.459s] Invoking command in '/home/lakshay/Walt/Sem7/IRob/Project/TurtleBot/build/turtlebot4_gz_bringup': CMAKE_PREFIX_PATH=/home/lakshay/Walt/Sem7/IRob/Project/TurtleBot/install/turtlebot4_gz_toolbox:/home/lakshay/Walt/Sem7/IRob/Project/TurtleBot/install/turtlebot4_gz_gui_plugins:/home/lakshay/Walt/Sem7/IRob/Project/TurtleBot/install/turtlebot4_simulator:/home/lakshay/Walt/Sem7/IRob/Project/TurtleBot/install/turtlebot4_gz_bringup:/home/lakshay/Walt/Sem7/IRob/Project/TurtleBot/install/turtlebot4_desktop:/home/lakshay/Walt/Sem7/IRob/Project/TurtleBot/install/turtlebot4_viz:/opt/ros/jazzy/opt/gz_sim_vendor:/opt/ros/jazzy/opt/gz_sensors_vendor:/opt/ros/jazzy/opt/gz_physics_vendor:/opt/ros/jazzy/opt/sdformat_vendor:/opt/ros/jazzy/opt/gz_gui_vendor:/opt/ros/jazzy/opt/gz_transport_vendor:/opt/ros/jazzy/opt/gz_rendering_vendor:/opt/ros/jazzy/opt/gz_plugin_vendor:/opt/ros/jazzy/opt/gz_fuel_tools_vendor:/opt/ros/jazzy/opt/gz_msgs_vendor:/opt/ros/jazzy/opt/gz_common_vendor:/opt/ros/jazzy/opt/gz_math_vendor:/opt/ros/jazzy/opt/gz_utils_vendor:/opt/ros/jazzy/opt/gz_tools_vendor:/opt/ros/jazzy/opt/gz_ogre_next_vendor:/opt/ros/jazzy/opt/gz_dartsim_vendor:/opt/ros/jazzy/opt/gz_cmake_vendor:/home/lakshay/Walt/Sem7/IRob/Project/Feedback_Controller/install/fc:/opt/ros/jazzy DEBUGINFOD_URLS=https://debuginfod.ubuntu.com /usr/bin/cmake --install /home/lakshay/Walt/Sem7/IRob/Project/TurtleBot/build/turtlebot4_gz_bringup
[0.466s] -- Install configuration: ""
[0.467s] -- Execute custom install script
[0.467s] -- Up-to-date symlink: /home/lakshay/Walt/Sem7/IRob/Project/TurtleBot/install/turtlebot4_gz_bringup/share/turtlebot4_gz_bringup/config/turtlebot4_node.yaml
[0.467s] -- Up-to-date symlink: /home/lakshay/Walt/Sem7/IRob/Project/TurtleBot/install/turtlebot4_gz_bringup/share/turtlebot4_gz_bringup/gui/lite/gui.config
[0.467s] -- Up-to-date symlink: /home/lakshay/Walt/Sem7/IRob/Project/TurtleBot/install/turtlebot4_gz_bringup/share/turtlebot4_gz_bringup/gui/standard/gui.config
[0.467s] -- Symlinking: /home/lakshay/Walt/Sem7/IRob/Project/TurtleBot/install/turtlebot4_gz_bringup/share/turtlebot4_gz_bringup/launch/empty_world.launch.py
[0.476s] -- Up-to-date symlink: /home/lakshay/Walt/Sem7/IRob/Project/TurtleBot/install/turtlebot4_gz_bringup/share/turtlebot4_gz_bringup/launch/ros_gz_bridge.launch.py
[0.476s] -- Up-to-date symlink: /home/lakshay/Walt/Sem7/IRob/Project/TurtleBot/install/turtlebot4_gz_bringup/share/turtlebot4_gz_bringup/launch/sim.launch.py
[0.476s] -- Up-to-date symlink: /home/lakshay/Walt/Sem7/IRob/Project/TurtleBot/install/turtlebot4_gz_bringup/share/turtlebot4_gz_bringup/launch/turtlebot4_gz.launch.py
[0.476s] -- Up-to-date symlink: /home/lakshay/Walt/Sem7/IRob/Project/TurtleBot/install/turtlebot4_gz_bringup/share/turtlebot4_gz_bringup/launch/turtlebot4_nodes.launch.py
[0.476s] -- Up-to-date symlink: /home/lakshay/Walt/Sem7/IRob/Project/TurtleBot/install/turtlebot4_gz_bringup/share/turtlebot4_gz_bringup/launch/turtlebot4_spawn.launch.py
[0.477s] -- Up-to-date symlink: /home/lakshay/Walt/Sem7/IRob/Project/TurtleBot/install/turtlebot4_gz_bringup/share/turtlebot4_gz_bringup/worlds/depot.sdf
[0.477s] -- Symlinking: /home/lakshay/Walt/Sem7/IRob/Project/TurtleBot/install/turtlebot4_gz_bringup/share/turtlebot4_gz_bringup/worlds/empty.sdf
[0.485s] -- Up-to-date symlink: /home/lakshay/Walt/Sem7/IRob/Project/TurtleBot/install/turtlebot4_gz_bringup/share/turtlebot4_gz_bringup/worlds/maze.sdf
[0.485s] -- Up-to-date symlink: /home/lakshay/Walt/Sem7/IRob/Project/TurtleBot/install/turtlebot4_gz_bringup/share/turtlebot4_gz_bringup/worlds/warehouse.sdf
[0.485s] -- Up-to-date symlink: /home/lakshay/Walt/Sem7/IRob/Project/TurtleBot/install/turtlebot4_gz_bringup/share/ament_index/resource_index/package_run_dependencies/turtlebot4_gz_bringup
[0.485s] -- Up-to-date symlink: /home/lakshay/Walt/Sem7/IRob/Project/TurtleBot/install/turtlebot4_gz_bringup/share/ament_index/resource_index/parent_prefix_path/turtlebot4_gz_bringup
[0.485s] -- Up-to-date symlink: /home/lakshay/Walt/Sem7/IRob/Project/TurtleBot/install/turtlebot4_gz_bringup/share/turtlebot4_gz_bringup/environment/ament_prefix_path.sh
[0.486s] -- Up-to-date symlink: /home/lakshay/Walt/Sem7/IRob/Project/TurtleBot/install/turtlebot4_gz_bringup/share/turtlebot4_gz_bringup/environment/ament_prefix_path.dsv
[0.486s] -- Up-to-date symlink: /home/lakshay/Walt/Sem7/IRob/Project/TurtleBot/install/turtlebot4_gz_bringup/share/turtlebot4_gz_bringup/environment/path.sh
[0.486s] -- Up-to-date symlink: /home/lakshay/Walt/Sem7/IRob/Project/TurtleBot/install/turtlebot4_gz_bringup/share/turtlebot4_gz_bringup/environment/path.dsv
[0.486s] -- Up-to-date symlink: /home/lakshay/Walt/Sem7/IRob/Project/TurtleBot/install/turtlebot4_gz_bringup/share/turtlebot4_gz_bringup/local_setup.bash
[0.486s] -- Up-to-date symlink: /home/lakshay/Walt/Sem7/IRob/Project/TurtleBot/install/turtlebot4_gz_bringup/share/turtlebot4_gz_bringup/local_setup.sh
[0.486s] -- Up-to-date symlink: /home/lakshay/Walt/Sem7/IRob/Project/TurtleBot/install/turtlebot4_gz_bringup/share/turtlebot4_gz_bringup/local_setup.zsh
[0.486s] -- Up-to-date symlink: /home/lakshay/Walt/Sem7/IRob/Project/TurtleBot/install/turtlebot4_gz_bringup/share/turtlebot4_gz_bringup/local_setup.dsv
[0.486s] -- Symlinking: /home/lakshay/Walt/Sem7/IRob/Project/TurtleBot/install/turtlebot4_gz_bringup/share/turtlebot4_gz_bringup/package.dsv
[0.495s] -- Up-to-date symlink: /home/lakshay/Walt/Sem7/IRob/Project/TurtleBot/install/turtlebot4_gz_bringup/share/ament_index/resource_index/packages/turtlebot4_gz_bringup
[0.495s] -- Up-to-date symlink: /home/lakshay/Walt/Sem7/IRob/Project/TurtleBot/install/turtlebot4_gz_bringup/share/turtlebot4_gz_bringup/cmake/turtlebot4_gz_bringupConfig.cmake
[0.495s] -- Up-to-date symlink: /home/lakshay/Walt/Sem7/IRob/Project/TurtleBot/install/turtlebot4_gz_bringup/share/turtlebot4_gz_bringup/cmake/turtlebot4_gz_bringupConfig-version.cmake
[0.495s] -- Up-to-date symlink: /home/lakshay/Walt/Sem7/IRob/Project/TurtleBot/install/turtlebot4_gz_bringup/share/turtlebot4_gz_bringup/package.xml
[0.497s] Invoked command in '/home/lakshay/Walt/Sem7/IRob/Project/TurtleBot/build/turtlebot4_gz_bringup' returned '0': CMAKE_PREFIX_PATH=/home/lakshay/Walt/Sem7/IRob/Project/TurtleBot/install/turtlebot4_gz_toolbox:/home/lakshay/Walt/Sem7/IRob/Project/TurtleBot/install/turtlebot4_gz_gui_plugins:/home/lakshay/Walt/Sem7/IRob/Project/TurtleBot/install/turtlebot4_simulator:/home/lakshay/Walt/Sem7/IRob/Project/TurtleBot/install/turtlebot4_gz_bringup:/home/lakshay/Walt/Sem7/IRob/Project/TurtleBot/install/turtlebot4_desktop:/home/lakshay/Walt/Sem7/IRob/Project/TurtleBot/install/turtlebot4_viz:/opt/ros/jazzy/opt/gz_sim_vendor:/opt/ros/jazzy/opt/gz_sensors_vendor:/opt/ros/jazzy/opt/gz_physics_vendor:/opt/ros/jazzy/opt/sdformat_vendor:/opt/ros/jazzy/opt/gz_gui_vendor:/opt/ros/jazzy/opt/gz_transport_vendor:/opt/ros/jazzy/opt/gz_rendering_vendor:/opt/ros/jazzy/opt/gz_plugin_vendor:/opt/ros/jazzy/opt/gz_fuel_tools_vendor:/opt/ros/jazzy/opt/gz_msgs_vendor:/opt/ros/jazzy/opt/gz_common_vendor:/opt/ros/jazzy/opt/gz_math_vendor:/opt/ros/jazzy/opt/gz_utils_vendor:/opt/ros/jazzy/opt/gz_tools_vendor:/opt/ros/jazzy/opt/gz_ogre_next_vendor:/opt/ros/jazzy/opt/gz_dartsim_vendor:/opt/ros/jazzy/opt/gz_cmake_vendor:/home/lakshay/Walt/Sem7/IRob/Project/Feedback_Controller/install/fc:/opt/ros/jazzy DEBUGINFOD_URLS=https://debuginfod.ubuntu.com /usr/bin/cmake --install /home/lakshay/Walt/Sem7/IRob/Project/TurtleBot/build/turtlebot4_gz_bringup
