[0.014s] Invoking command in '/home/lakshay/Walt/Sem7/IRob/Project/TurtleBot/build/turtlebot4_gz_gui_plugins': CMAKE_PREFIX_PATH=${CMAKE_PREFIX_PATH}:/home/lakshay/Walt/Sem7/IRob/Project/Feedback_Controller/install/fc:/opt/ros/jazzy DEBUGINFOD_URLS=https://debuginfod.ubuntu.com /usr/bin/cmake /home/lakshay/Walt/Sem7/IRob/Project/TurtleBot/src/turtlebot4_simulator/turtlebot4_gz_gui_plugins -DAMENT_CMAKE_SYMLINK_INSTALL=1 -DCMAKE_INSTALL_PREFIX=/home/lakshay/Walt/Sem7/IRob/Project/TurtleBot/install/turtlebot4_gz_gui_plugins
[0.066s] -- The C compiler identification is GNU 13.3.0
[0.115s] -- The CXX compiler identification is GNU 13.3.0
[0.129s] -- Detecting C compiler ABI info
[0.211s] -- Detecting C compiler ABI info - done
[0.219s] -- Check for working C compiler: /usr/bin/cc - skipped
[0.219s] -- Detecting C compile features
[0.219s] -- Detecting C compile features - done
[0.227s] -- Detecting CXX compiler ABI info
[0.318s] -- Detecting CXX compiler ABI info - done
[0.325s] -- Check for working CXX compiler: /usr/bin/c++ - skipped
[0.325s] -- Detecting CXX compile features
[0.325s] -- Detecting CXX compile features - done
[0.330s] -- Found ament_cmake: 2.5.2 (/opt/ros/jazzy/share/ament_cmake/cmake)
[0.464s] -- Found Python3: /usr/bin/python3 (found version "3.12.3") found components: Interpreter 
[0.525s] -- Override CMake install command with custom implementation using symlinks instead of copying resources
[0.579s] -- Found gz_gui_vendor: 0.0.4 (/opt/ros/jazzy/share/gz_gui_vendor/cmake)
[0.624s] -- Looking for gz-gui8 -- found version 8.3.0
[0.641s] -- Searching for dependencies of gz-gui8
[0.779s] -- Found Protobuf: /usr/lib/x86_64-linux-gnu/libprotobuf.so (found version "3.21.12") 
[0.786s] -- Checking for module 'tinyxml2'
[0.801s] --   Found tinyxml2, version 10.0.0
[0.837s] -- Looking for gz-utils2 -- found version 2.2.0
[0.838s] -- Searching for dependencies of gz-utils2
[0.840s] -- Looking for gz-math7 -- found version 7.5.1
[0.840s] -- Searching for dependencies of gz-math7
[0.841s] -- Looking for gz-utils2 -- found version 2.2.0
[0.844s] -- Looking for gz-common5 -- found version 5.7.0
[0.844s] -- Searching for dependencies of gz-common5
[0.844s] -- Looking for gz-utils2 -- found version 2.2.0
[0.845s] -- Looking for dlfcn.h - found
[0.846s] -- Looking for libdl - found
[0.847s] -- Found DL: TRUE  
[0.852s] -- Checking for module 'uuid'
[0.865s] --   Found uuid, version 2.39.3
[0.896s] -- Found UUID: TRUE  
[0.897s] -- Searching for <gz-common5> component [profiler]
[0.899s] -- Looking for gz-common5-profiler -- found version 5.7.0
[0.900s] -- Searching for dependencies of gz-common5-profiler
[0.903s] -- Looking for gz-plugin2 -- found version 2.0.3
[0.903s] -- Searching for dependencies of gz-plugin2
[0.903s] -- Looking for gz-utils2 -- found version 2.2.0
[0.903s] -- Searching for dependencies of gz-utils2
[0.903s] -- Searching for <gz-utils2> component [cli]
[0.906s] -- Looking for gz-utils2-cli -- found version 2.2.0
[0.906s] -- Searching for dependencies of gz-utils2-cli
[0.907s] -- Searching for <gz-plugin2> component [loader]
[0.910s] -- Looking for gz-plugin2-loader -- found version 2.0.3
[0.910s] -- Searching for dependencies of gz-plugin2-loader
[0.910s] -- Searching for <gz-plugin2> component [register]
[0.913s] -- Looking for gz-plugin2-register -- found version 2.0.3
[0.913s] -- Searching for dependencies of gz-plugin2-register
[0.915s] -- Looking for gz-transport13 -- found version 13.4.0
[0.915s] -- Searching for dependencies of gz-transport13
[0.950s] -- Config-file not installed for ZeroMQ -- checking for pkg-config
[0.954s] -- Checking for module 'libzmq >= 4'
[0.968s] --   Found libzmq, version 4.3.5
[1.014s] -- Found ZeroMQ: TRUE (Required is at least version "4") 
[1.021s] -- Looking for gz-utils2 -- found version 2.2.0
[1.023s] -- Looking for gz-msgs10 -- found version 10.3.1
[1.023s] -- Searching for dependencies of gz-msgs10
[1.044s] -- Looking for gz-utils2 -- found version 2.2.0
[1.044s] -- Looking for gz-math7 -- found version 7.5.1
[1.163s] -- Looking for gz-rendering8 -- found version 8.2.1
[1.163s] -- Searching for dependencies of gz-rendering8
[1.164s] -- Looking for gz-math7 -- found version 7.5.1
[1.164s] -- Searching for dependencies of gz-math7
[1.164s] -- Looking for gz-utils2 -- found version 2.2.0
[1.164s] -- Searching for <gz-math7> component [eigen3]
[1.167s] -- Looking for gz-math7-eigen3 -- found version 7.5.1
[1.167s] -- Searching for dependencies of gz-math7-eigen3
[1.186s] -- Looking for gz-common5 -- found version 5.7.0
[1.187s] -- Searching for dependencies of gz-common5
[1.187s] -- Looking for gz-utils2 -- found version 2.2.0
[1.187s] -- Looking for dlfcn.h - found
[1.187s] -- Looking for libdl - found
[1.194s] -- Searching for <gz-common5> component [graphics]
[1.196s] -- Looking for gz-common5-graphics -- found version 5.7.0
[1.196s] -- Searching for dependencies of gz-common5-graphics
[1.197s] -- Looking for gz-math7 -- found version 7.5.1
[1.204s] -- Found GzAssimp: TRUE (found version "5.3.0") 
[1.204s] -- Searching for <gz-common5> component [events]
[1.207s] -- Looking for gz-common5-events -- found version 5.7.0
[1.207s] -- Searching for dependencies of gz-common5-events
[1.208s] -- Looking for gz-math7 -- found version 7.5.1
[1.208s] -- Searching for <gz-common5> component [geospatial]
[1.211s] -- Looking for gz-common5-geospatial -- found version 5.7.0
[1.211s] -- Searching for dependencies of gz-common5-geospatial
[1.212s] -- Looking for gz-math7 -- found version 7.5.1
[1.212s] -- Looking for gz-common5 -- found version 5.7.0
[1.213s] -- Looking for gz-plugin2 -- found version 2.0.3
[1.213s] -- Searching for dependencies of gz-plugin2
[1.213s] -- Looking for gz-utils2 -- found version 2.2.0
[1.213s] -- Searching for <gz-plugin2> component [all]
[1.216s] -- Looking for all libraries of gz-plugin2 -- found version 2.0.3
[1.216s] -- Looking for gz-plugin2 -- found version 2.0.3
[1.217s] -- Looking for gz-utils2 -- found version 2.2.0
[1.234s] -- Found OpenGL: /usr/lib/x86_64-linux-gnu/libOpenGL.so  found components: OpenGL 
[1.235s] -- Looking for gz-msgs10 -- found version 10.3.1
[1.277s] -- Found ament_lint_auto: 0.17.1 (/opt/ros/jazzy/share/ament_lint_auto/cmake)
[1.412s] -- Looking for gz-gui8 -- found version 8.3.0
[1.414s] -- Looking for gz-common5 -- found version 5.7.0
[1.419s] -- Added test 'cppcheck' to perform static code analysis on C / C++ code
[1.419s] -- Configured cppcheck include dirs: 
[1.419s] -- Configured cppcheck exclude dirs and/or files: 
[1.420s] -- Added test 'cpplint' to check C / C++ code against the Google style
[1.420s] -- Configured cpplint exclude dirs and/or files: 
[1.421s] -- Added test 'lint_cmake' to check CMake code style
[1.423s] -- Added test 'xmllint' to check XML markup files
[1.425s] -- Configuring done (1.4s)
[1.444s] -- Generating done (0.0s)
[1.447s] -- Build files have been written to: /home/lakshay/Walt/Sem7/IRob/Project/TurtleBot/build/turtlebot4_gz_gui_plugins
[1.456s] Invoked command in '/home/lakshay/Walt/Sem7/IRob/Project/TurtleBot/build/turtlebot4_gz_gui_plugins' returned '0': CMAKE_PREFIX_PATH=${CMAKE_PREFIX_PATH}:/home/lakshay/Walt/Sem7/IRob/Project/Feedback_Controller/install/fc:/opt/ros/jazzy DEBUGINFOD_URLS=https://debuginfod.ubuntu.com /usr/bin/cmake /home/lakshay/Walt/Sem7/IRob/Project/TurtleBot/src/turtlebot4_simulator/turtlebot4_gz_gui_plugins -DAMENT_CMAKE_SYMLINK_INSTALL=1 -DCMAKE_INSTALL_PREFIX=/home/lakshay/Walt/Sem7/IRob/Project/TurtleBot/install/turtlebot4_gz_gui_plugins
[1.457s] Invoking command in '/home/lakshay/Walt/Sem7/IRob/Project/TurtleBot/build/turtlebot4_gz_gui_plugins': CMAKE_PREFIX_PATH=${CMAKE_PREFIX_PATH}:/home/lakshay/Walt/Sem7/IRob/Project/Feedback_Controller/install/fc:/opt/ros/jazzy DEBUGINFOD_URLS=https://debuginfod.ubuntu.com /usr/bin/cmake --build /home/lakshay/Walt/Sem7/IRob/Project/TurtleBot/build/turtlebot4_gz_gui_plugins -- -j16 -l16
[1.511s] [  0%] Built target Turtlebot4Hmi_autogen_timestamp_deps
[1.532s] [ 14%] [34m[1mAutomatic MOC for target Turtlebot4Hmi[0m
[2.645s] [ 14%] Built target Turtlebot4Hmi_autogen
[2.656s] [ 28%] [34m[1mGenerating qrc_Turtlebot4Hmi.cpp[0m
[2.692s] [ 71%] [32mBuilding CXX object Turtlebot4Hmi/CMakeFiles/Turtlebot4Hmi.dir/qrc_Turtlebot4Hmi.cpp.o[0m
[2.692s] [ 71%] [32mBuilding CXX object Turtlebot4Hmi/CMakeFiles/Turtlebot4Hmi.dir/Turtlebot4Hmi.cc.o[0m
[2.692s] [ 71%] [32mBuilding CXX object Turtlebot4Hmi/CMakeFiles/Turtlebot4Hmi.dir/Turtlebot4Hmi_autogen/mocs_compilation.cpp.o[0m
[8.576s] [ 85%] [32m[1mLinking CXX shared library libTurtlebot4Hmi.so[0m
[8.857s] [100%] Built target Turtlebot4Hmi
[8.869s] Invoked command in '/home/lakshay/Walt/Sem7/IRob/Project/TurtleBot/build/turtlebot4_gz_gui_plugins' returned '0': CMAKE_PREFIX_PATH=${CMAKE_PREFIX_PATH}:/home/lakshay/Walt/Sem7/IRob/Project/Feedback_Controller/install/fc:/opt/ros/jazzy DEBUGINFOD_URLS=https://debuginfod.ubuntu.com /usr/bin/cmake --build /home/lakshay/Walt/Sem7/IRob/Project/TurtleBot/build/turtlebot4_gz_gui_plugins -- -j16 -l16
[8.880s] Invoking command in '/home/lakshay/Walt/Sem7/IRob/Project/TurtleBot/build/turtlebot4_gz_gui_plugins': CMAKE_PREFIX_PATH=${CMAKE_PREFIX_PATH}:/home/lakshay/Walt/Sem7/IRob/Project/Feedback_Controller/install/fc:/opt/ros/jazzy DEBUGINFOD_URLS=https://debuginfod.ubuntu.com /usr/bin/cmake --install /home/lakshay/Walt/Sem7/IRob/Project/TurtleBot/build/turtlebot4_gz_gui_plugins
[8.889s] -- Install configuration: ""
[8.889s] -- Execute custom install script
[8.889s] -- Symlinking: /home/lakshay/Walt/Sem7/IRob/Project/TurtleBot/install/turtlebot4_gz_gui_plugins/share/turtlebot4_gz_gui_plugins/lib/libTurtlebot4Hmi.so
[8.899s] -- Symlinking: /home/lakshay/Walt/Sem7/IRob/Project/TurtleBot/install/turtlebot4_gz_gui_plugins/share/ament_index/resource_index/package_run_dependencies/turtlebot4_gz_gui_plugins
[8.909s] -- Symlinking: /home/lakshay/Walt/Sem7/IRob/Project/TurtleBot/install/turtlebot4_gz_gui_plugins/share/ament_index/resource_index/parent_prefix_path/turtlebot4_gz_gui_plugins
[8.918s] -- Symlinking: /home/lakshay/Walt/Sem7/IRob/Project/TurtleBot/install/turtlebot4_gz_gui_plugins/share/turtlebot4_gz_gui_plugins/environment/ament_prefix_path.sh
[8.930s] -- Symlinking: /home/lakshay/Walt/Sem7/IRob/Project/TurtleBot/install/turtlebot4_gz_gui_plugins/share/turtlebot4_gz_gui_plugins/environment/ament_prefix_path.dsv
[8.940s] -- Symlinking: /home/lakshay/Walt/Sem7/IRob/Project/TurtleBot/install/turtlebot4_gz_gui_plugins/share/turtlebot4_gz_gui_plugins/environment/path.sh
[8.950s] -- Symlinking: /home/lakshay/Walt/Sem7/IRob/Project/TurtleBot/install/turtlebot4_gz_gui_plugins/share/turtlebot4_gz_gui_plugins/environment/path.dsv
[8.959s] -- Symlinking: /home/lakshay/Walt/Sem7/IRob/Project/TurtleBot/install/turtlebot4_gz_gui_plugins/share/turtlebot4_gz_gui_plugins/local_setup.bash
[8.968s] -- Symlinking: /home/lakshay/Walt/Sem7/IRob/Project/TurtleBot/install/turtlebot4_gz_gui_plugins/share/turtlebot4_gz_gui_plugins/local_setup.sh
[8.977s] -- Symlinking: /home/lakshay/Walt/Sem7/IRob/Project/TurtleBot/install/turtlebot4_gz_gui_plugins/share/turtlebot4_gz_gui_plugins/local_setup.zsh
[8.987s] -- Symlinking: /home/lakshay/Walt/Sem7/IRob/Project/TurtleBot/install/turtlebot4_gz_gui_plugins/share/turtlebot4_gz_gui_plugins/local_setup.dsv
[8.995s] -- Symlinking: /home/lakshay/Walt/Sem7/IRob/Project/TurtleBot/install/turtlebot4_gz_gui_plugins/share/turtlebot4_gz_gui_plugins/package.dsv
[9.005s] -- Symlinking: /home/lakshay/Walt/Sem7/IRob/Project/TurtleBot/install/turtlebot4_gz_gui_plugins/share/ament_index/resource_index/packages/turtlebot4_gz_gui_plugins
[9.014s] -- Symlinking: /home/lakshay/Walt/Sem7/IRob/Project/TurtleBot/install/turtlebot4_gz_gui_plugins/share/turtlebot4_gz_gui_plugins/cmake/turtlebot4_gz_gui_pluginsConfig.cmake
[9.023s] -- Symlinking: /home/lakshay/Walt/Sem7/IRob/Project/TurtleBot/install/turtlebot4_gz_gui_plugins/share/turtlebot4_gz_gui_plugins/cmake/turtlebot4_gz_gui_pluginsConfig-version.cmake
[9.036s] -- Symlinking: /home/lakshay/Walt/Sem7/IRob/Project/TurtleBot/install/turtlebot4_gz_gui_plugins/share/turtlebot4_gz_gui_plugins/package.xml
[9.047s] Invoked command in '/home/lakshay/Walt/Sem7/IRob/Project/TurtleBot/build/turtlebot4_gz_gui_plugins' returned '0': CMAKE_PREFIX_PATH=${CMAKE_PREFIX_PATH}:/home/lakshay/Walt/Sem7/IRob/Project/Feedback_Controller/install/fc:/opt/ros/jazzy DEBUGINFOD_URLS=https://debuginfod.ubuntu.com /usr/bin/cmake --install /home/lakshay/Walt/Sem7/IRob/Project/TurtleBot/build/turtlebot4_gz_gui_plugins
