running egg_info
writing ../../build/fc/fc.egg-info/PKG-INFO
writing dependency_links to ../../build/fc/fc.egg-info/dependency_links.txt
writing entry points to ../../build/fc/fc.egg-info/entry_points.txt
writing requirements to ../../build/fc/fc.egg-info/requires.txt
writing top-level names to ../../build/fc/fc.egg-info/top_level.txt
reading manifest file '../../build/fc/fc.egg-info/SOURCES.txt'
writing manifest file '../../build/fc/fc.egg-info/SOURCES.txt'
running build
running build_py
copying fc/fc.py -> /home/lakshay/Walt/Sem7/IRob/Project/Feedback_Controller/build/fc/build/lib/fc
running install
running install_lib
copying /home/lakshay/Walt/Sem7/IRob/Project/Feedback_Controller/build/fc/build/lib/fc/fc.py -> /home/lakshay/Walt/Sem7/IRob/Project/Feedback_Controller/install/fc/lib/python3.12/site-packages/fc
byte-compiling /home/lakshay/Walt/Sem7/IRob/Project/Feedback_Controller/install/fc/lib/python3.12/site-packages/fc/fc.py to fc.cpython-312.pyc
running install_data
running install_egg_info
removing '/home/lakshay/Walt/Sem7/IRob/Project/Feedback_Controller/install/fc/lib/python3.12/site-packages/fc-0.0.0-py3.12.egg-info' (and everything under it)
Copying ../../build/fc/fc.egg-info to /home/lakshay/Walt/Sem7/IRob/Project/Feedback_Controller/install/fc/lib/python3.12/site-packages/fc-0.0.0-py3.12.egg-info
running install_scripts
Installing controller script to /home/lakshay/Walt/Sem7/IRob/Project/Feedback_Controller/install/fc/lib/fc
writing list of installed files to '/home/lakshay/Walt/Sem7/IRob/Project/Feedback_Controller/build/fc/install.log'
