[4.930s] Invoking command in '/home/lakshay/Walt/Sem7/IRob/Project/Feedback_Controller/src/fc': DEBUGINFOD_URLS=https://debuginfod.ubuntu.com PYTHONPATH=/home/lakshay/Walt/Sem7/IRob/Project/Feedback_Controller/build/fc/prefix_override:/usr/lib/python3/dist-packages/colcon_core/task/python/colcon_distutils_commands:/home/lakshay/Walt/Sem7/IRob/Project/Feedback_Controller/install/fc/lib/python3.12/site-packages:${PYTHONPATH} /usr/bin/python3 -W ignore:setup.py install is deprecated -W ignore:easy_install command is deprecated setup.py egg_info --egg-base ../../build/fc build --build-base /home/lakshay/Walt/Sem7/IRob/Project/Feedback_Controller/build/fc/build install --record /home/lakshay/Walt/Sem7/IRob/Project/Feedback_Controller/build/fc/install.log --single-version-externally-managed install_data
[6.476s] running egg_info
[6.611s] writing ../../build/fc/fc.egg-info/PKG-INFO
[6.612s] writing dependency_links to ../../build/fc/fc.egg-info/dependency_links.txt
[6.613s] writing entry points to ../../build/fc/fc.egg-info/entry_points.txt
[6.613s] writing requirements to ../../build/fc/fc.egg-info/requires.txt
[6.614s] writing top-level names to ../../build/fc/fc.egg-info/top_level.txt
[6.914s] reading manifest file '../../build/fc/fc.egg-info/SOURCES.txt'
[6.919s] writing manifest file '../../build/fc/fc.egg-info/SOURCES.txt'
[6.920s] running build
[6.920s] running build_py
[6.921s] copying fc/feedback.py -> /home/lakshay/Walt/Sem7/IRob/Project/Feedback_Controller/build/fc/build/lib/fc
[6.923s] running install
[6.964s] running install_lib
[7.110s] copying /home/lakshay/Walt/Sem7/IRob/Project/Feedback_Controller/build/fc/build/lib/fc/feedback.py -> /home/lakshay/Walt/Sem7/IRob/Project/Feedback_Controller/install/fc/lib/python3.12/site-packages/fc
[7.113s] byte-compiling /home/lakshay/Walt/Sem7/IRob/Project/Feedback_Controller/install/fc/lib/python3.12/site-packages/fc/feedback.py to feedback.cpython-312.pyc
[7.119s] running install_data
[7.120s] running install_egg_info
[7.251s] removing '/home/lakshay/Walt/Sem7/IRob/Project/Feedback_Controller/install/fc/lib/python3.12/site-packages/fc-0.0.0-py3.12.egg-info' (and everything under it)
[7.253s] Copying ../../build/fc/fc.egg-info to /home/lakshay/Walt/Sem7/IRob/Project/Feedback_Controller/install/fc/lib/python3.12/site-packages/fc-0.0.0-py3.12.egg-info
[7.257s] running install_scripts
[8.056s] Installing controller script to /home/lakshay/Walt/Sem7/IRob/Project/Feedback_Controller/install/fc/lib/fc
[8.058s] writing list of installed files to '/home/lakshay/Walt/Sem7/IRob/Project/Feedback_Controller/build/fc/install.log'
[8.204s] Invoked command in '/home/lakshay/Walt/Sem7/IRob/Project/Feedback_Controller/src/fc' returned '0': DEBUGINFOD_URLS=https://debuginfod.ubuntu.com PYTHONPATH=/home/lakshay/Walt/Sem7/IRob/Project/Feedback_Controller/build/fc/prefix_override:/usr/lib/python3/dist-packages/colcon_core/task/python/colcon_distutils_commands:/home/lakshay/Walt/Sem7/IRob/Project/Feedback_Controller/install/fc/lib/python3.12/site-packages:${PYTHONPATH} /usr/bin/python3 -W ignore:setup.py install is deprecated -W ignore:easy_install command is deprecated setup.py egg_info --egg-base ../../build/fc build --build-base /home/lakshay/Walt/Sem7/IRob/Project/Feedback_Controller/build/fc/build install --record /home/lakshay/Walt/Sem7/IRob/Project/Feedback_Controller/build/fc/install.log --single-version-externally-managed install_data
