[0.488s] DEBUG:colcon:Command line arguments: ['/usr/bin/colcon', 'build']
[0.488s] DEBUG:colcon:Parsed command line arguments: Namespace(log_base=None, log_level=None, verb_name='build', build_base='build', install_base='install', merge_install=False, symlink_install=False, test_result_base=None, continue_on_error=False, executor='parallel', parallel_workers=16, event_handlers=None, ignore_user_meta=False, metas=['./colcon.meta'], base_paths=['.'], packages_ignore=None, packages_ignore_regex=None, paths=None, packages_up_to=None, packages_up_to_regex=None, packages_above=None, packages_above_and_dependencies=None, packages_above_depth=None, packages_select_by_dep=None, packages_skip_by_dep=None, packages_skip_up_to=None, packages_select_build_failed=False, packages_skip_build_finished=False, packages_select_test_failures=False, packages_skip_test_passed=False, packages_select=None, packages_skip=None, packages_select_regex=None, packages_skip_regex=None, packages_start=None, packages_end=None, cmake_args=None, cmake_target=None, cmake_target_skip_unavailable=False, cmake_clean_cache=False, cmake_clean_first=False, cmake_force_configure=False, ament_cmake_args=None, catkin_cmake_args=None, catkin_skip_building_tests=False, verb_parser=<colcon_defaults.argument_parser.defaults.DefaultArgumentsDecorator object at 0x7f0d88d04350>, verb_extension=<colcon_core.verb.build.BuildVerb object at 0x7f0d88ea5cd0>, main=<bound method BuildVerb.main of <colcon_core.verb.build.BuildVerb object at 0x7f0d88ea5cd0>>)
[0.675s] Level 1:colcon.colcon_core.package_discovery:discover_packages(colcon_meta) check parameters
[0.675s] Level 1:colcon.colcon_core.package_discovery:discover_packages(recursive) check parameters
[0.675s] Level 1:colcon.colcon_core.package_discovery:discover_packages(ignore) check parameters
[0.676s] Level 1:colcon.colcon_core.package_discovery:discover_packages(path) check parameters
[0.676s] Level 1:colcon.colcon_core.package_discovery:discover_packages(colcon_meta) discover
[0.676s] Level 1:colcon.colcon_core.package_discovery:discover_packages(recursive) discover
[0.676s] INFO:colcon.colcon_core.package_discovery:Crawling recursively for packages in '/home/lakshay/Walt/Sem7/IRob/Project/Feedback_Controller'
[0.677s] Level 1:colcon.colcon_core.package_identification:_identify(.) by extensions ['ignore', 'ignore_ament_install']
[0.677s] Level 1:colcon.colcon_core.package_identification:_identify(.) by extension 'ignore'
[0.678s] Level 1:colcon.colcon_core.package_identification:_identify(.) by extension 'ignore_ament_install'
[0.678s] Level 1:colcon.colcon_core.package_identification:_identify(.) by extensions ['colcon_pkg']
[0.678s] Level 1:colcon.colcon_core.package_identification:_identify(.) by extension 'colcon_pkg'
[0.678s] Level 1:colcon.colcon_core.package_identification:_identify(.) by extensions ['colcon_meta']
[0.678s] Level 1:colcon.colcon_core.package_identification:_identify(.) by extension 'colcon_meta'
[0.679s] Level 1:colcon.colcon_core.package_identification:_identify(.) by extensions ['ros']
[0.679s] Level 1:colcon.colcon_core.package_identification:_identify(.) by extension 'ros'
[0.802s] Level 1:colcon.colcon_core.package_identification:_identify(.) by extensions ['cmake', 'python']
[0.803s] Level 1:colcon.colcon_core.package_identification:_identify(.) by extension 'cmake'
[0.803s] Level 1:colcon.colcon_core.package_identification:_identify(.) by extension 'python'
[0.804s] Level 1:colcon.colcon_core.package_identification:_identify(.) by extensions ['python_setup_py']
[0.804s] Level 1:colcon.colcon_core.package_identification:_identify(.) by extension 'python_setup_py'
[0.804s] Level 1:colcon.colcon_core.package_identification:_identify(build) by extensions ['ignore', 'ignore_ament_install']
[0.805s] Level 1:colcon.colcon_core.package_identification:_identify(build) by extension 'ignore'
[0.805s] Level 1:colcon.colcon_core.package_identification:_identify(build) ignored
[0.806s] Level 1:colcon.colcon_core.package_identification:_identify(install) by extensions ['ignore', 'ignore_ament_install']
[0.806s] Level 1:colcon.colcon_core.package_identification:_identify(install) by extension 'ignore'
[0.807s] Level 1:colcon.colcon_core.package_identification:_identify(install) ignored
[0.807s] Level 1:colcon.colcon_core.package_identification:_identify(log) by extensions ['ignore', 'ignore_ament_install']
[0.808s] Level 1:colcon.colcon_core.package_identification:_identify(log) by extension 'ignore'
[0.808s] Level 1:colcon.colcon_core.package_identification:_identify(log) ignored
[0.808s] Level 1:colcon.colcon_core.package_identification:_identify(src) by extensions ['ignore', 'ignore_ament_install']
[0.809s] Level 1:colcon.colcon_core.package_identification:_identify(src) by extension 'ignore'
[0.809s] Level 1:colcon.colcon_core.package_identification:_identify(src) by extension 'ignore_ament_install'
[0.809s] Level 1:colcon.colcon_core.package_identification:_identify(src) by extensions ['colcon_pkg']
[0.809s] Level 1:colcon.colcon_core.package_identification:_identify(src) by extension 'colcon_pkg'
[0.810s] Level 1:colcon.colcon_core.package_identification:_identify(src) by extensions ['colcon_meta']
[0.810s] Level 1:colcon.colcon_core.package_identification:_identify(src) by extension 'colcon_meta'
[0.810s] Level 1:colcon.colcon_core.package_identification:_identify(src) by extensions ['ros']
[0.810s] Level 1:colcon.colcon_core.package_identification:_identify(src) by extension 'ros'
[0.811s] Level 1:colcon.colcon_core.package_identification:_identify(src) by extensions ['cmake', 'python']
[0.811s] Level 1:colcon.colcon_core.package_identification:_identify(src) by extension 'cmake'
[0.811s] Level 1:colcon.colcon_core.package_identification:_identify(src) by extension 'python'
[0.811s] Level 1:colcon.colcon_core.package_identification:_identify(src) by extensions ['python_setup_py']
[0.811s] Level 1:colcon.colcon_core.package_identification:_identify(src) by extension 'python_setup_py'
[0.812s] Level 1:colcon.colcon_core.package_identification:_identify(src/fc) by extensions ['ignore', 'ignore_ament_install']
[0.812s] Level 1:colcon.colcon_core.package_identification:_identify(src/fc) by extension 'ignore'
[0.813s] Level 1:colcon.colcon_core.package_identification:_identify(src/fc) by extension 'ignore_ament_install'
[0.813s] Level 1:colcon.colcon_core.package_identification:_identify(src/fc) by extensions ['colcon_pkg']
[0.813s] Level 1:colcon.colcon_core.package_identification:_identify(src/fc) by extension 'colcon_pkg'
[0.813s] Level 1:colcon.colcon_core.package_identification:_identify(src/fc) by extensions ['colcon_meta']
[0.814s] Level 1:colcon.colcon_core.package_identification:_identify(src/fc) by extension 'colcon_meta'
[0.814s] Level 1:colcon.colcon_core.package_identification:_identify(src/fc) by extensions ['ros']
[0.814s] Level 1:colcon.colcon_core.package_identification:_identify(src/fc) by extension 'ros'
[0.829s] DEBUG:colcon.colcon_core.package_identification:Package 'src/fc' with type 'ros.ament_python' and name 'fc'
[0.830s] Level 1:colcon.colcon_core.package_discovery:discover_packages(recursive) using defaults
[0.830s] Level 1:colcon.colcon_core.package_discovery:discover_packages(ignore) discover
[0.830s] Level 1:colcon.colcon_core.package_discovery:discover_packages(ignore) using defaults
[0.830s] Level 1:colcon.colcon_core.package_discovery:discover_packages(path) discover
[0.830s] Level 1:colcon.colcon_core.package_discovery:discover_packages(path) using defaults
[0.910s] Level 5:colcon.colcon_core.verb:set package 'fc' build argument 'cmake_args' from command line to 'None'
[0.910s] Level 5:colcon.colcon_core.verb:set package 'fc' build argument 'cmake_target' from command line to 'None'
[0.910s] Level 5:colcon.colcon_core.verb:set package 'fc' build argument 'cmake_target_skip_unavailable' from command line to 'False'
[0.910s] Level 5:colcon.colcon_core.verb:set package 'fc' build argument 'cmake_clean_cache' from command line to 'False'
[0.911s] Level 5:colcon.colcon_core.verb:set package 'fc' build argument 'cmake_clean_first' from command line to 'False'
[0.911s] Level 5:colcon.colcon_core.verb:set package 'fc' build argument 'cmake_force_configure' from command line to 'False'
[0.911s] Level 5:colcon.colcon_core.verb:set package 'fc' build argument 'ament_cmake_args' from command line to 'None'
[0.911s] Level 5:colcon.colcon_core.verb:set package 'fc' build argument 'catkin_cmake_args' from command line to 'None'
[0.911s] Level 5:colcon.colcon_core.verb:set package 'fc' build argument 'catkin_skip_building_tests' from command line to 'False'
[0.911s] DEBUG:colcon.colcon_core.verb:Building package 'fc' with the following arguments: {'ament_cmake_args': None, 'build_base': '/home/lakshay/Walt/Sem7/IRob/Project/Feedback_Controller/build/fc', 'catkin_cmake_args': None, 'catkin_skip_building_tests': False, 'cmake_args': None, 'cmake_clean_cache': False, 'cmake_clean_first': False, 'cmake_force_configure': False, 'cmake_target': None, 'cmake_target_skip_unavailable': False, 'install_base': '/home/lakshay/Walt/Sem7/IRob/Project/Feedback_Controller/install/fc', 'merge_install': False, 'path': '/home/lakshay/Walt/Sem7/IRob/Project/Feedback_Controller/src/fc', 'symlink_install': False, 'test_result_base': None}
[0.912s] INFO:colcon.colcon_core.executor:Executing jobs using 'parallel' executor
[0.915s] DEBUG:colcon.colcon_parallel_executor.executor.parallel:run_until_complete
[0.916s] INFO:colcon.colcon_ros.task.ament_python.build:Building ROS package in '/home/lakshay/Walt/Sem7/IRob/Project/Feedback_Controller/src/fc' with build type 'ament_python'
[0.917s] Level 1:colcon.colcon_core.shell:create_environment_hook('fc', 'ament_prefix_path')
[0.926s] INFO:colcon.colcon_core.plugin_system:Skipping extension 'colcon_core.shell.bat': Not used on non-Windows systems
[0.927s] INFO:colcon.colcon_core.shell:Creating environment descriptor '/home/lakshay/Walt/Sem7/IRob/Project/Feedback_Controller/install/fc/share/fc/hook/ament_prefix_path.dsv'
[0.929s] INFO:colcon.colcon_core.shell:Creating environment hook '/home/lakshay/Walt/Sem7/IRob/Project/Feedback_Controller/install/fc/share/fc/hook/ament_prefix_path.sh'
[0.932s] DEBUG:colcon.colcon_core.shell:Skip shell extension 'dsv' for command environment
[1.677s] INFO:colcon.colcon_core.task.python.build:Building Python package in '/home/lakshay/Walt/Sem7/IRob/Project/Feedback_Controller/src/fc'
[1.678s] DEBUG:colcon.colcon_core.shell:Skip shell extension 'dsv' for command environment
[3.443s] DEBUG:colcon.colcon_core.event_handler.log_command:Invoking command in '/home/lakshay/Walt/Sem7/IRob/Project/Feedback_Controller/src/fc': DEBUGINFOD_URLS=https://debuginfod.ubuntu.com PYTHONPATH=/home/lakshay/Walt/Sem7/IRob/Project/Feedback_Controller/build/fc/prefix_override:/usr/lib/python3/dist-packages/colcon_core/task/python/colcon_distutils_commands:/home/lakshay/Walt/Sem7/IRob/Project/Feedback_Controller/install/fc/lib/python3.12/site-packages:${PYTHONPATH} /usr/bin/python3 -W ignore:setup.py install is deprecated -W ignore:easy_install command is deprecated setup.py egg_info --egg-base ../../build/fc build --build-base /home/lakshay/Walt/Sem7/IRob/Project/Feedback_Controller/build/fc/build install --record /home/lakshay/Walt/Sem7/IRob/Project/Feedback_Controller/build/fc/install.log --single-version-externally-managed install_data
[5.203s] DEBUG:colcon.colcon_core.event_handler.log_command:Invoked command in '/home/lakshay/Walt/Sem7/IRob/Project/Feedback_Controller/src/fc' returned '0': DEBUGINFOD_URLS=https://debuginfod.ubuntu.com PYTHONPATH=/home/lakshay/Walt/Sem7/IRob/Project/Feedback_Controller/build/fc/prefix_override:/usr/lib/python3/dist-packages/colcon_core/task/python/colcon_distutils_commands:/home/lakshay/Walt/Sem7/IRob/Project/Feedback_Controller/install/fc/lib/python3.12/site-packages:${PYTHONPATH} /usr/bin/python3 -W ignore:setup.py install is deprecated -W ignore:easy_install command is deprecated setup.py egg_info --egg-base ../../build/fc build --build-base /home/lakshay/Walt/Sem7/IRob/Project/Feedback_Controller/build/fc/build install --record /home/lakshay/Walt/Sem7/IRob/Project/Feedback_Controller/build/fc/install.log --single-version-externally-managed install_data
[5.208s] Level 1:colcon.colcon_core.environment:checking '/home/lakshay/Walt/Sem7/IRob/Project/Feedback_Controller/install/fc' for CMake module files
[5.209s] Level 1:colcon.colcon_core.environment:checking '/home/lakshay/Walt/Sem7/IRob/Project/Feedback_Controller/install/fc' for CMake config files
[5.211s] Level 1:colcon.colcon_core.environment:checking '/home/lakshay/Walt/Sem7/IRob/Project/Feedback_Controller/install/fc/lib'
[5.211s] Level 1:colcon.colcon_core.environment:checking '/home/lakshay/Walt/Sem7/IRob/Project/Feedback_Controller/install/fc/bin'
[5.211s] Level 1:colcon.colcon_core.environment:checking '/home/lakshay/Walt/Sem7/IRob/Project/Feedback_Controller/install/fc/lib/pkgconfig/fc.pc'
[5.212s] Level 1:colcon.colcon_core.environment:checking '/home/lakshay/Walt/Sem7/IRob/Project/Feedback_Controller/install/fc/lib/python3.12/site-packages'
[5.213s] Level 1:colcon.colcon_core.shell:create_environment_hook('fc', 'pythonpath')
[5.213s] INFO:colcon.colcon_core.shell:Creating environment descriptor '/home/lakshay/Walt/Sem7/IRob/Project/Feedback_Controller/install/fc/share/fc/hook/pythonpath.dsv'
[5.214s] INFO:colcon.colcon_core.shell:Creating environment hook '/home/lakshay/Walt/Sem7/IRob/Project/Feedback_Controller/install/fc/share/fc/hook/pythonpath.sh'
[5.215s] Level 1:colcon.colcon_core.environment:checking '/home/lakshay/Walt/Sem7/IRob/Project/Feedback_Controller/install/fc/bin'
[5.215s] Level 1:colcon.colcon_core.environment:create_environment_scripts_only(fc)
[5.216s] INFO:colcon.colcon_core.shell:Creating package descriptor '/home/lakshay/Walt/Sem7/IRob/Project/Feedback_Controller/install/fc/share/fc/package.dsv'
[5.217s] INFO:colcon.colcon_core.shell:Creating package script '/home/lakshay/Walt/Sem7/IRob/Project/Feedback_Controller/install/fc/share/fc/package.sh'
[5.219s] INFO:colcon.colcon_core.shell:Creating package script '/home/lakshay/Walt/Sem7/IRob/Project/Feedback_Controller/install/fc/share/fc/package.bash'
[5.220s] INFO:colcon.colcon_core.shell:Creating package script '/home/lakshay/Walt/Sem7/IRob/Project/Feedback_Controller/install/fc/share/fc/package.zsh'
[5.221s] Level 1:colcon.colcon_core.environment:create_file_with_runtime_dependencies(/home/lakshay/Walt/Sem7/IRob/Project/Feedback_Controller/install/fc/share/colcon-core/packages/fc)
[5.222s] DEBUG:colcon.colcon_parallel_executor.executor.parallel:closing loop
[5.223s] DEBUG:colcon.colcon_parallel_executor.executor.parallel:loop closed
[5.224s] DEBUG:colcon.colcon_parallel_executor.executor.parallel:run_until_complete finished with '0'
[5.224s] DEBUG:colcon.colcon_core.event_reactor:joining thread
[5.238s] INFO:colcon.colcon_core.plugin_system:Skipping extension 'colcon_notification.desktop_notification.terminal_notifier': Not used on non-Darwin systems
[5.239s] INFO:colcon.colcon_core.plugin_system:Skipping extension 'colcon_notification.desktop_notification.win32': Not used on non-Windows systems
[5.239s] INFO:colcon.colcon_notification.desktop_notification:Sending desktop notification using 'notify2'
[5.265s] DEBUG:colcon.colcon_core.event_reactor:joined thread
[5.267s] INFO:colcon.colcon_core.shell:Creating prefix script '/home/lakshay/Walt/Sem7/IRob/Project/Feedback_Controller/install/local_setup.sh'
[5.269s] INFO:colcon.colcon_core.shell:Creating prefix util module '/home/lakshay/Walt/Sem7/IRob/Project/Feedback_Controller/install/_local_setup_util_sh.py'
[5.272s] INFO:colcon.colcon_core.shell:Creating prefix chain script '/home/lakshay/Walt/Sem7/IRob/Project/Feedback_Controller/install/setup.sh'
[5.275s] INFO:colcon.colcon_core.shell:Creating prefix script '/home/lakshay/Walt/Sem7/IRob/Project/Feedback_Controller/install/local_setup.bash'
[5.277s] INFO:colcon.colcon_core.shell:Creating prefix chain script '/home/lakshay/Walt/Sem7/IRob/Project/Feedback_Controller/install/setup.bash'
[5.279s] INFO:colcon.colcon_core.shell:Creating prefix script '/home/lakshay/Walt/Sem7/IRob/Project/Feedback_Controller/install/local_setup.zsh'
[5.280s] INFO:colcon.colcon_core.shell:Creating prefix chain script '/home/lakshay/Walt/Sem7/IRob/Project/Feedback_Controller/install/setup.zsh'
